#
# A fatal error has been detected by the Java Runtime Environment:
#
#  EXCEPTION_ILLEGAL_INSTRUCTION (0xc000001d) at pc=0x0000012357e0cc92, pid=20824, tid=19792
#
# JRE version: Java(TM) SE Runtime Environment (11.0+28) (build 11+28)
# Java VM: Java HotSpot(TM) 64-Bit Server VM (11+28, mixed mode, tiered, compressed oops, g1 gc, windows-amd64)
# Problematic frame:
# J 8398% c2 bv.m(II)V (1254 bytes) @ 0x0000012357e0cc92 [0x0000012357e0c4c0+0x00000000000007d2]
#
# No core dump will be written. Minidumps are not enabled by default on client versions of Windows
#
# If you would like to submit a bug report, please visit:
#   http://bugreport.java.com/bugreport/crash.jsp
#

---------------  S U M M A R Y ------------

Command Line: -ea -DskipTests -javaagent:C:\Program Files\JetBrains\IntelliJ IDEA Community Edition 2018.2\lib\idea_rt.jar=58188:C:\Program Files\JetBrains\IntelliJ IDEA Community Edition 2018.2\bin -Dfile.encoding=UTF-8 net.runelite.client.RuneLite --debug --developer-mode

Host: Intel(R) Core(TM) i5-4690K CPU @ 3.50GHz, 4 cores, 15G,  Windows 10 , 64 bit Build 17134 (10.0.17134.556)
Time: Fri Mar  8 11:51:28 2019 AUS Eastern Daylight Time elapsed time: 31 seconds (0d 0h 0m 31s)

---------------  T H R E A D  ---------------

Current thread (0x000001236c24b800):  JavaThread "Thread-2" daemon [_thread_in_Java, id=19792, stack(0x000000141f2e0000,0x000000141f3e0000)]

Stack: [0x000000141f2e0000,0x000000141f3e0000],  sp=0x000000141f3deec0,  free space=1019k
Native frames: (J=compiled Java code, j=interpreted, Vv=VM code, C=native code)
C  0x0000012357e0cc92


siginfo: EXCEPTION_ILLEGAL_INSTRUCTION (0xc000001d)


Register to memory mapping:

RIP=0x0000012357e0cc92 is at entry_point+2002 in (nmethod*)0x0000012357e0c310
RAX=0x0 is NULL
RBX=0x0000000000007f7f is an unknown value
RCX=0x000000070509ff68 is an oop
[I 
{0x000000070509ff68} - klass: {type array int}
 - length: 32768
RDX=0x0 is NULL
RSP=0x000000141f3deec0 is pointing into the stack for thread: 0x000001236c24b800
RBP=0x00000000000000fd is an unknown value
RSI=0x0000000000000003 is an unknown value
RDI=0x0000000000000001 is an unknown value
R8 =0x0000000000000080 is an unknown value
R9 =0x000000000000807f is an unknown value
R10=0x0000000705222fe0 is an oop
[I 
{0x0000000705222fe0} - klass: {type array int}
 - length: 32768
R11=0xffffffffffffff81 is an unknown value
R12=0x0 is NULL
R13=0x0 is NULL
R14=0x0000000000007e00 is an unknown value
R15=0x000001236c24b800 is a thread


Registers:
RAX=0x0000000000000000, RBX=0x0000000000007f7f, RCX=0x000000070509ff68, RDX=0x0000000000000000
RSP=0x000000141f3deec0, RBP=0x00000000000000fd, RSI=0x0000000000000003, RDI=0x0000000000000001
R8 =0x0000000000000080, R9 =0x000000000000807f, R10=0x0000000705222fe0, R11=0xffffffffffffff81
R12=0x0000000000000000, R13=0x0000000000000000, R14=0x0000000000007e00, R15=0x000001236c24b800
RIP=0x0000012357e0cc92, EFLAGS=0x0000000000010286

Top of Stack: (sp=0x000000141f3deec0)
0x000000141f3deec0:   0000012301ce6da0 0000000700000000
0x000000141f3deed0:   000001237ad54a98 0000000000000000
0x000000141f3deee0:   0000800000008000 0000010000000080
0x000000141f3deef0:   0000000000000001 0000000000008000
0x000000141f3def00:   0000000000008000 0000000000000001
0x000000141f3def10:   ffffff8100000081 deaddeaf00000001
0x000000141f3def20:   0000000000000000 0000000000000000
0x000000141f3def30:   000000141f3defa0 0000012350169e67
0x000000141f3def40:   deaddeafe984ef58 0000000000000000
0x000000141f3def50:   0000000000000001 000000141f3def58
0x000000141f3def60:   000001230014e52b 000000141f3df070
0x000000141f3def70:   000001230074bb80 000001236e365bd0
0x000000141f3def80:   00000007050e0678 000001230014f008
0x000000141f3def90:   000000141f3def48 000000141f3df050
0x000000141f3defa0:   000000141f3df0c0 0000012350169e67
0x000000141f3defb0:   0000000000000000 0000000000000000 

Instructions: (pc=0x0000012357e0cc92)
0x0000012357e0cc72:   24 2c 48 8b 44 24 f8 89 7c 24 34 44 89 5c 24 38
0x0000012357e0cc82:   c5 fa 11 4c 24 3c 66 66 90 e8 70 c4 37 f8 0f 0b
0x0000012357e0cc92:   0f 0b 0f 0b 44 8b 54 24 20 eb 05 44 8b 54 24 20
0x0000012357e0cca2:   ba be ff ff ff 44 89 54 24 20 48 89 44 24 f8 8b 




---------------  P R O C E S S  ---------------

Threads class SMR info:
_java_thread_list=0x0000012300c08f50, length=43, elements={
0x000001236ad52800, 0x000001236b604800, 0x000001236b65d800, 0x000001236ad5e000,
0x000001236b60a800, 0x000001236b6b2800, 0x000001236b6c2000, 0x000001236b7c6000,
0x000001236b8ef800, 0x000001236bc00000, 0x000001236c8e3800, 0x000001236cab0800,
0x000001236c95f800, 0x000001236d390000, 0x000001236ccac000, 0x000001236cc9e000,
0x000001236bf8a800, 0x000001236c9bb800, 0x000001236c248000, 0x000001236c249800,
0x000001236c249000, 0x000001236c24b800, 0x000001236c24c000, 0x000001236c24d000,
0x000001236c247000, 0x000001236c24e000, 0x000001237148a800, 0x0000012371489000,
0x000001237148a000, 0x000001237148c800, 0x000001237148d000, 0x000001237148b800,
0x0000012371491800, 0x0000012371493000, 0x0000012371493800, 0x000001237148f800,
0x000001237148e000, 0x000001237148f000, 0x0000012371495800, 0x0000012371494800,
0x0000012371496000, 0x000001236c24a800, 0x00000123014c0000
}

Java Threads: ( => current thread )
  0x000001236ad52800 JavaThread "Reference Handler" daemon [_thread_blocked, id=5084, stack(0x000000141d400000,0x000000141d500000)]
  0x000001236b604800 JavaThread "Finalizer" daemon [_thread_blocked, id=20644, stack(0x000000141d500000,0x000000141d600000)]
  0x000001236b65d800 JavaThread "Signal Dispatcher" daemon [_thread_blocked, id=16988, stack(0x000000141d600000,0x000000141d700000)]
  0x000001236ad5e000 JavaThread "Attach Listener" daemon [_thread_blocked, id=18308, stack(0x000000141d700000,0x000000141d800000)]
  0x000001236b60a800 JavaThread "C2 CompilerThread0" daemon [_thread_blocked, id=10852, stack(0x000000141d800000,0x000000141d900000)]
  0x000001236b6b2800 JavaThread "C1 CompilerThread0" daemon [_thread_blocked, id=3060, stack(0x000000141d900000,0x000000141da00000)]
  0x000001236b6c2000 JavaThread "Sweeper thread" daemon [_thread_blocked, id=14512, stack(0x000000141da00000,0x000000141db00000)]
  0x000001236b7c6000 JavaThread "Common-Cleaner" daemon [_thread_blocked, id=20580, stack(0x000000141db00000,0x000000141dc00000)]
  0x000001236b8ef800 JavaThread "Monitor Ctrl-Break" daemon [_thread_in_native, id=15988, stack(0x000000141dc00000,0x000000141dd00000)]
  0x000001236bc00000 JavaThread "Service Thread" daemon [_thread_blocked, id=10252, stack(0x000000141dd00000,0x000000141de00000)]
  0x000001236c8e3800 JavaThread "pool-2-thread-1" [_thread_blocked, id=16564, stack(0x000000141e200000,0x000000141e300000)]
  0x000001236cab0800 JavaThread "OkHttp ConnectionPool" daemon [_thread_blocked, id=16240, stack(0x000000141e400000,0x000000141e500000)]
  0x000001236c95f800 JavaThread "Okio Watchdog" daemon [_thread_blocked, id=10204, stack(0x000000141e500000,0x000000141e600000)]
  0x000001236d390000 JavaThread "pool-3-thread-1" [_thread_blocked, id=19492, stack(0x000000141e600000,0x000000141e700000)]
  0x000001236ccac000 JavaThread "Java2D Disposer" daemon [_thread_blocked, id=13684, stack(0x000000141e700000,0x000000141e800000)]
  0x000001236cc9e000 JavaThread "AWT-Windows" daemon [_thread_in_native, id=17484, stack(0x000000141e900000,0x000000141ea00000)]
  0x000001236bf8a800 JavaThread "OkHttp api.runelite.net" [_thread_in_native, id=20908, stack(0x000000141ea00000,0x000000141eb00000)]
  0x000001236c9bb800 JavaThread "OkHttp Http2Connection" daemon [_thread_blocked, id=12528, stack(0x000000141eb00000,0x000000141ec00000)]
  0x000001236c248000 JavaThread "AWT-Shutdown" [_thread_blocked, id=5344, stack(0x000000141e800000,0x000000141e900000)]
  0x000001236c249800 JavaThread "AWT-EventQueue-0" [_thread_blocked, id=20728, stack(0x000000141ec00000,0x000000141ed00000)]
  0x000001236c249000 JavaThread "Thread-1" daemon [_thread_blocked, id=18840, stack(0x000000141f1e0000,0x000000141f2e0000)]
=>0x000001236c24b800 JavaThread "Thread-2" daemon [_thread_in_Java, id=19792, stack(0x000000141f2e0000,0x000000141f3e0000)]
  0x000001236c24c000 JavaThread "Thread-3" daemon [_thread_blocked, id=5964, stack(0x000000141efe0000,0x000000141f0e0000)]
  0x000001236c24d000 JavaThread "D3D Screen Updater" daemon [_thread_blocked, id=9520, stack(0x000000141f4e0000,0x000000141f5e0000)]
  0x000001236c247000 JavaThread "Thread-4" daemon [_thread_in_native, id=12228, stack(0x000000141f630000,0x000000141f730000)]
  0x000001236c24e000 JavaThread "Thread-5" daemon [_thread_blocked, id=14304, stack(0x000000141f730000,0x000000141f830000)]
  0x000001237148a800 JavaThread "TimerQueue" daemon [_thread_blocked, id=3808, stack(0x000000141f830000,0x000000141f930000)]
  0x0000012371489000 JavaThread "Thread-6" daemon [_thread_blocked, id=16516, stack(0x000000141fd30000,0x000000141fe30000)]
  0x000001237148a000 JavaThread "Java Sound Event Dispatcher" daemon [_thread_blocked, id=21456, stack(0x000000141ff30000,0x0000001420030000)]
  0x000001237148c800 JavaThread "pool-4-thread-1" [_thread_blocked, id=11484, stack(0x0000001420230000,0x0000001420330000)]
  0x000001237148d000 JavaThread "OkHttp Dispatcher" [_thread_blocked, id=13392, stack(0x0000001420330000,0x0000001420430000)]
  0x000001237148b800 JavaThread "OkHttp Dispatcher" [_thread_blocked, id=744, stack(0x0000001420430000,0x0000001420530000)]
  0x0000012371491800 JavaThread "OkHttp Dispatcher" [_thread_blocked, id=20156, stack(0x0000001420530000,0x0000001420630000)]
  0x0000012371493000 JavaThread "OkHttp Dispatcher" [_thread_blocked, id=13576, stack(0x0000001420630000,0x0000001420730000)]
  0x0000012371493800 JavaThread "OkHttp Dispatcher" [_thread_blocked, id=17856, stack(0x0000001420730000,0x0000001420830000)]
  0x000001237148f800 JavaThread "OkHttp pbs.twimg.com" [_thread_in_native, id=13688, stack(0x0000001420830000,0x0000001420930000)]
  0x000001237148e000 JavaThread "OkHttp Http2Connection" daemon [_thread_blocked, id=3880, stack(0x0000001420d30000,0x0000001420e30000)]
  0x000001237148f000 JavaThread "OkHttp Dispatcher" [_thread_blocked, id=20632, stack(0x0000001420a30000,0x0000001420b30000)]
  0x0000012371495800 JavaThread "pool-5-thread-1" [_thread_in_native, id=21484, stack(0x0000001420b30000,0x0000001420c30000)]
  0x0000012371494800 JavaThread "DestroyJavaVM" [_thread_blocked, id=18424, stack(0x000000141cd00000,0x000000141ce00000)]
  0x0000012371496000 JavaThread "Thread-2-SharedResourceRunner" daemon [_thread_blocked, id=2464, stack(0x0000001420c30000,0x0000001420d30000)]
  0x000001236c24a800 JavaThread "Thread-14" daemon [_thread_blocked, id=15340, stack(0x0000001421230000,0x0000001421330000)]
  0x00000123014c0000 JavaThread "C2 CompilerThread1" daemon [_thread_blocked, id=17448, stack(0x0000001421330000,0x0000001421430000)]

Other Threads:
  0x000001236ad4d800 VMThread "VM Thread" [stack: 0x000000141d300000,0x000000141d400000] [id=14264]
  0x000001236bc01800 WatcherThread [stack: 0x000000141de00000,0x000000141df00000] [id=6064]
  0x0000012347e6d000 GCTaskThread "GC Thread#0" [stack: 0x000000141ce00000,0x000000141cf00000] [id=20168]
  0x000001236c79a800 GCTaskThread "GC Thread#1" [stack: 0x000000141df00000,0x000000141e000000] [id=21472]
  0x000001236c159800 GCTaskThread "GC Thread#2" [stack: 0x000000141e000000,0x000000141e100000] [id=19624]
  0x000001236c15a000 GCTaskThread "GC Thread#3" [stack: 0x000000141e100000,0x000000141e200000] [id=18808]
  0x0000012347ecc800 ConcurrentGCThread "G1 Main Marker" [stack: 0x000000141cf00000,0x000000141d000000] [id=18292]
  0x0000012347ece000 ConcurrentGCThread "G1 Conc#0" [stack: 0x000000141d000000,0x000000141d100000] [id=10936]
  0x000001236ac2d000 ConcurrentGCThread "G1 Refine#0" [stack: 0x000000141d100000,0x000000141d200000] [id=17112]
  0x000001236ac2e000 ConcurrentGCThread "G1 Young RemSet Sampling" [stack: 0x000000141d200000,0x000000141d300000] [id=5828]

Threads with active compile tasks:

VM state:not at safepoint (normal execution)

VM Mutex/Monitor currently owned by a thread: None

Heap address: 0x0000000702000000, size: 4064 MB, Compressed Oops mode: Zero based, Oop shift amount: 3
Narrow klass base: 0x0000000800000000, Narrow klass shift: 0
Compressed class space size: 1073741824 Address: 0x0000000800000000

Heap:
 garbage-first heap   total 260096K, used 102353K [0x0000000702000000, 0x0000000800000000)
  region size 1024K, 36 young (36864K), 2 survivors (2048K)
 Metaspace       used 66695K, capacity 68641K, committed 68784K, reserved 1110016K
  class space    used 7332K, capacity 8123K, committed 8192K, reserved 1048576K
Heap Regions: E=young(eden), S=young(survivor), O=old, HS=humongous(starts), HC=humongous(continues), CS=collection set, F=free, A=archive, TAMS=top-at-mark-start (previous, next)
|   0|0x0000000702000000, 0x0000000702100000, 0x0000000702100000|100%| O|  |TAMS 0x0000000702100000, 0x0000000702000000| Untracked 
|   1|0x0000000702100000, 0x0000000702200000, 0x0000000702200000|100%| O|  |TAMS 0x0000000702200000, 0x0000000702100000| Untracked 
|   2|0x0000000702200000, 0x0000000702300000, 0x0000000702300000|100%| O|  |TAMS 0x0000000702300000, 0x0000000702200000| Untracked 
|   3|0x0000000702300000, 0x0000000702400000, 0x0000000702400000|100%| O|  |TAMS 0x0000000702400000, 0x0000000702300000| Untracked 
|   4|0x0000000702400000, 0x0000000702500000, 0x0000000702500000|100%|HS|  |TAMS 0x0000000702400000, 0x0000000702400000| Complete 
|   5|0x0000000702500000, 0x0000000702600000, 0x0000000702600000|100%|HS|  |TAMS 0x0000000702600000, 0x0000000702500000| Complete 
|   6|0x0000000702600000, 0x0000000702700000, 0x0000000702700000|100%|HS|  |TAMS 0x0000000702700000, 0x0000000702600000| Complete 
|   7|0x0000000702700000, 0x0000000702800000, 0x0000000702800000|100%|HC|  |TAMS 0x0000000702800000, 0x0000000702700000| Complete 
|   8|0x0000000702800000, 0x0000000702900000, 0x0000000702900000|100%|HS|  |TAMS 0x0000000702900000, 0x0000000702800000| Complete 
|   9|0x0000000702900000, 0x0000000702a00000, 0x0000000702a00000|100%| O|  |TAMS 0x0000000702a00000, 0x0000000702900000| Untracked 
|  10|0x0000000702a00000, 0x0000000702b00000, 0x0000000702b00000|100%| O|  |TAMS 0x0000000702b00000, 0x0000000702a00000| Untracked 
|  11|0x0000000702b00000, 0x0000000702c00000, 0x0000000702c00000|100%| O|  |TAMS 0x0000000702c00000, 0x0000000702b00000| Untracked 
|  12|0x0000000702c00000, 0x0000000702d00000, 0x0000000702d00000|100%|HS|  |TAMS 0x0000000702d00000, 0x0000000702c00000| Complete 
|  13|0x0000000702d00000, 0x0000000702e00000, 0x0000000702e00000|100%|HC|  |TAMS 0x0000000702e00000, 0x0000000702d00000| Complete 
|  14|0x0000000702e00000, 0x0000000702f00000, 0x0000000702f00000|100%|HS|  |TAMS 0x0000000702f00000, 0x0000000702e00000| Complete 
|  15|0x0000000702f00000, 0x0000000703000000, 0x0000000703000000|100%|HC|  |TAMS 0x0000000703000000, 0x0000000702f00000| Complete 
|  16|0x0000000703000000, 0x0000000703100000, 0x0000000703100000|100%| O|  |TAMS 0x0000000703100000, 0x0000000703000000| Untracked 
|  17|0x0000000703100000, 0x0000000703200000, 0x0000000703200000|100%| O|  |TAMS 0x0000000703200000, 0x0000000703100000| Untracked 
|  18|0x0000000703200000, 0x0000000703300000, 0x0000000703300000|100%| O|  |TAMS 0x0000000703300000, 0x0000000703200000| Untracked 
|  19|0x0000000703300000, 0x0000000703400000, 0x0000000703400000|100%| O|  |TAMS 0x0000000703400000, 0x0000000703300000| Untracked 
|  20|0x0000000703400000, 0x0000000703500000, 0x0000000703500000|100%| O|  |TAMS 0x0000000703500000, 0x0000000703400000| Untracked 
|  21|0x0000000703500000, 0x0000000703600000, 0x0000000703600000|100%| O|  |TAMS 0x0000000703600000, 0x0000000703500000| Untracked 
|  22|0x0000000703600000, 0x0000000703700000, 0x0000000703700000|100%| O|  |TAMS 0x0000000703700000, 0x0000000703600000| Untracked 
|  23|0x0000000703700000, 0x0000000703800000, 0x0000000703800000|100%| O|  |TAMS 0x0000000703800000, 0x0000000703700000| Untracked 
|  24|0x0000000703800000, 0x0000000703900000, 0x0000000703900000|100%| O|  |TAMS 0x0000000703900000, 0x0000000703800000| Untracked 
|  25|0x0000000703900000, 0x0000000703a00000, 0x0000000703a00000|100%| O|  |TAMS 0x0000000703a00000, 0x0000000703900000| Untracked 
|  26|0x0000000703a00000, 0x0000000703b00000, 0x0000000703b00000|100%| O|  |TAMS 0x0000000703b00000, 0x0000000703a00000| Untracked 
|  27|0x0000000703b00000, 0x0000000703c00000, 0x0000000703c00000|100%| O|  |TAMS 0x0000000703c00000, 0x0000000703b00000| Untracked 
|  28|0x0000000703c00000, 0x0000000703d00000, 0x0000000703d00000|100%| O|  |TAMS 0x0000000703d00000, 0x0000000703c00000| Untracked 
|  29|0x0000000703d00000, 0x0000000703e00000, 0x0000000703e00000|100%| O|  |TAMS 0x0000000703e00000, 0x0000000703d00000| Untracked 
|  30|0x0000000703e00000, 0x0000000703f00000, 0x0000000703f00000|100%| O|  |TAMS 0x0000000703f00000, 0x0000000703e00000| Untracked 
|  31|0x0000000703f00000, 0x0000000704000000, 0x0000000704000000|100%| O|  |TAMS 0x0000000704000000, 0x0000000703f00000| Untracked 
|  32|0x0000000704000000, 0x0000000704100000, 0x0000000704100000|100%| O|  |TAMS 0x0000000704100000, 0x0000000704000000| Untracked 
|  33|0x0000000704100000, 0x0000000704200000, 0x0000000704200000|100%| O|  |TAMS 0x0000000704200000, 0x0000000704100000| Untracked 
|  34|0x0000000704200000, 0x0000000704300000, 0x0000000704300000|100%| O|  |TAMS 0x0000000704300000, 0x0000000704200000| Untracked 
|  35|0x0000000704300000, 0x0000000704400000, 0x0000000704400000|100%| O|  |TAMS 0x0000000704400000, 0x0000000704300000| Untracked 
|  36|0x0000000704400000, 0x0000000704500000, 0x0000000704500000|100%| O|  |TAMS 0x0000000704500000, 0x0000000704400000| Untracked 
|  37|0x0000000704500000, 0x0000000704600000, 0x0000000704600000|100%| O|  |TAMS 0x0000000704600000, 0x0000000704500000| Untracked 
|  38|0x0000000704600000, 0x0000000704700000, 0x0000000704700000|100%| O|  |TAMS 0x0000000704700000, 0x0000000704600000| Untracked 
|  39|0x0000000704700000, 0x0000000704800000, 0x0000000704800000|100%| O|  |TAMS 0x0000000704800000, 0x0000000704700000| Untracked 
|  40|0x0000000704800000, 0x0000000704900000, 0x0000000704900000|100%| O|  |TAMS 0x0000000704900000, 0x0000000704800000| Untracked 
|  41|0x0000000704900000, 0x0000000704a00000, 0x0000000704a00000|100%| O|  |TAMS 0x0000000704a00000, 0x0000000704900000| Untracked 
|  42|0x0000000704a00000, 0x0000000704b00000, 0x0000000704b00000|100%| O|  |TAMS 0x0000000704b00000, 0x0000000704a00000| Untracked 
|  43|0x0000000704b00000, 0x0000000704c00000, 0x0000000704c00000|100%| O|  |TAMS 0x0000000704c00000, 0x0000000704b00000| Untracked 
|  44|0x0000000704c00000, 0x0000000704d00000, 0x0000000704d00000|100%| O|  |TAMS 0x0000000704d00000, 0x0000000704c00000| Untracked 
|  45|0x0000000704d00000, 0x0000000704e00000, 0x0000000704e00000|100%|HS|  |TAMS 0x0000000704e00000, 0x0000000704d00000| Complete 
|  46|0x0000000704e00000, 0x0000000704f00000, 0x0000000704f00000|100%| O|  |TAMS 0x0000000704f00000, 0x0000000704e00000| Untracked 
|  47|0x0000000704f00000, 0x0000000705000000, 0x0000000705000000|100%| O|  |TAMS 0x0000000705000000, 0x0000000704f00000| Untracked 
|  48|0x0000000705000000, 0x0000000705100000, 0x0000000705100000|100%| O|  |TAMS 0x0000000705100000, 0x0000000705000000| Untracked 
|  49|0x0000000705100000, 0x0000000705200000, 0x0000000705200000|100%| O|  |TAMS 0x0000000705200000, 0x0000000705100000| Untracked 
|  50|0x0000000705200000, 0x0000000705300000, 0x0000000705300000|100%| O|  |TAMS 0x0000000705300000, 0x0000000705200000| Untracked 
|  51|0x0000000705300000, 0x0000000705400000, 0x0000000705400000|100%| O|  |TAMS 0x0000000705400000, 0x0000000705300000| Untracked 
|  52|0x0000000705400000, 0x0000000705500000, 0x0000000705500000|100%| O|  |TAMS 0x0000000705500000, 0x0000000705400000| Untracked 
|  53|0x0000000705500000, 0x0000000705600000, 0x0000000705600000|100%| O|  |TAMS 0x0000000705600000, 0x0000000705500000| Untracked 
|  54|0x0000000705600000, 0x0000000705700000, 0x0000000705700000|100%| O|  |TAMS 0x0000000705700000, 0x0000000705600000| Untracked 
|  55|0x0000000705700000, 0x0000000705800000, 0x0000000705800000|100%| O|  |TAMS 0x0000000705800000, 0x0000000705700000| Untracked 
|  56|0x0000000705800000, 0x0000000705900000, 0x0000000705900000|100%| O|  |TAMS 0x0000000705900000, 0x0000000705800000| Untracked 
|  57|0x0000000705900000, 0x0000000705a00000, 0x0000000705a00000|100%| O|  |TAMS 0x0000000705a00000, 0x0000000705900000| Untracked 
|  58|0x0000000705a00000, 0x0000000705b00000, 0x0000000705b00000|100%| O|  |TAMS 0x0000000705b00000, 0x0000000705a00000| Untracked 
|  59|0x0000000705b00000, 0x0000000705bf4600, 0x0000000705c00000| 95%| O|  |TAMS 0x0000000705bf4600, 0x0000000705b00000| Untracked 
|  60|0x0000000705c00000, 0x0000000705d00000, 0x0000000705d00000|100%|HS|  |TAMS 0x0000000705c00000, 0x0000000705c00000| Complete 
|  61|0x0000000705d00000, 0x0000000705e00000, 0x0000000705e00000|100%|HC|  |TAMS 0x0000000705d00000, 0x0000000705d00000| Complete 
|  62|0x0000000705e00000, 0x0000000705e00000, 0x0000000705f00000|  0%| F|  |TAMS 0x0000000705e00000, 0x0000000705e00000| Untracked 
|  63|0x0000000705f00000, 0x0000000705f00000, 0x0000000706000000|  0%| F|  |TAMS 0x0000000705f00000, 0x0000000705f00000| Untracked 
|  64|0x0000000706000000, 0x0000000706000000, 0x0000000706100000|  0%| F|  |TAMS 0x0000000706000000, 0x0000000706000000| Untracked 
|  65|0x0000000706100000, 0x0000000706100000, 0x0000000706200000|  0%| F|  |TAMS 0x0000000706100000, 0x0000000706100000| Untracked 
|  66|0x0000000706200000, 0x0000000706200000, 0x0000000706300000|  0%| F|  |TAMS 0x0000000706200000, 0x0000000706200000| Untracked 
|  67|0x0000000706300000, 0x0000000706300000, 0x0000000706400000|  0%| F|  |TAMS 0x0000000706300000, 0x0000000706300000| Untracked 
|  68|0x0000000706400000, 0x0000000706400000, 0x0000000706500000|  0%| F|  |TAMS 0x0000000706400000, 0x0000000706400000| Untracked 
|  69|0x0000000706500000, 0x0000000706500000, 0x0000000706600000|  0%| F|  |TAMS 0x0000000706500000, 0x0000000706500000| Untracked 
|  70|0x0000000706600000, 0x0000000706600000, 0x0000000706700000|  0%| F|  |TAMS 0x0000000706600000, 0x0000000706600000| Untracked 
|  71|0x0000000706700000, 0x0000000706700000, 0x0000000706800000|  0%| F|  |TAMS 0x0000000706700000, 0x0000000706700000| Untracked 
|  72|0x0000000706800000, 0x0000000706800000, 0x0000000706900000|  0%| F|  |TAMS 0x0000000706800000, 0x0000000706800000| Untracked 
|  73|0x0000000706900000, 0x0000000706900000, 0x0000000706a00000|  0%| F|  |TAMS 0x0000000706900000, 0x0000000706900000| Untracked 
|  74|0x0000000706a00000, 0x0000000706a00000, 0x0000000706b00000|  0%| F|  |TAMS 0x0000000706a00000, 0x0000000706a00000| Untracked 
|  75|0x0000000706b00000, 0x0000000706b00000, 0x0000000706c00000|  0%| F|  |TAMS 0x0000000706b00000, 0x0000000706b00000| Untracked 
|  76|0x0000000706c00000, 0x0000000706c00000, 0x0000000706d00000|  0%| F|  |TAMS 0x0000000706c00000, 0x0000000706c00000| Untracked 
|  77|0x0000000706d00000, 0x0000000706d00000, 0x0000000706e00000|  0%| F|  |TAMS 0x0000000706d00000, 0x0000000706d00000| Untracked 
|  78|0x0000000706e00000, 0x0000000706e00000, 0x0000000706f00000|  0%| F|  |TAMS 0x0000000706e00000, 0x0000000706e00000| Untracked 
|  79|0x0000000706f00000, 0x0000000706f00000, 0x0000000707000000|  0%| F|  |TAMS 0x0000000706f00000, 0x0000000706f00000| Untracked 
|  80|0x0000000707000000, 0x0000000707000000, 0x0000000707100000|  0%| F|  |TAMS 0x0000000707000000, 0x0000000707000000| Untracked 
|  81|0x0000000707100000, 0x0000000707100000, 0x0000000707200000|  0%| F|  |TAMS 0x0000000707100000, 0x0000000707100000| Untracked 
|  82|0x0000000707200000, 0x0000000707200000, 0x0000000707300000|  0%| F|  |TAMS 0x0000000707200000, 0x0000000707200000| Untracked 
|  83|0x0000000707300000, 0x0000000707300000, 0x0000000707400000|  0%| F|  |TAMS 0x0000000707300000, 0x0000000707300000| Untracked 
|  84|0x0000000707400000, 0x0000000707400000, 0x0000000707500000|  0%| F|  |TAMS 0x0000000707400000, 0x0000000707400000| Untracked 
|  85|0x0000000707500000, 0x0000000707500000, 0x0000000707600000|  0%| F|  |TAMS 0x0000000707500000, 0x0000000707500000| Untracked 
|  86|0x0000000707600000, 0x0000000707600000, 0x0000000707700000|  0%| F|  |TAMS 0x0000000707600000, 0x0000000707600000| Untracked 
|  87|0x0000000707700000, 0x0000000707700000, 0x0000000707800000|  0%| F|  |TAMS 0x0000000707700000, 0x0000000707700000| Untracked 
|  88|0x0000000707800000, 0x0000000707800000, 0x0000000707900000|  0%| F|  |TAMS 0x0000000707800000, 0x0000000707800000| Untracked 
|  89|0x0000000707900000, 0x0000000707900000, 0x0000000707a00000|  0%| F|  |TAMS 0x0000000707900000, 0x0000000707900000| Untracked 
|  90|0x0000000707a00000, 0x0000000707a00000, 0x0000000707b00000|  0%| F|  |TAMS 0x0000000707a00000, 0x0000000707a00000| Untracked 
|  91|0x0000000707b00000, 0x0000000707b00000, 0x0000000707c00000|  0%| F|  |TAMS 0x0000000707b00000, 0x0000000707b00000| Untracked 
|  92|0x0000000707c00000, 0x0000000707c00000, 0x0000000707d00000|  0%| F|  |TAMS 0x0000000707c00000, 0x0000000707c00000| Untracked 
|  93|0x0000000707d00000, 0x0000000707d00000, 0x0000000707e00000|  0%| F|  |TAMS 0x0000000707d00000, 0x0000000707d00000| Untracked 
|  94|0x0000000707e00000, 0x0000000707e00000, 0x0000000707f00000|  0%| F|  |TAMS 0x0000000707e00000, 0x0000000707e00000| Untracked 
|  95|0x0000000707f00000, 0x0000000707f00000, 0x0000000708000000|  0%| F|  |TAMS 0x0000000707f00000, 0x0000000707f00000| Untracked 
|  96|0x0000000708000000, 0x0000000708000000, 0x0000000708100000|  0%| F|  |TAMS 0x0000000708000000, 0x0000000708000000| Untracked 
|  97|0x0000000708100000, 0x0000000708100000, 0x0000000708200000|  0%| F|  |TAMS 0x0000000708100000, 0x0000000708100000| Untracked 
|  98|0x0000000708200000, 0x0000000708200000, 0x0000000708300000|  0%| F|  |TAMS 0x0000000708200000, 0x0000000708200000| Untracked 
|  99|0x0000000708300000, 0x0000000708300000, 0x0000000708400000|  0%| F|  |TAMS 0x0000000708300000, 0x0000000708300000| Untracked 
| 100|0x0000000708400000, 0x0000000708400000, 0x0000000708500000|  0%| F|  |TAMS 0x0000000708400000, 0x0000000708400000| Untracked 
| 101|0x0000000708500000, 0x0000000708500000, 0x0000000708600000|  0%| F|  |TAMS 0x0000000708500000, 0x0000000708500000| Untracked 
| 102|0x0000000708600000, 0x0000000708600000, 0x0000000708700000|  0%| F|  |TAMS 0x0000000708600000, 0x0000000708600000| Untracked 
| 103|0x0000000708700000, 0x0000000708700000, 0x0000000708800000|  0%| F|  |TAMS 0x0000000708700000, 0x0000000708700000| Untracked 
| 104|0x0000000708800000, 0x0000000708800000, 0x0000000708900000|  0%| F|  |TAMS 0x0000000708800000, 0x0000000708800000| Untracked 
| 105|0x0000000708900000, 0x0000000708900000, 0x0000000708a00000|  0%| F|  |TAMS 0x0000000708900000, 0x0000000708900000| Untracked 
| 106|0x0000000708a00000, 0x0000000708a00000, 0x0000000708b00000|  0%| F|  |TAMS 0x0000000708a00000, 0x0000000708a00000| Untracked 
| 107|0x0000000708b00000, 0x0000000708b00000, 0x0000000708c00000|  0%| F|  |TAMS 0x0000000708b00000, 0x0000000708b00000| Untracked 
| 108|0x0000000708c00000, 0x0000000708c00000, 0x0000000708d00000|  0%| F|  |TAMS 0x0000000708c00000, 0x0000000708c00000| Untracked 
| 109|0x0000000708d00000, 0x0000000708d00000, 0x0000000708e00000|  0%| F|  |TAMS 0x0000000708d00000, 0x0000000708d00000| Untracked 
| 110|0x0000000708e00000, 0x0000000708e00000, 0x0000000708f00000|  0%| F|  |TAMS 0x0000000708e00000, 0x0000000708e00000| Untracked 
| 111|0x0000000708f00000, 0x0000000708f00000, 0x0000000709000000|  0%| F|  |TAMS 0x0000000708f00000, 0x0000000708f00000| Untracked 
| 112|0x0000000709000000, 0x0000000709100000, 0x0000000709100000|100%| O|  |TAMS 0x0000000709100000, 0x0000000709000000| Untracked 
| 113|0x0000000709100000, 0x0000000709200000, 0x0000000709200000|100%| O|  |TAMS 0x0000000709200000, 0x0000000709100000| Untracked 
| 114|0x0000000709200000, 0x0000000709300000, 0x0000000709300000|100%| O|  |TAMS 0x0000000709300000, 0x0000000709200000| Untracked 
| 115|0x0000000709300000, 0x0000000709400000, 0x0000000709400000|100%| O|  |TAMS 0x0000000709400000, 0x0000000709300000| Untracked 
| 116|0x0000000709400000, 0x0000000709400000, 0x0000000709500000|  0%| F|  |TAMS 0x0000000709400000, 0x0000000709400000| Untracked 
| 117|0x0000000709500000, 0x0000000709500000, 0x0000000709600000|  0%| F|  |TAMS 0x0000000709500000, 0x0000000709500000| Untracked 
| 118|0x0000000709600000, 0x0000000709600000, 0x0000000709700000|  0%| F|  |TAMS 0x0000000709600000, 0x0000000709600000| Untracked 
| 119|0x0000000709700000, 0x0000000709700000, 0x0000000709800000|  0%| F|  |TAMS 0x0000000709700000, 0x0000000709700000| Untracked 
| 120|0x0000000709800000, 0x0000000709800000, 0x0000000709900000|  0%| F|  |TAMS 0x0000000709800000, 0x0000000709800000| Untracked 
| 121|0x0000000709900000, 0x0000000709900000, 0x0000000709a00000|  0%| F|  |TAMS 0x0000000709900000, 0x0000000709900000| Untracked 
| 122|0x0000000709a00000, 0x0000000709a00000, 0x0000000709b00000|  0%| F|  |TAMS 0x0000000709a00000, 0x0000000709a00000| Untracked 
| 123|0x0000000709b00000, 0x0000000709b00000, 0x0000000709c00000|  0%| F|  |TAMS 0x0000000709b00000, 0x0000000709b00000| Untracked 
| 124|0x0000000709c00000, 0x0000000709c00000, 0x0000000709d00000|  0%| F|  |TAMS 0x0000000709c00000, 0x0000000709c00000| Untracked 
| 125|0x0000000709d00000, 0x0000000709d00000, 0x0000000709e00000|  0%| F|  |TAMS 0x0000000709d00000, 0x0000000709d00000| Untracked 
| 126|0x0000000709e00000, 0x0000000709e00000, 0x0000000709f00000|  0%| F|  |TAMS 0x0000000709e00000, 0x0000000709e00000| Untracked 
| 127|0x0000000709f00000, 0x0000000709f00000, 0x000000070a000000|  0%| F|  |TAMS 0x0000000709f00000, 0x0000000709f00000| Untracked 
| 128|0x000000070a000000, 0x000000070a000000, 0x000000070a100000|  0%| F|  |TAMS 0x000000070a000000, 0x000000070a000000| Untracked 
| 129|0x000000070a100000, 0x000000070a100000, 0x000000070a200000|  0%| F|  |TAMS 0x000000070a100000, 0x000000070a100000| Untracked 
| 130|0x000000070a200000, 0x000000070a200000, 0x000000070a300000|  0%| F|  |TAMS 0x000000070a200000, 0x000000070a200000| Untracked 
| 131|0x000000070a300000, 0x000000070a300000, 0x000000070a400000|  0%| F|  |TAMS 0x000000070a300000, 0x000000070a300000| Untracked 
| 132|0x000000070a400000, 0x000000070a400000, 0x000000070a500000|  0%| F|  |TAMS 0x000000070a400000, 0x000000070a400000| Untracked 
| 133|0x000000070a500000, 0x000000070a500000, 0x000000070a600000|  0%| F|  |TAMS 0x000000070a500000, 0x000000070a500000| Untracked 
| 134|0x000000070a600000, 0x000000070a600000, 0x000000070a700000|  0%| F|  |TAMS 0x000000070a600000, 0x000000070a600000| Untracked 
| 135|0x000000070a700000, 0x000000070a700000, 0x000000070a800000|  0%| F|  |TAMS 0x000000070a700000, 0x000000070a700000| Untracked 
| 136|0x000000070a800000, 0x000000070a800000, 0x000000070a900000|  0%| F|  |TAMS 0x000000070a800000, 0x000000070a800000| Untracked 
| 137|0x000000070a900000, 0x000000070a900000, 0x000000070aa00000|  0%| F|  |TAMS 0x000000070a900000, 0x000000070a900000| Untracked 
| 138|0x000000070aa00000, 0x000000070aa00000, 0x000000070ab00000|  0%| F|  |TAMS 0x000000070aa00000, 0x000000070aa00000| Untracked 
| 139|0x000000070ab00000, 0x000000070ab00000, 0x000000070ac00000|  0%| F|  |TAMS 0x000000070ab00000, 0x000000070ab00000| Untracked 
| 140|0x000000070ac00000, 0x000000070ac00000, 0x000000070ad00000|  0%| F|  |TAMS 0x000000070ac00000, 0x000000070ac00000| Untracked 
| 141|0x000000070ad00000, 0x000000070ad00000, 0x000000070ae00000|  0%| F|  |TAMS 0x000000070ad00000, 0x000000070ad00000| Untracked 
| 142|0x000000070ae00000, 0x000000070ae00000, 0x000000070af00000|  0%| F|  |TAMS 0x000000070ae00000, 0x000000070ae00000| Untracked 
| 143|0x000000070af00000, 0x000000070af00000, 0x000000070b000000|  0%| F|  |TAMS 0x000000070af00000, 0x000000070af00000| Untracked 
| 144|0x000000070b000000, 0x000000070b000000, 0x000000070b100000|  0%| F|  |TAMS 0x000000070b000000, 0x000000070b000000| Untracked 
| 145|0x000000070b100000, 0x000000070b100000, 0x000000070b200000|  0%| F|  |TAMS 0x000000070b100000, 0x000000070b100000| Untracked 
| 146|0x000000070b200000, 0x000000070b200000, 0x000000070b300000|  0%| F|  |TAMS 0x000000070b200000, 0x000000070b200000| Untracked 
| 147|0x000000070b300000, 0x000000070b300000, 0x000000070b400000|  0%| F|  |TAMS 0x000000070b300000, 0x000000070b300000| Untracked 
| 148|0x000000070b400000, 0x000000070b400000, 0x000000070b500000|  0%| F|  |TAMS 0x000000070b400000, 0x000000070b400000| Untracked 
| 149|0x000000070b500000, 0x000000070b500000, 0x000000070b600000|  0%| F|  |TAMS 0x000000070b500000, 0x000000070b500000| Untracked 
| 150|0x000000070b600000, 0x000000070b600000, 0x000000070b700000|  0%| F|  |TAMS 0x000000070b600000, 0x000000070b600000| Untracked 
| 151|0x000000070b700000, 0x000000070b700000, 0x000000070b800000|  0%| F|  |TAMS 0x000000070b700000, 0x000000070b700000| Untracked 
| 152|0x000000070b800000, 0x000000070b800000, 0x000000070b900000|  0%| F|  |TAMS 0x000000070b800000, 0x000000070b800000| Untracked 
| 153|0x000000070b900000, 0x000000070b900000, 0x000000070ba00000|  0%| F|  |TAMS 0x000000070b900000, 0x000000070b900000| Untracked 
| 154|0x000000070ba00000, 0x000000070ba00000, 0x000000070bb00000|  0%| F|  |TAMS 0x000000070ba00000, 0x000000070ba00000| Untracked 
| 155|0x000000070bb00000, 0x000000070bb00000, 0x000000070bc00000|  0%| F|  |TAMS 0x000000070bb00000, 0x000000070bb00000| Untracked 
| 156|0x000000070bc00000, 0x000000070bc00000, 0x000000070bd00000|  0%| F|  |TAMS 0x000000070bc00000, 0x000000070bc00000| Untracked 
| 157|0x000000070bd00000, 0x000000070bd00000, 0x000000070be00000|  0%| F|  |TAMS 0x000000070bd00000, 0x000000070bd00000| Untracked 
| 158|0x000000070be00000, 0x000000070be00000, 0x000000070bf00000|  0%| F|  |TAMS 0x000000070be00000, 0x000000070be00000| Untracked 
| 159|0x000000070bf00000, 0x000000070bf00000, 0x000000070c000000|  0%| F|  |TAMS 0x000000070bf00000, 0x000000070bf00000| Untracked 
| 160|0x000000070c000000, 0x000000070c000000, 0x000000070c100000|  0%| F|  |TAMS 0x000000070c000000, 0x000000070c000000| Untracked 
| 161|0x000000070c100000, 0x000000070c100000, 0x000000070c200000|  0%| F|  |TAMS 0x000000070c100000, 0x000000070c100000| Untracked 
| 162|0x000000070c200000, 0x000000070c200000, 0x000000070c300000|  0%| F|  |TAMS 0x000000070c200000, 0x000000070c200000| Untracked 
| 163|0x000000070c300000, 0x000000070c300000, 0x000000070c400000|  0%| F|  |TAMS 0x000000070c300000, 0x000000070c300000| Untracked 
| 164|0x000000070c400000, 0x000000070c400000, 0x000000070c500000|  0%| F|  |TAMS 0x000000070c400000, 0x000000070c400000| Untracked 
| 165|0x000000070c500000, 0x000000070c500000, 0x000000070c600000|  0%| F|  |TAMS 0x000000070c500000, 0x000000070c500000| Untracked 
| 166|0x000000070c600000, 0x000000070c600000, 0x000000070c700000|  0%| F|  |TAMS 0x000000070c600000, 0x000000070c600000| Untracked 
| 167|0x000000070c700000, 0x000000070c700000, 0x000000070c800000|  0%| F|  |TAMS 0x000000070c700000, 0x000000070c700000| Untracked 
| 168|0x000000070c800000, 0x000000070c800000, 0x000000070c900000|  0%| F|  |TAMS 0x000000070c800000, 0x000000070c800000| Untracked 
| 169|0x000000070c900000, 0x000000070c900000, 0x000000070ca00000|  0%| F|  |TAMS 0x000000070c900000, 0x000000070c900000| Untracked 
| 170|0x000000070ca00000, 0x000000070ca00000, 0x000000070cb00000|  0%| F|  |TAMS 0x000000070ca00000, 0x000000070ca00000| Untracked 
| 171|0x000000070cb00000, 0x000000070cb00000, 0x000000070cc00000|  0%| F|  |TAMS 0x000000070cb00000, 0x000000070cb00000| Untracked 
| 172|0x000000070cc00000, 0x000000070cc00000, 0x000000070cd00000|  0%| F|  |TAMS 0x000000070cc00000, 0x000000070cc00000| Untracked 
| 173|0x000000070cd00000, 0x000000070cd00000, 0x000000070ce00000|  0%| F|  |TAMS 0x000000070cd00000, 0x000000070cd00000| Untracked 
| 174|0x000000070ce00000, 0x000000070ce00000, 0x000000070cf00000|  0%| F|  |TAMS 0x000000070ce00000, 0x000000070ce00000| Untracked 
| 175|0x000000070cf00000, 0x000000070cf00000, 0x000000070d000000|  0%| F|  |TAMS 0x000000070cf00000, 0x000000070cf00000| Untracked 
| 176|0x000000070d000000, 0x000000070d000000, 0x000000070d100000|  0%| F|  |TAMS 0x000000070d000000, 0x000000070d000000| Untracked 
| 177|0x000000070d100000, 0x000000070d100000, 0x000000070d200000|  0%| F|  |TAMS 0x000000070d100000, 0x000000070d100000| Untracked 
| 178|0x000000070d200000, 0x000000070d200000, 0x000000070d300000|  0%| F|  |TAMS 0x000000070d200000, 0x000000070d200000| Untracked 
| 179|0x000000070d300000, 0x000000070d300000, 0x000000070d400000|  0%| F|  |TAMS 0x000000070d300000, 0x000000070d300000| Untracked 
| 180|0x000000070d400000, 0x000000070d400000, 0x000000070d500000|  0%| F|  |TAMS 0x000000070d400000, 0x000000070d400000| Untracked 
| 181|0x000000070d500000, 0x000000070d500000, 0x000000070d600000|  0%| F|  |TAMS 0x000000070d500000, 0x000000070d500000| Untracked 
| 182|0x000000070d600000, 0x000000070d600000, 0x000000070d700000|  0%| F|  |TAMS 0x000000070d600000, 0x000000070d600000| Untracked 
| 183|0x000000070d700000, 0x000000070d700000, 0x000000070d800000|  0%| F|  |TAMS 0x000000070d700000, 0x000000070d700000| Untracked 
| 184|0x000000070d800000, 0x000000070d800000, 0x000000070d900000|  0%| F|  |TAMS 0x000000070d800000, 0x000000070d800000| Untracked 
| 185|0x000000070d900000, 0x000000070d900000, 0x000000070da00000|  0%| F|  |TAMS 0x000000070d900000, 0x000000070d900000| Untracked 
| 186|0x000000070da00000, 0x000000070da00000, 0x000000070db00000|  0%| F|  |TAMS 0x000000070da00000, 0x000000070da00000| Untracked 
| 187|0x000000070db00000, 0x000000070db00000, 0x000000070dc00000|  0%| F|  |TAMS 0x000000070db00000, 0x000000070db00000| Untracked 
| 188|0x000000070dc00000, 0x000000070dc00000, 0x000000070dd00000|  0%| F|  |TAMS 0x000000070dc00000, 0x000000070dc00000| Untracked 
| 189|0x000000070dd00000, 0x000000070dd00000, 0x000000070de00000|  0%| F|  |TAMS 0x000000070dd00000, 0x000000070dd00000| Untracked 
| 190|0x000000070de00000, 0x000000070de00000, 0x000000070df00000|  0%| F|  |TAMS 0x000000070de00000, 0x000000070de00000| Untracked 
| 191|0x000000070df00000, 0x000000070df00000, 0x000000070e000000|  0%| F|  |TAMS 0x000000070df00000, 0x000000070df00000| Untracked 
| 192|0x000000070e000000, 0x000000070e000000, 0x000000070e100000|  0%| F|  |TAMS 0x000000070e000000, 0x000000070e000000| Untracked 
| 193|0x000000070e100000, 0x000000070e100000, 0x000000070e200000|  0%| F|  |TAMS 0x000000070e100000, 0x000000070e100000| Untracked 
| 194|0x000000070e200000, 0x000000070e200000, 0x000000070e300000|  0%| F|  |TAMS 0x000000070e200000, 0x000000070e200000| Untracked 
| 195|0x000000070e300000, 0x000000070e300000, 0x000000070e400000|  0%| F|  |TAMS 0x000000070e300000, 0x000000070e300000| Untracked 
| 196|0x000000070e400000, 0x000000070e400000, 0x000000070e500000|  0%| F|  |TAMS 0x000000070e400000, 0x000000070e400000| Untracked 
| 197|0x000000070e500000, 0x000000070e500000, 0x000000070e600000|  0%| F|  |TAMS 0x000000070e500000, 0x000000070e500000| Untracked 
| 198|0x000000070e600000, 0x000000070e600000, 0x000000070e700000|  0%| F|  |TAMS 0x000000070e600000, 0x000000070e600000| Untracked 
| 199|0x000000070e700000, 0x000000070e700000, 0x000000070e800000|  0%| F|  |TAMS 0x000000070e700000, 0x000000070e700000| Untracked 
| 200|0x000000070e800000, 0x000000070e800000, 0x000000070e900000|  0%| F|  |TAMS 0x000000070e800000, 0x000000070e800000| Untracked 
| 201|0x000000070e900000, 0x000000070e900000, 0x000000070ea00000|  0%| F|  |TAMS 0x000000070e900000, 0x000000070e900000| Untracked 
| 202|0x000000070ea00000, 0x000000070ea00000, 0x000000070eb00000|  0%| F|  |TAMS 0x000000070ea00000, 0x000000070ea00000| Untracked 
| 203|0x000000070eb00000, 0x000000070eb00000, 0x000000070ec00000|  0%| F|  |TAMS 0x000000070eb00000, 0x000000070eb00000| Untracked 
| 204|0x000000070ec00000, 0x000000070ec00000, 0x000000070ed00000|  0%| F|  |TAMS 0x000000070ec00000, 0x000000070ec00000| Untracked 
| 205|0x000000070ed00000, 0x000000070ed00000, 0x000000070ee00000|  0%| F|  |TAMS 0x000000070ed00000, 0x000000070ed00000| Untracked 
| 206|0x000000070ee00000, 0x000000070ee00000, 0x000000070ef00000|  0%| F|  |TAMS 0x000000070ee00000, 0x000000070ee00000| Untracked 
| 207|0x000000070ef00000, 0x000000070ef00000, 0x000000070f000000|  0%| F|  |TAMS 0x000000070ef00000, 0x000000070ef00000| Untracked 
| 208|0x000000070f000000, 0x000000070f000000, 0x000000070f100000|  0%| F|  |TAMS 0x000000070f000000, 0x000000070f000000| Untracked 
| 209|0x000000070f100000, 0x000000070f100000, 0x000000070f200000|  0%| F|  |TAMS 0x000000070f100000, 0x000000070f100000| Untracked 
| 210|0x000000070f200000, 0x000000070f200000, 0x000000070f300000|  0%| F|  |TAMS 0x000000070f200000, 0x000000070f200000| Untracked 
| 211|0x000000070f300000, 0x000000070f300000, 0x000000070f400000|  0%| F|  |TAMS 0x000000070f300000, 0x000000070f300000| Untracked 
| 212|0x000000070f400000, 0x000000070f400000, 0x000000070f500000|  0%| F|  |TAMS 0x000000070f400000, 0x000000070f400000| Untracked 
| 213|0x000000070f500000, 0x000000070f500000, 0x000000070f600000|  0%| F|  |TAMS 0x000000070f500000, 0x000000070f500000| Untracked 
| 214|0x000000070f600000, 0x000000070f600000, 0x000000070f700000|  0%| F|  |TAMS 0x000000070f600000, 0x000000070f600000| Untracked 
| 215|0x000000070f700000, 0x000000070f700000, 0x000000070f800000|  0%| F|  |TAMS 0x000000070f700000, 0x000000070f700000| Untracked 
| 216|0x000000070f800000, 0x000000070f800000, 0x000000070f900000|  0%| F|  |TAMS 0x000000070f800000, 0x000000070f800000| Untracked 
| 217|0x000000070f900000, 0x000000070f900000, 0x000000070fa00000|  0%| F|  |TAMS 0x000000070f900000, 0x000000070f900000| Untracked 
| 218|0x000000070fa00000, 0x000000070fabf528, 0x000000070fb00000| 74%| E|  |TAMS 0x000000070fa00000, 0x000000070fa00000| Complete 
| 219|0x000000070fb00000, 0x000000070fc00000, 0x000000070fc00000|100%| E|CS|TAMS 0x000000070fb00000, 0x000000070fb00000| Complete 
| 220|0x000000070fc00000, 0x000000070fd00000, 0x000000070fd00000|100%| E|CS|TAMS 0x000000070fc00000, 0x000000070fc00000| Complete 
| 221|0x000000070fd00000, 0x000000070fe00000, 0x000000070fe00000|100%| E|CS|TAMS 0x000000070fd00000, 0x000000070fd00000| Complete 
| 222|0x000000070fe00000, 0x000000070ff00000, 0x000000070ff00000|100%| E|CS|TAMS 0x000000070fe00000, 0x000000070fe00000| Complete 
| 223|0x000000070ff00000, 0x0000000710000000, 0x0000000710000000|100%| E|CS|TAMS 0x000000070ff00000, 0x000000070ff00000| Complete 
| 224|0x0000000710000000, 0x0000000710100000, 0x0000000710100000|100%| E|CS|TAMS 0x0000000710000000, 0x0000000710000000| Complete 
| 225|0x0000000710100000, 0x0000000710200000, 0x0000000710200000|100%| E|  |TAMS 0x0000000710100000, 0x0000000710100000| Complete 
| 226|0x0000000710200000, 0x0000000710300000, 0x0000000710300000|100%| E|CS|TAMS 0x0000000710200000, 0x0000000710200000| Complete 
| 227|0x0000000710300000, 0x0000000710400000, 0x0000000710400000|100%| E|CS|TAMS 0x0000000710300000, 0x0000000710300000| Complete 
| 228|0x0000000710400000, 0x0000000710500000, 0x0000000710500000|100%| E|CS|TAMS 0x0000000710400000, 0x0000000710400000| Complete 
| 229|0x0000000710500000, 0x0000000710600000, 0x0000000710600000|100%| E|CS|TAMS 0x0000000710500000, 0x0000000710500000| Complete 
| 230|0x0000000710600000, 0x0000000710700000, 0x0000000710700000|100%| E|CS|TAMS 0x0000000710600000, 0x0000000710600000| Complete 
| 231|0x0000000710700000, 0x0000000710800000, 0x0000000710800000|100%| E|CS|TAMS 0x0000000710700000, 0x0000000710700000| Complete 
| 232|0x0000000710800000, 0x0000000710900000, 0x0000000710900000|100%| E|CS|TAMS 0x0000000710800000, 0x0000000710800000| Complete 
| 233|0x0000000710900000, 0x0000000710a00000, 0x0000000710a00000|100%| E|CS|TAMS 0x0000000710900000, 0x0000000710900000| Complete 
| 234|0x0000000710a00000, 0x0000000710b00000, 0x0000000710b00000|100%| E|CS|TAMS 0x0000000710a00000, 0x0000000710a00000| Complete 
| 235|0x0000000710b00000, 0x0000000710c00000, 0x0000000710c00000|100%| E|CS|TAMS 0x0000000710b00000, 0x0000000710b00000| Complete 
| 236|0x0000000710c00000, 0x0000000710d00000, 0x0000000710d00000|100%| S|CS|TAMS 0x0000000710c00000, 0x0000000710c00000| Complete 
| 237|0x0000000710d00000, 0x0000000710e00000, 0x0000000710e00000|100%| S|CS|TAMS 0x0000000710d00000, 0x0000000710d00000| Complete 
| 238|0x0000000710e00000, 0x0000000710f00000, 0x0000000710f00000|100%| E|CS|TAMS 0x0000000710e00000, 0x0000000710e00000| Complete 
| 239|0x0000000710f00000, 0x0000000711000000, 0x0000000711000000|100%| E|CS|TAMS 0x0000000710f00000, 0x0000000710f00000| Complete 
| 240|0x0000000711000000, 0x0000000711100000, 0x0000000711100000|100%| E|CS|TAMS 0x0000000711000000, 0x0000000711000000| Complete 
| 241|0x0000000711100000, 0x0000000711200000, 0x0000000711200000|100%| E|CS|TAMS 0x0000000711100000, 0x0000000711100000| Complete 
| 242|0x0000000711200000, 0x0000000711300000, 0x0000000711300000|100%| E|CS|TAMS 0x0000000711200000, 0x0000000711200000| Complete 
| 243|0x0000000711300000, 0x0000000711400000, 0x0000000711400000|100%| E|CS|TAMS 0x0000000711300000, 0x0000000711300000| Complete 
| 244|0x0000000711400000, 0x0000000711500000, 0x0000000711500000|100%| E|CS|TAMS 0x0000000711400000, 0x0000000711400000| Complete 
| 245|0x0000000711500000, 0x0000000711600000, 0x0000000711600000|100%| E|CS|TAMS 0x0000000711500000, 0x0000000711500000| Complete 
| 246|0x0000000711600000, 0x0000000711700000, 0x0000000711700000|100%| E|CS|TAMS 0x0000000711600000, 0x0000000711600000| Complete 
| 247|0x0000000711700000, 0x0000000711800000, 0x0000000711800000|100%| E|CS|TAMS 0x0000000711700000, 0x0000000711700000| Complete 
| 248|0x0000000711800000, 0x0000000711900000, 0x0000000711900000|100%| E|CS|TAMS 0x0000000711800000, 0x0000000711800000| Complete 
| 249|0x0000000711900000, 0x0000000711a00000, 0x0000000711a00000|100%| E|CS|TAMS 0x0000000711900000, 0x0000000711900000| Complete 
| 250|0x0000000711a00000, 0x0000000711b00000, 0x0000000711b00000|100%| E|CS|TAMS 0x0000000711a00000, 0x0000000711a00000| Complete 
| 251|0x0000000711b00000, 0x0000000711c00000, 0x0000000711c00000|100%| E|CS|TAMS 0x0000000711b00000, 0x0000000711b00000| Complete 
| 252|0x0000000711c00000, 0x0000000711d00000, 0x0000000711d00000|100%| E|CS|TAMS 0x0000000711c00000, 0x0000000711c00000| Complete 
| 253|0x0000000711d00000, 0x0000000711e00000, 0x0000000711e00000|100%| E|CS|TAMS 0x0000000711d00000, 0x0000000711d00000| Complete 

Card table byte_map: [0x000001235f950000,0x0000012360140000] _byte_map_base: 0x000001235c140000

Marking Bits (Prev, Next): (CMBitMap*) 0x0000012347ebc058, (CMBitMap*) 0x0000012347ebc090
 Prev Bits: [0x0000012360930000, 0x00000123648b0000)
 Next Bits: [0x00000123648b0000, 0x0000012368830000)

Polling page: 0x0000012345dc0000

Metaspace:

Usage:
  Non-class:     59.10 MB capacity,    57.97 MB ( 98%) used,   911.72 KB (  2%) free+waste,   243.50 KB ( <1%) overhead. 
      Class:      7.93 MB capacity,     7.16 MB ( 90%) used,   675.56 KB (  8%) free+waste,   114.81 KB (  1%) overhead. 
       Both:     67.03 MB capacity,    65.13 MB ( 97%) used,     1.55 MB (  2%) free+waste,   358.31 KB ( <1%) overhead. 

Virtual space:
  Non-class space:       60.00 MB reserved,      59.17 MB ( 99%) committed 
      Class space:        1.00 GB reserved,       8.00 MB ( <1%) committed 
             Both:        1.06 GB reserved,      67.17 MB (  6%) committed 

Chunk freelists:
   Non-Class:  9.25 KB
       Class:  0 bytes
        Both:  9.25 KB

CodeHeap 'non-profiled nmethods': size=120064Kb used=5028Kb max_used=5144Kb free=115036Kb
 bounds [0x0000012357c20000, 0x0000012358130000, 0x000001235f160000]
CodeHeap 'profiled nmethods': size=120000Kb used=18700Kb max_used=19516Kb free=101300Kb
 bounds [0x00000123506f0000, 0x0000012351a00000, 0x0000012357c20000]
CodeHeap 'non-nmethods': size=5696Kb used=1665Kb max_used=1690Kb free=4030Kb
 bounds [0x0000012350160000, 0x00000123503d0000, 0x00000123506f0000]
 total_blobs=12203 nmethods=7579 adapters=1147
 compilation: enabled
              stopped_count=0, restarted_count=0
 full_count=0

Compilation events (10 events):
Event: 31.067 Thread 0x000001236b6b2800 8397       3       jogamp.opengl.GLBufferStateTracker::setBoundBufferObject (76 bytes)
Event: 31.067 Thread 0x000001236b6b2800 nmethod 8397 0x00000123509b3f90 code [0x00000123509b4160, 0x00000123509b4380]
Event: 31.087 Thread 0x00000123014c0000 nmethod 8388 0x0000012357df7890 code [0x0000012357df7c00, 0x0000012357df9bd8]
Event: 31.087 Thread 0x000001236b60a800 8398 % !   4       bv::m @ 226 (1254 bytes)
Event: 31.097 Thread 0x000001236b60a800 nmethod 8398% 0x0000012357e0c310 code [0x0000012357e0c4c0, 0x0000012357e0cd58]
Event: 31.099 Thread 0x000001236b6b2800 8399       3       com.jogamp.common.util.IntIntHashMap::get (52 bytes)
Event: 31.099 Thread 0x000001236b6b2800 nmethod 8399 0x0000012350a25f90 code [0x0000012350a26160, 0x0000012350a263f8]
Event: 31.119 Thread 0x000001236b6b2800 8400       3       kv::z (32 bytes)
Event: 31.119 Thread 0x000001236b6b2800 nmethod 8400 0x0000012350a2d210 code [0x0000012350a2d3e0, 0x0000012350a2d670]
Event: 31.119 Thread 0x00000123014c0000 8401 % !   4       bv::m @ 905 (1254 bytes)

GC Heap History (10 events):
Event: 6.200 GC heap before
{Heap before GC invocations=20 (full 0):
 garbage-first heap   total 260096K, used 128394K [0x0000000702000000, 0x0000000800000000)
  region size 1024K, 14 young (14336K), 5 survivors (5120K)
 Metaspace       used 23340K, capacity 23635K, committed 23856K, reserved 1071104K
  class space    used 2525K, capacity 2635K, committed 2688K, reserved 1048576K
}
Event: 6.202 GC heap after
{Heap after GC invocations=21 (full 0):
 garbage-first heap   total 260096K, used 15858K [0x0000000702000000, 0x0000000800000000)
  region size 1024K, 5 young (5120K), 5 survivors (5120K)
 Metaspace       used 23340K, capacity 23635K, committed 23856K, reserved 1071104K
  class space    used 2525K, capacity 2635K, committed 2688K, reserved 1048576K
}
Event: 16.771 GC heap before
{Heap before GC invocations=22 (full 0):
 garbage-first heap   total 260096K, used 181746K [0x0000000702000000, 0x0000000800000000)
  region size 1024K, 78 young (79872K), 5 survivors (5120K)
 Metaspace       used 39093K, capacity 39634K, committed 39728K, reserved 1085440K
  class space    used 4270K, capacity 4458K, committed 4480K, reserved 1048576K
}
Event: 16.788 GC heap after
{Heap after GC invocations=23 (full 0):
 garbage-first heap   total 260096K, used 22087K [0x0000000702000000, 0x0000000800000000)
  region size 1024K, 14 young (14336K), 14 survivors (14336K)
 Metaspace       used 39093K, capacity 39634K, committed 39728K, reserved 1085440K
  class space    used 4270K, capacity 4458K, committed 4480K, reserved 1048576K
}
Event: 21.494 GC heap before
{Heap before GC invocations=24 (full 0):
 garbage-first heap   total 260096K, used 153159K [0x0000000702000000, 0x0000000800000000)
  region size 1024K, 131 young (134144K), 14 survivors (14336K)
 Metaspace       used 56458K, capacity 57739K, committed 57904K, reserved 1099776K
  class space    used 6431K, capacity 6957K, committed 7040K, reserved 1048576K
}
Event: 21.513 GC heap after
{Heap after GC invocations=25 (full 0):
 garbage-first heap   total 260096K, used 55021K [0x0000000702000000, 0x0000000800000000)
  region size 1024K, 17 young (17408K), 17 survivors (17408K)
 Metaspace       used 56458K, capacity 57739K, committed 57904K, reserved 1099776K
  class space    used 6431K, capacity 6957K, committed 7040K, reserved 1048576K
}
Event: 26.588 GC heap before
{Heap before GC invocations=25 (full 0):
 garbage-first heap   total 260096K, used 165613K [0x0000000702000000, 0x0000000800000000)
  region size 1024K, 122 young (124928K), 17 survivors (17408K)
 Metaspace       used 61092K, capacity 62949K, committed 63024K, reserved 1103872K
  class space    used 6956K, capacity 7738K, committed 7808K, reserved 1048576K
}
Event: 26.602 GC heap after
{Heap after GC invocations=26 (full 0):
 garbage-first heap   total 260096K, used 64423K [0x0000000702000000, 0x0000000800000000)
  region size 1024K, 13 young (13312K), 13 survivors (13312K)
 Metaspace       used 61092K, capacity 62949K, committed 63024K, reserved 1103872K
  class space    used 6956K, capacity 7738K, committed 7808K, reserved 1048576K
}
Event: 27.754 GC heap before
{Heap before GC invocations=26 (full 0):
 garbage-first heap   total 260096K, used 79783K [0x0000000702000000, 0x0000000800000000)
  region size 1024K, 29 young (29696K), 13 survivors (13312K)
 Metaspace       used 64180K, capacity 66076K, committed 66352K, reserved 1107968K
  class space    used 7136K, capacity 7948K, committed 8064K, reserved 1048576K
}
Event: 27.763 GC heap after
{Heap after GC invocations=27 (full 0):
 garbage-first heap   total 260096K, used 66513K [0x0000000702000000, 0x0000000800000000)
  region size 1024K, 2 young (2048K), 2 survivors (2048K)
 Metaspace       used 64180K, capacity 66076K, committed 66352K, reserved 1107968K
  class space    used 7136K, capacity 7948K, committed 8064K, reserved 1048576K
}

Deoptimization events (10 events):
Event: 30.888 Thread 0x000001236c24b800 Uncommon trap: reason=class_check action=maybe_recompile pc=0x0000012357d93870 method=lu.toBufferedImage(Ljava/awt/image/BufferedImage;)V @ 11 c2
Event: 30.894 Thread 0x000001236c24b800 Uncommon trap: reason=predicate action=maybe_recompile pc=0x0000012357d643b4 method=ll.g([I[B[IIIIIII)V @ 38 c2
Event: 30.919 Thread 0x000001236c24b800 Uncommon trap: reason=predicate action=maybe_recompile pc=0x0000012357d9a564 method=ll.g([I[B[IIIIIII)V @ 12 c2
Event: 30.920 Thread 0x000001236c24b800 Uncommon trap: reason=predicate action=maybe_recompile pc=0x0000012357d57018 method=ll.g([I[B[IIIIIII)V @ 38 c2
Event: 30.968 Thread 0x000001236c24b800 Uncommon trap: reason=profile_predicate action=maybe_recompile pc=0x0000012357dcf60c method=bv.m(II)V @ 729 c2
Event: 31.000 Thread 0x000001236c24b800 Uncommon trap: reason=profile_predicate action=maybe_recompile pc=0x0000012357dcf60c method=bv.m(II)V @ 729 c2
Event: 31.040 Thread 0x000001236c24b800 Uncommon trap: reason=profile_predicate action=maybe_recompile pc=0x0000012357dfc52c method=bv.m(II)V @ 910 c2
Event: 31.043 Thread 0x000001236c24b800 Uncommon trap: reason=profile_predicate action=maybe_recompile pc=0x0000012357dcf60c method=bv.m(II)V @ 729 c2
Event: 31.079 Thread 0x000001236c24b800 Uncommon trap: reason=profile_predicate action=maybe_recompile pc=0x0000012357dfc52c method=bv.m(II)V @ 910 c2
Event: 31.119 Thread 0x000001236c24b800 Uncommon trap: reason=profile_predicate action=maybe_recompile pc=0x0000012357df9948 method=bv.m(II)V @ 861 c2

Classes redefined (0 events):
No events

Internal exceptions (10 events):
Event: 26.753 Thread 0x000001236c24b800 Exception <a 'java/lang/NoSuchMethodError'{0x0000000711b865c0}: java.lang.invoke.DirectMethodHandle$Holder.invokeStatic(Ljava/lang/Object;J)Ljava/lang/Object;> (0x0000000711b865c0) thrown at [t:/workspace/open/src/hotspot/share/interpreter/linkResolver.cp
Event: 26.756 Thread 0x000001236c24b800 Exception <a 'java/lang/NoSuchMethodError'{0x0000000711b94658}: java.lang.invoke.DirectMethodHandle$Holder.invokeStaticInit(Ljava/lang/Object;Ljava/lang/Object;JLjava/lang/Object;)Ljava/lang/Object;> (0x0000000711b94658) thrown at [t:/workspace/open/src/h
Event: 26.756 Thread 0x000001236c24b800 Exception <a 'java/lang/NoSuchMethodError'{0x0000000711b9a500}: java.lang.invoke.DirectMethodHandle$Holder.invokeStatic(Ljava/lang/Object;Ljava/lang/Object;J)Ljava/lang/Object;> (0x0000000711b9a500) thrown at [t:/workspace/open/src/hotspot/share/interpret
Event: 26.756 Thread 0x000001236c24b800 Exception <a 'java/lang/NoSuchMethodError'{0x0000000711ba07d0}: java.lang.invoke.Invokers$Holder.linkToTargetMethod(Ljava/lang/Object;JLjava/lang/Object;)Ljava/lang/Object;> (0x0000000711ba07d0) thrown at [t:/workspace/open/src/hotspot/share/interpreter/l
Event: 27.114 Thread 0x000001236c24b800 Implicit null exception at 0x0000012357f7b2fa to 0x0000012357f7c126
Event: 27.270 Thread 0x0000012347e57000 Exception <a 'java/lang/NoSuchMethodError'{0x0000000711443a60}: java.lang.invoke.DirectMethodHandle$Holder.invokeStatic(Ljava/lang/Object;Ljava/lang/Object;Ljava/lang/Object;Ljava/lang/Object;Ljava/lang/Object;Ljava/lang/Object;)V> (0x0000000711443a60) th
Event: 30.042 Thread 0x000001236c24b800 Exception <a 'java/lang/NoSuchMethodError'{0x0000000710a07e38}: java.lang.invoke.DirectMethodHandle$Holder.invokeSpecial(Ljava/lang/Object;Ljava/lang/Object;IIILjava/lang/Object;Ljava/lang/Object;I)Ljava/lang/Object;> (0x0000000710a07e38) thrown at [t:/wo
Event: 30.042 Thread 0x000001236c24b800 Exception <a 'java/lang/NoSuchMethodError'{0x0000000710a0b360}: java.lang.invoke.DelegatingMethodHandle$Holder.reinvoke_L(Ljava/lang/Object;IIILjava/lang/Object;Ljava/lang/Object;I)Ljava/lang/Object;> (0x0000000710a0b360) thrown at [t:/workspace/open/src/
Event: 30.042 Thread 0x000001236c24b800 Exception <a 'java/lang/NoSuchMethodError'{0x0000000710a127b0}: java.lang.invoke.DirectMethodHandle$Holder.invokeStatic(Ljava/lang/Object;Ljava/lang/Object;Ljava/lang/Object;Ljava/lang/Object;Ljava/lang/Object;I)Ljava/lang/Object;> (0x0000000710a127b0) th
Event: 30.196 Thread 0x000001236c24b800 Exception <a 'java/lang/NullPointerException'{0x0000000710673128}> (0x0000000710673128) thrown at [t:/workspace/open/src/hotspot/share/interpreter/linkResolver.cpp, line 1372]

Events (10 events):
Event: 31.060 Thread 0x000001236c24b800 DEOPT PACKING pc=0x00000123510fd774 sp=0x000000141f3ded00
Event: 31.060 Thread 0x000001236c24b800 DEOPT UNPACKING pc=0x0000012350188fce sp=0x000000141f3de360 mode 0
Event: 31.079 Thread 0x000001236c24b800 DEOPT PACKING pc=0x00000123510fd774 sp=0x000000141f3ded00
Event: 31.079 Thread 0x000001236c24b800 DEOPT UNPACKING pc=0x0000012350188fce sp=0x000000141f3de360 mode 0
Event: 31.079 Thread 0x000001236c24b800 Uncommon trap: trap_request=0xffffffbe fr.pc=0x0000012357dfc52c relative=0x0000000000001a6c
Event: 31.080 Thread 0x000001236c24b800 DEOPT PACKING pc=0x0000012357dfc52c sp=0x000000141f3deeb0
Event: 31.080 Thread 0x000001236c24b800 DEOPT UNPACKING pc=0x00000123501891af sp=0x000000141f3dee60 mode 2
Event: 31.119 Thread 0x000001236c24b800 Uncommon trap: trap_request=0xffffffbe fr.pc=0x0000012357df9948 relative=0x0000000000001d48
Event: 31.119 Thread 0x000001236c24b800 DEOPT PACKING pc=0x0000012357df9948 sp=0x000000141f3deec0
Event: 31.119 Thread 0x000001236c24b800 DEOPT UNPACKING pc=0x00000123501891af sp=0x000000141f3dee60 mode 2


Dynamic libraries:
0x00007ff7dba30000 - 0x00007ff7dba77000 	C:\Program Files\Java\jdk-11\bin\java.exe
0x00007ffd80f40000 - 0x00007ffd81121000 	C:\WINDOWS\SYSTEM32\ntdll.dll
0x00007ffd7ee70000 - 0x00007ffd7ef22000 	C:\WINDOWS\System32\KERNEL32.DLL
0x00007ffd7e150000 - 0x00007ffd7e3c3000 	C:\WINDOWS\System32\KERNELBASE.dll
0x00007ffd7b500000 - 0x00007ffd7b58b000 	C:\WINDOWS\SYSTEM32\apphelp.dll
0x00007ffd7ea10000 - 0x00007ffd7eab1000 	C:\WINDOWS\System32\ADVAPI32.dll
0x00007ffd80da0000 - 0x00007ffd80e3e000 	C:\WINDOWS\System32\msvcrt.dll
0x00007ffd80d30000 - 0x00007ffd80d8b000 	C:\WINDOWS\System32\sechost.dll
0x00007ffd7f6b0000 - 0x00007ffd7f7d4000 	C:\WINDOWS\System32\RPCRT4.dll
0x00007ffd7ecb0000 - 0x00007ffd7ee40000 	C:\WINDOWS\System32\USER32.dll
0x00007ffd7d460000 - 0x00007ffd7d480000 	C:\WINDOWS\System32\win32u.dll
0x00007ffd7ee40000 - 0x00007ffd7ee68000 	C:\WINDOWS\System32\GDI32.dll
0x00007ffd7dc90000 - 0x00007ffd7de22000 	C:\WINDOWS\System32\gdi32full.dll
0x00007ffd7d310000 - 0x00007ffd7d3af000 	C:\WINDOWS\System32\msvcp_win.dll
0x00007ffd7d480000 - 0x00007ffd7d57a000 	C:\WINDOWS\System32\ucrtbase.dll
0x00007ffd66390000 - 0x00007ffd665f9000 	C:\WINDOWS\WinSxS\amd64_microsoft.windows.common-controls_6595b64144ccf1df_6.0.17134.590_none_fb3d9bff3069e088\COMCTL32.dll
0x00007ffd7f380000 - 0x00007ffd7f6a2000 	C:\WINDOWS\System32\combase.dll
0x00007ffd7de30000 - 0x00007ffd7deaa000 	C:\WINDOWS\System32\bcryptPrimitives.dll
0x00007ffd78d60000 - 0x00007ffd78d6a000 	C:\WINDOWS\SYSTEM32\VERSION.dll
0x00007ffd7e3d0000 - 0x00007ffd7e3fd000 	C:\WINDOWS\System32\IMM32.DLL
0x00007ffd7c450000 - 0x00007ffd7c481000 	C:\WINDOWS\SYSTEM32\ntmarta.dll
0x00007ffd7d180000 - 0x00007ffd7d1b0000 	C:\WINDOWS\SYSTEM32\SspiCli.dll
0x00007ffd74dd0000 - 0x00007ffd74de6000 	C:\Program Files\Java\jdk-11\bin\vcruntime140.dll
0x00007ffd514c0000 - 0x00007ffd5156a000 	C:\Program Files\Java\jdk-11\bin\msvcp140.dll
0x00007ffd23280000 - 0x00007ffd23dc2000 	C:\Program Files\Java\jdk-11\bin\server\jvm.dll
0x00007ffd80d90000 - 0x00007ffd80d98000 	C:\WINDOWS\System32\PSAPI.DLL
0x00007ffd4bd10000 - 0x00007ffd4bd19000 	C:\WINDOWS\SYSTEM32\WSOCK32.dll
0x00007ffd7eac0000 - 0x00007ffd7eb2c000 	C:\WINDOWS\System32\WS2_32.dll
0x00007ffd79db0000 - 0x00007ffd79dd3000 	C:\WINDOWS\SYSTEM32\WINMM.dll
0x00007ffd79d80000 - 0x00007ffd79daa000 	C:\WINDOWS\SYSTEM32\WINMMBASE.dll
0x00007ffd7deb0000 - 0x00007ffd7def9000 	C:\WINDOWS\System32\cfgmgr32.dll
0x00007ffd7d2d0000 - 0x00007ffd7d2e1000 	C:\WINDOWS\System32\kernel.appcore.dll
0x00007ffd74db0000 - 0x00007ffd74dc1000 	C:\Program Files\Java\jdk-11\bin\verify.dll
0x00007ffd60db0000 - 0x00007ffd60f79000 	C:\WINDOWS\SYSTEM32\DBGHELP.DLL
0x00007ffd60d50000 - 0x00007ffd60d79000 	C:\WINDOWS\SYSTEM32\dbgcore.DLL
0x00007ffd557a0000 - 0x00007ffd557c9000 	C:\Program Files\Java\jdk-11\bin\java.dll
0x00007ffd74d40000 - 0x00007ffd74d6f000 	C:\Program Files\Java\jdk-11\bin\instrument.dll
0x00007ffd74d90000 - 0x00007ffd74da6000 	C:\Program Files\Java\jdk-11\bin\zip.dll
0x00007ffd79e20000 - 0x00007ffd79e2a000 	C:\Program Files\Java\jdk-11\bin\jimage.dll
0x00007ffd7f800000 - 0x00007ffd80c40000 	C:\WINDOWS\System32\SHELL32.dll
0x00007ffd7e400000 - 0x00007ffd7e4a9000 	C:\WINDOWS\System32\shcore.dll
0x00007ffd7d580000 - 0x00007ffd7dc8d000 	C:\WINDOWS\System32\windows.storage.dll
0x00007ffd7e670000 - 0x00007ffd7e6c1000 	C:\WINDOWS\System32\shlwapi.dll
0x00007ffd7d2f0000 - 0x00007ffd7d30f000 	C:\WINDOWS\System32\profapi.dll
0x00007ffd7d260000 - 0x00007ffd7d2ac000 	C:\WINDOWS\System32\powrprof.dll
0x00007ffd7d250000 - 0x00007ffd7d25a000 	C:\WINDOWS\System32\FLTLIB.DLL
0x00007ffd74c40000 - 0x00007ffd74c59000 	C:\Program Files\Java\jdk-11\bin\net.dll
0x00007ffd77c20000 - 0x00007ffd77cfd000 	C:\WINDOWS\SYSTEM32\WINHTTP.dll
0x00007ffd7cad0000 - 0x00007ffd7cb36000 	C:\WINDOWS\system32\mswsock.dll
0x00007ffd54690000 - 0x00007ffd546a3000 	C:\Program Files\Java\jdk-11\bin\nio.dll
0x00007ffd74d20000 - 0x00007ffd74d3a000 	C:\Program Files\JetBrains\IntelliJ IDEA Community Edition 2018.2\bin\breakgen64.dll
0x00007ffd74d10000 - 0x00007ffd74d1d000 	C:\Program Files\Java\jdk-11\bin\sunmscapi.dll
0x00007ffd7df60000 - 0x00007ffd7e142000 	C:\WINDOWS\System32\CRYPT32.dll
0x00007ffd7d2b0000 - 0x00007ffd7d2c2000 	C:\WINDOWS\System32\MSASN1.dll
0x00007ffd7cd80000 - 0x00007ffd7cda6000 	C:\WINDOWS\SYSTEM32\ncrypt.dll
0x00007ffd7cdb0000 - 0x00007ffd7cdd5000 	C:\WINDOWS\SYSTEM32\bcrypt.dll
0x00007ffd7cd40000 - 0x00007ffd7cd76000 	C:\WINDOWS\SYSTEM32\NTASN1.dll
0x00007ffd53760000 - 0x00007ffd53787000 	C:\Program Files\Java\jdk-11\bin\sunec.dll
0x00007ffd7cc80000 - 0x00007ffd7cc97000 	C:\WINDOWS\SYSTEM32\CRYPTSP.dll
0x00007ffd7c6b0000 - 0x00007ffd7c6e3000 	C:\WINDOWS\system32\rsaenh.dll
0x00007ffd7d150000 - 0x00007ffd7d178000 	C:\WINDOWS\SYSTEM32\USERENV.dll
0x00007ffd7cca0000 - 0x00007ffd7ccab000 	C:\WINDOWS\SYSTEM32\CRYPTBASE.dll
0x00007ffd7c850000 - 0x00007ffd7c888000 	C:\WINDOWS\SYSTEM32\IPHLPAPI.DLL
0x00007ffd7e8f0000 - 0x00007ffd7e8f8000 	C:\WINDOWS\System32\NSI.dll
0x00007ffd787e0000 - 0x00007ffd787f6000 	C:\WINDOWS\SYSTEM32\dhcpcsvc6.DLL
0x00007ffd78870000 - 0x00007ffd7888a000 	C:\WINDOWS\SYSTEM32\dhcpcsvc.DLL
0x00007ffd535f0000 - 0x00007ffd53632000 	C:\Users\Admin\AppData\Local\Temp\jna-63116079\jna2284765228269068143.dll
0x00007ffd52a90000 - 0x00007ffd52b2c000 	C:\Users\Admin\AppData\Local\Temp\jna-63116079\jna1922391212589489801.dll
0x00007ffd7c890000 - 0x00007ffd7c94e000 	C:\WINDOWS\SYSTEM32\DNSAPI.dll
0x00007ffd78800000 - 0x00007ffd7880a000 	C:\Windows\System32\rasadhlp.dll
0x00007ffd77d00000 - 0x00007ffd77d72000 	C:\WINDOWS\System32\fwpuclnt.dll
0x00007ffd22a90000 - 0x00007ffd22c2f000 	C:\Program Files\Java\jdk-11\bin\awt.dll
0x00007ffd80e40000 - 0x00007ffd80f03000 	C:\WINDOWS\System32\OLEAUT32.dll
0x00007ffd7a850000 - 0x00007ffd7ae17000 	C:\WINDOWS\SYSTEM32\d2d1.dll
0x00007ffd7b630000 - 0x00007ffd7b6c8000 	C:\WINDOWS\system32\uxtheme.dll
0x00007ffd7eb30000 - 0x00007ffd7eca3000 	C:\WINDOWS\System32\MSCTF.dll
0x00007ffd7b920000 - 0x00007ffd7b949000 	C:\WINDOWS\system32\dwmapi.dll
0x00007ffd7e4b0000 - 0x00007ffd7e601000 	C:\WINDOWS\System32\ole32.dll
0x00007ffd4ffc0000 - 0x00007ffd50040000 	C:\Program Files\Java\jdk-11\bin\freetype.dll
0x00007ffd4f4e0000 - 0x00007ffd4f54f000 	C:\Program Files\Java\jdk-11\bin\fontmanager.dll
0x00007ffd3eec0000 - 0x00007ffd3ef3f000 	C:\Program Files\Java\jdk-11\bin\mlib_image.dll
0x00007ffd422a0000 - 0x00007ffd423c0000 	C:\WINDOWS\system32\opengl32.dll
0x00007ffd42230000 - 0x00007ffd4225c000 	C:\WINDOWS\SYSTEM32\GLU32.dll
0x00007ffd6fc40000 - 0x00007ffd6fdd7000 	C:\WINDOWS\system32\d3d9.dll
0x00007ffd75d90000 - 0x00007ffd75e7e000 	C:\WINDOWS\System32\DriverStore\FileRepository\nv_dispi.inf_amd64_21a764822be8dff8\nvldumdx.dll
0x00007ffd7df00000 - 0x00007ffd7df57000 	C:\WINDOWS\System32\WINTRUST.DLL
0x00007ffd7f7e0000 - 0x00007ffd7f7fd000 	C:\WINDOWS\System32\imagehlp.dll
0x00007ffd32f30000 - 0x00007ffd3436c000 	C:\WINDOWS\System32\DriverStore\FileRepository\nv_dispi.inf_amd64_21a764822be8dff8\nvd3dumx.dll
0x00007ffd730a0000 - 0x00007ffd73164000 	C:\Program Files (x86)\NVIDIA Corporation\3D Vision\nvSCPAPI64.dll
0x00007ffd7ef30000 - 0x00007ffd7f37b000 	C:\WINDOWS\System32\SETUPAPI.dll
0x00007ffd40fa0000 - 0x00007ffd41247000 	C:\WINDOWS\system32\nvspcap64.dll
0x00007ffd7bf90000 - 0x00007ffd7bfb2000 	C:\WINDOWS\SYSTEM32\gpapi.dll
0x00007ffd78a30000 - 0x00007ffd78a5e000 	C:\WINDOWS\SYSTEM32\cryptnet.dll
0x00007ffd55980000 - 0x00007ffd55a28000 	C:\WINDOWS\SYSTEM32\mscms.dll
0x00007ffd56db0000 - 0x00007ffd56dc0000 	C:\WINDOWS\SYSTEM32\ColorAdapterClient.dll
0x00007ffd26f50000 - 0x00007ffd26f93000 	C:\WINDOWS\SYSTEM32\icm32.dll
0x00007ffd70640000 - 0x00007ffd706d6000 	C:\WINDOWS\System32\TextInputFramework.dll
0x00007ffd76660000 - 0x00007ffd7697e000 	C:\WINDOWS\System32\CoreUIComponents.dll
0x00007ffd7afc0000 - 0x00007ffd7b09a000 	C:\WINDOWS\System32\CoreMessaging.dll
0x00007ffd792a0000 - 0x00007ffd793ed000 	C:\WINDOWS\SYSTEM32\wintypes.dll
0x00007ffd7e900000 - 0x00007ffd7e9a0000 	C:\WINDOWS\System32\clbcatq.dll
0x00007ffd76b50000 - 0x00007ffd76cfe000 	C:\WINDOWS\SYSTEM32\WindowsCodecs.dll
0x00007ffd42ae0000 - 0x00007ffd42b38000 	C:\WINDOWS\system32\dataexchange.dll
0x00007ffd7a540000 - 0x00007ffd7a84b000 	C:\WINDOWS\system32\d3d11.dll
0x00007ffd7ae20000 - 0x00007ffd7afbc000 	C:\WINDOWS\system32\dcomp.dll
0x00007ffd7c010000 - 0x00007ffd7c0cb000 	C:\WINDOWS\system32\dxgi.dll
0x00007ffd7ba00000 - 0x00007ffd7bbb8000 	C:\WINDOWS\system32\twinapi.appcore.dll
0x00007ffd7bbc0000 - 0x00007ffd7bbe9000 	C:\WINDOWS\system32\RMCLIENT.dll
0x00007ffd53010000 - 0x00007ffd53022000 	C:\Program Files\Java\jdk-11\bin\jsound.dll
0x00007ffd4bba0000 - 0x00007ffd4bc2f000 	C:\WINDOWS\SYSTEM32\DSOUND.dll
0x00007ffd77af0000 - 0x00007ffd77b66000 	C:\WINDOWS\System32\MMDevApi.dll
0x00007ffd7d060000 - 0x00007ffd7d087000 	C:\WINDOWS\System32\DEVOBJ.dll
0x00007ffd795b0000 - 0x00007ffd79764000 	C:\WINDOWS\System32\PROPSYS.dll
0x00007ffd61980000 - 0x00007ffd619c4000 	C:\WINDOWS\SYSTEM32\wdmaud.drv
0x00007ffd797c0000 - 0x00007ffd797c9000 	C:\WINDOWS\SYSTEM32\ksuser.dll
0x00007ffd76b40000 - 0x00007ffd76b4a000 	C:\WINDOWS\SYSTEM32\AVRT.dll
0x00007ffd5f2d0000 - 0x00007ffd5f3fc000 	C:\WINDOWS\SYSTEM32\AUDIOSES.DLL
0x00007ffd75850000 - 0x00007ffd7585d000 	C:\WINDOWS\SYSTEM32\msacm32.drv
0x00007ffd73cd0000 - 0x00007ffd73cec000 	C:\WINDOWS\SYSTEM32\MSACM32.dll
0x00007ffd73cc0000 - 0x00007ffd73cca000 	C:\WINDOWS\SYSTEM32\midimap.dll
0x00007ffd52f80000 - 0x00007ffd52fad000 	C:\Program Files\Java\jdk-11\bin\javajpeg.dll
0x00007ffd73870000 - 0x00007ffd73984000 	C:\Windows\System32\Windows.UI.dll
0x00007ffd705c0000 - 0x00007ffd70639000 	C:\Windows\System32\InputHost.dll
0x00007ffd50070000 - 0x00007ffd500af000 	C:\Program Files\Java\jdk-11\bin\lcms.dll
0x00007ffd78a70000 - 0x00007ffd78a7b000 	C:\WINDOWS\SYSTEM32\WINNSI.DLL
0x00000000637c0000 - 0x00000000637cd000 	C:\Users\Admin\AppData\Local\Temp\jogamp_0000\file_cache\jln14917257274111826164\jln5011378933937642477\natives\windows-amd64\gluegen-rt.dll
0x00007ffd77240000 - 0x00007ffd77249000 	C:\Program Files\Java\jdk-11\bin\management.dll
0x00007ffd74e70000 - 0x00007ffd74e7c000 	C:\Program Files\Java\jdk-11\bin\management_ext.dll

dbghelp: loaded successfully - version: 4.0.5 - missing functions: none
symbol engine: initialized successfully - sym options: 0x614 - pdb path: .;C:\Program Files\Java\jdk-11\bin;C:\WINDOWS\SYSTEM32;C:\WINDOWS\WinSxS\amd64_microsoft.windows.common-controls_6595b64144ccf1df_6.0.17134.590_none_fb3d9bff3069e088;C:\Program Files\Java\jdk-11\bin\server;C:\Program Files\JetBrains\IntelliJ IDEA Community Edition 2018.2\bin;C:\Users\Admin\AppData\Local\Temp\jna-63116079;C:\WINDOWS\System32\DriverStore\FileRepository\nv_dispi.inf_amd64_21a764822be8dff8;C:\Program Files (x86)\NVIDIA Corporation\3D Vision;C:\Users\Admin\AppData\Local\Temp\jogamp_0000\file_cache\jln14917257274111826164\jln5011378933937642477\natives\windows-amd64

VM Arguments:
jvm_args: -ea -DskipTests -javaagent:C:\Program Files\JetBrains\IntelliJ IDEA Community Edition 2018.2\lib\idea_rt.jar=58188:C:\Program Files\JetBrains\IntelliJ IDEA Community Edition 2018.2\bin -Dfile.encoding=UTF-8 
java_command: net.runelite.client.RuneLite --debug --developer-mode
java_class_path (initial): C:\Users\Admin\runelite\runelite-client\target\classes;C:\Users\Admin\.m2\repository\org\slf4j\slf4j-api\1.7.25\slf4j-api-1.7.25.jar;C:\Users\Admin\.m2\repository\ch\qos\logback\logback-classic\1.2.3\logback-classic-1.2.3.jar;C:\Users\Admin\.m2\repository\ch\qos\logback\logback-core\1.2.3\logback-core-1.2.3.jar;C:\Users\Admin\.m2\repository\net\sf\jopt-simple\jopt-simple\5.0.1\jopt-simple-5.0.1.jar;C:\Users\Admin\.m2\repository\com\google\guava\guava\23.2-jre\guava-23.2-jre.jar;C:\Users\Admin\.m2\repository\com\google\code\findbugs\jsr305\1.3.9\jsr305-1.3.9.jar;C:\Users\Admin\.m2\repository\com\google\errorprone\error_prone_annotations\2.0.18\error_prone_annotations-2.0.18.jar;C:\Users\Admin\.m2\repository\com\google\j2objc\j2objc-annotations\1.1\j2objc-annotations-1.1.jar;C:\Users\Admin\.m2\repository\org\codehaus\mojo\animal-sniffer-annotations\1.14\animal-sniffer-annotations-1.14.jar;C:\Users\Admin\.m2\repository\com\google\inject\guice\4.1.0\guice-4.1.0-no_aop.jar;C:\Users\Admin\.m2\repository\javax\inject\javax.inject\1\javax.inject-1.jar;C:\Users\Admin\.m2\repository\aopalliance\aopalliance\1.0\aopalliance-1.0.jar;C:\Users\Admin\.m2\repository\com\google\code\gson\gson\2.8.5\gson-2.8.5.jar;C:\Users\Admin\.m2\repository\net\runelite\pushingpixels\substance\8.0.02\substance-8.0.02.jar;C:\Users\Admin\.m2\repository\net\runelite\pushingpixels\trident\1.5.00\trident-1.5.00.jar;C:\Users\Admin\.m2\repository\org\apache\commons\commons-text\1.2\commons-text-1.2.jar;C:\Users\Admin\.m2\repository\org\apache\commons\commons-lang3\3.7\commons-lang3-3.7.jar;C:\Users\Admin\.m2\repository\org\jogamp\jogl\jogl-all\2.3.2\jogl-all-2.3.2.jar;C:\Users\Admin\.m2\repository\org\jogamp\jogl\jogl-all\2.3.2\jogl-all-2.3.2-natives-windows-amd64.jar;C:\Users\Admin\.m2\repository\org\jogamp\jogl\jogl-all\2.3.2\jogl-all-2.3.2-natives-windows-i586.jar;C:\Users\Admin\.m2\repository\org\jogamp\jogl\jogl-all\2.3.2\jogl-all-2.3.2-natives-linux-amd64.jar;C:\Users\Ad
Launcher Type: SUN_STANDARD

[Global flags]
     intx CICompilerCount                          = 3                                         {product} {ergonomic}
     uint ConcGCThreads                            = 1                                         {product} {ergonomic}
     uint G1ConcRefinementThreads                  = 4                                         {product} {ergonomic}
   size_t G1HeapRegionSize                         = 1048576                                   {product} {ergonomic}
    uintx GCDrainStackTargetSize                   = 64                                        {product} {ergonomic}
   size_t InitialHeapSize                          = 266338304                                 {product} {ergonomic}
   size_t MarkStackSize                            = 4194304                                   {product} {ergonomic}
   size_t MaxHeapSize                              = 4261412864                                {product} {ergonomic}
   size_t MaxNewSize                               = 2556428288                                {product} {ergonomic}
   size_t MinHeapDeltaBytes                        = 1048576                                   {product} {ergonomic}
    uintx NonNMethodCodeHeapSize                   = 5830092                                {pd product} {ergonomic}
    uintx NonProfiledCodeHeapSize                  = 122914074                              {pd product} {ergonomic}
    uintx ProfiledCodeHeapSize                     = 122914074                              {pd product} {ergonomic}
    uintx ReservedCodeCacheSize                    = 251658240                              {pd product} {ergonomic}
     bool SegmentedCodeCache                       = true                                      {product} {ergonomic}
     bool UseCompressedClassPointers               = true                                 {lp64_product} {ergonomic}
     bool UseCompressedOops                        = true                                 {lp64_product} {ergonomic}
     bool UseG1GC                                  = true                                      {product} {ergonomic}
     bool UseLargePagesIndividualAllocation        = false                                  {pd product} {ergonomic}

Logging:
Log output configuration:
 #0: stdout all=warning uptime,level,tags
 #1: stderr all=off uptime,level,tags

Environment Variables:
JAVA_HOME=C:\Program Files\Java\jre1.8.0_181
PATH=c:\programdata\oracle\java\javapath;c:\windows\system32;c:\windows;c:\windows\system32\wbem;c:\windows\system32\windowspowershell\v1.0\;c:\program files\git\cmd;c:\program files\microsoft sql server\client sdk\odbc\110\tools\binn\;c:\program files (x86)\microsoft sql server\120\tools\binn\;c:\program files\microsoft sql server\120\tools\binn\;c:\program files\microsoft sql server\120\dts\binn\;c:\program files (x86)\windows kits\8.1\windows performance toolkit\;c:\users\admin\appdata\local\microsoft\windowsapps;c:\adb;c:\program files\doxygen\bin;c:\windows\system32;c:\windows;c:\windows\system32\wbem;c:\windows\system32\windowspowershell\v1.0\;c:\windows\system32\openssh\;c:\gradle\gradle-4.10\bin;;c:\program files\nvidia corporation\nvidia nvdlisr;C:\Program Files (x86)\NVIDIA Corporation\PhysX\Common;C:\Users\Admin\AppData\Local\Microsoft\WindowsApps;C:\Users\Admin\AppData\Local\atom\bin;%USERPROFILE%\AppData\Local\Microsoft\WindowsApps
USERNAME=Admin
OS=Windows_NT
PROCESSOR_IDENTIFIER=Intel64 Family 6 Model 60 Stepping 3, GenuineIntel



---------------  S Y S T E M  ---------------

OS: Windows 10 , 64 bit Build 17134 (10.0.17134.556)

CPU:total 4 (initial active 4) (4 cores per cpu, 1 threads per core) family 6 model 60 stepping 3, cmov, cx8, fxsr, mmx, sse, sse2, sse3, ssse3, sse4.1, sse4.2, popcnt, avx, avx2, aes, clmul, erms, lzcnt, tsc, tscinvbit, bmi1, bmi2, fma

Memory: 4k page, system-wide physical 16250M (2751M free)
TotalPageFile size 26490M (AvailPageFile size 5173M)
current process WorkingSet (physical memory assigned to process): 494M, peak: 515M
current process commit charge ("private bytes"): 577M, peak: 597M

vm_info: Java HotSpot(TM) 64-Bit Server VM (11+28) for windows-amd64 JRE (11+28), built on Aug 23 2018 03:03:59 by "mach5one" with MS VC++ 15.5 (VS2017)

END.
