#
# A fatal error has been detected by the Java Runtime Environment:
#
#  EXCEPTION_ILLEGAL_INSTRUCTION (0xc000001d) at pc=0x000001b987c5d08c, pid=17588, tid=9932
#
# JRE version: Java(TM) SE Runtime Environment (11.0+28) (build 11+28)
# Java VM: Java HotSpot(TM) 64-Bit Server VM (11+28, mixed mode, tiered, compressed oops, g1 gc, windows-amd64)
# Problematic frame:
# J 7890% c2 fp.n(Lka;Lka;Lka;ZB)V (7421 bytes) @ 0x000001b987c5d08c [0x000001b987c5b3a0+0x0000000000001cec]
#
# No core dump will be written. Minidumps are not enabled by default on client versions of Windows
#
# If you would like to submit a bug report, please visit:
#   http://bugreport.java.com/bugreport/crash.jsp
#

---------------  S U M M A R Y ------------

Command Line: -ea -javaagent:C:\Program Files\JetBrains\IntelliJ IDEA Community Edition 2018.2\lib\idea_rt.jar=50457:C:\Program Files\JetBrains\IntelliJ IDEA Community Edition 2018.2\bin -Dfile.encoding=UTF-8 net.runelite.client.RuneLite --debug --developer-mode

Host: Intel(R) Core(TM) i5-4690K CPU @ 3.50GHz, 4 cores, 15G,  Windows 10 , 64 bit Build 17134 (10.0.17134.1)
Time: Mon Oct  8 21:04:09 2018 AUS Eastern Daylight Time elapsed time: 15 seconds (0d 0h 0m 15s)

---------------  T H R E A D  ---------------

Current thread (0x000001b991fc2800):  JavaThread "Thread-2" daemon [_thread_in_Java, id=9932, stack(0x0000006e7dca0000,0x0000006e7dda0000)]

Stack: [0x0000006e7dca0000,0x0000006e7dda0000],  sp=0x0000006e7dd9edc0,  free space=1019k
Native frames: (J=compiled Java code, j=interpreted, Vv=VM code, C=native code)
C  0x000001b987c5d08c


siginfo: EXCEPTION_ILLEGAL_INSTRUCTION (0xc000001d)


Register to memory mapping:

RIP=0x000001b987c5d08c is at entry_point+7404 in (nmethod*)0x000001b987c5b090
RAX=0x0 is NULL
RBX=0x0000000000007f7f is an unknown value
RCX=0x0000000706080000 is an oop
[I 
{0x0000000706080000} - klass: {type array int}
 - length: 32768
RDX=0x0 is NULL
RSP=0x0000006e7dd9edc0 is pointing into the stack for thread: 0x000001b991fc2800
RBP=0x0000000000000001 is an unknown value
RSI=0x0000000000000003 is an unknown value
RDI=0x00000000ffffffff is an unknown value
R8 =0x0000000000000080 is an unknown value
R9 =0x0000000000000100 is an unknown value
R10=0x00000007060a0010 is an oop
[I 
{0x00000007060a0010} - klass: {type array int}
 - length: 32768
R11=0xffffffffffffff81 is an unknown value
R12=0x0 is NULL
R13=0x0000000000000001 is an unknown value
R14=0x0 is NULL
R15=0x000001b991fc2800 is a thread


Registers:
RAX=0x0000000000000000, RBX=0x0000000000007f7f, RCX=0x0000000706080000, RDX=0x0000000000000000
RSP=0x0000006e7dd9edc0, RBP=0x0000000000000001, RSI=0x0000000000000003, RDI=0x00000000ffffffff
R8 =0x0000000000000080, R9 =0x0000000000000100, R10=0x00000007060a0010, R11=0xffffffffffffff81
R12=0x0000000000000000, R13=0x0000000000000001, R14=0x0000000000000000, R15=0x000001b991fc2800
RIP=0x000001b987c5d08c, EFLAGS=0x0000000000010286

Top of Stack: (sp=0x0000006e7dd9edc0)
0x0000006e7dd9edc0:   000001b9932e10d8 0000000700000000
0x0000006e7dd9edd0:   000001b9a172d550 0000000000000000
0x0000006e7dd9ede0:   0000800000008000 000000070f454860
0x0000006e7dd9edf0:   000000070f483980 00000100ffffffbf
0x0000006e7dd9ee00:   0000008000000001 0000000000008000
0x0000006e7dd9ee10:   0000008100000001 0000000000008000
0x0000006e7dd9ee20:   0000000000000001 000000fdffffff81
0x0000006e7dd9ee30:   deaddeaf00000001 0000000000000000
0x0000006e7dd9ee40:   0000000000000000 0000000000000000
0x0000006e7dd9ee50:   0000006e7dd9eed0 000001b980009e67
0x0000006e7dd9ee60:   deaddeafffffffbf 0000000000000000
0x0000006e7dd9ee70:   0000000000000000 000000070f483980
0x0000006e7dd9ee80:   000000070f454860 0000006e7dd9ee88
0x0000006e7dd9ee90:   000001b99330088a 0000006e7dd9ef08
0x0000006e7dd9eea0:   000001b9934d0040 0000000000000000
0x0000006e7dd9eeb0:   0000000703618fa0 000001b993300c08 

Instructions: (pc=0x000001b987c5d08c)
0x000001b987c5d06c:   89 54 24 28 89 5c 24 2c 89 4c 24 30 89 74 24 38
0x000001b987c5d07c:   89 74 24 3c c5 f8 77 e8 78 c0 3c f8 0f 0b 0f 0b
0x000001b987c5d08c:   0f 0b ba 4d ff ff ff 48 8b 6c 24 28 4c 8b 54 24
0x000001b987c5d09c:   30 4c 89 54 24 20 44 8b 5c 24 38 44 89 5c 24 28 




---------------  P R O C E S S  ---------------

Threads class SMR info:
_java_thread_list=0x000001b99f7341b0, length=47, elements={
0x000001b9feb84800, 0x000001b9feb87000, 0x000001b9ff444800, 0x000001b9ff445800,
0x000001b9ff447000, 0x000001b9ff44c000, 0x000001b9ff49d800, 0x000001b9ff430800,
0x000001b99113c000, 0x000001b99113d000, 0x000001b991a3c800, 0x000001b9917eb000,
0x000001b991ae5000, 0x000001b991ae6000, 0x000001b991ae7000, 0x000001b991bf8000,
0x000001b991c93000, 0x000001b991bcc800, 0x000001b991fc0000, 0x000001b991fbd000,
0x000001b991fbc000, 0x000001b991fc1800, 0x000001b991fbd800, 0x000001b991fbe800,
0x000001b991fc1000, 0x000001b991fc2800, 0x000001b991aa8000, 0x000001b991aa2000,
0x000001b991aa9000, 0x000001b991aa3000, 0x000001b991aa9800, 0x000001b991aa4000,
0x000001b991aa5800, 0x000001b991aaa800, 0x000001b991aa6800, 0x000001b991aa4800,
0x000001b991aae800, 0x000001b991ab1000, 0x000001b991aad000, 0x000001b991ab0000,
0x000001b991aac000, 0x000001b991aad800, 0x000001b9a0632000, 0x000001b9a0635800,
0x000001b9a062f800, 0x000001b9a0636800, 0x000001b997e34800
}

Java Threads: ( => current thread )
  0x000001b9feb84800 JavaThread "Reference Handler" daemon [_thread_blocked, id=18740, stack(0x0000006e7ba00000,0x0000006e7bb00000)]
  0x000001b9feb87000 JavaThread "Finalizer" daemon [_thread_blocked, id=19044, stack(0x0000006e7bb00000,0x0000006e7bc00000)]
  0x000001b9ff444800 JavaThread "Signal Dispatcher" daemon [_thread_blocked, id=11156, stack(0x0000006e7bc00000,0x0000006e7bd00000)]
  0x000001b9ff445800 JavaThread "Attach Listener" daemon [_thread_blocked, id=3600, stack(0x0000006e7bd00000,0x0000006e7be00000)]
  0x000001b9ff447000 JavaThread "C2 CompilerThread0" daemon [_thread_in_native, id=13024, stack(0x0000006e7be00000,0x0000006e7bf00000)]
  0x000001b9ff44c000 JavaThread "C1 CompilerThread0" daemon [_thread_blocked, id=4716, stack(0x0000006e7bf00000,0x0000006e7c000000)]
  0x000001b9ff49d800 JavaThread "Sweeper thread" daemon [_thread_blocked, id=14600, stack(0x0000006e7c000000,0x0000006e7c100000)]
  0x000001b9ff430800 JavaThread "Common-Cleaner" daemon [_thread_blocked, id=6472, stack(0x0000006e7c100000,0x0000006e7c200000)]
  0x000001b99113c000 JavaThread "Monitor Ctrl-Break" daemon [_thread_in_native, id=13776, stack(0x0000006e7c200000,0x0000006e7c300000)]
  0x000001b99113d000 JavaThread "Service Thread" daemon [_thread_blocked, id=12600, stack(0x0000006e7c300000,0x0000006e7c400000)]
  0x000001b991a3c800 JavaThread "OkHttp ConnectionPool" daemon [_thread_blocked, id=13048, stack(0x0000006e7c900000,0x0000006e7ca00000)]
  0x000001b9917eb000 JavaThread "Okio Watchdog" daemon [_thread_blocked, id=7744, stack(0x0000006e7ca00000,0x0000006e7cb00000)]
  0x000001b991ae5000 JavaThread "OkHttp api.runelite.net" [_thread_in_native, id=8168, stack(0x0000006e7cb00000,0x0000006e7cc00000)]
  0x000001b991ae6000 JavaThread "OkHttp Http2Connection" daemon [_thread_blocked, id=10724, stack(0x0000006e7cc00000,0x0000006e7cd00000)]
  0x000001b991ae7000 JavaThread "OkHttp Http2Connection" daemon [_thread_blocked, id=9900, stack(0x0000006e7cd00000,0x0000006e7ce00000)]
  0x000001b991bf8000 JavaThread "pool-3-thread-1" [_thread_blocked, id=6680, stack(0x0000006e7ce00000,0x0000006e7cf00000)]
  0x000001b991c93000 JavaThread "Java2D Disposer" daemon [_thread_blocked, id=2700, stack(0x0000006e7cf00000,0x0000006e7d000000)]
  0x000001b991bcc800 JavaThread "AWT-Windows" daemon [_thread_in_native, id=15284, stack(0x0000006e7d100000,0x0000006e7d200000)]
  0x000001b991fc0000 JavaThread "pool-2-thread-1" [_thread_blocked, id=16856, stack(0x0000006e7d200000,0x0000006e7d300000)]
  0x000001b991fbd000 JavaThread "OkHttp https://api.runelite.net/..." [_thread_in_native, id=16012, stack(0x0000006e7d300000,0x0000006e7d400000)]
  0x000001b991fbc000 JavaThread "OkHttp ConnectionPool" daemon [_thread_blocked, id=15440, stack(0x0000006e7d000000,0x0000006e7d100000)]
  0x000001b991fc1800 JavaThread "OkHttp WebSocket https://api.runelite.net/..." [_thread_blocked, id=7272, stack(0x0000006e7d500000,0x0000006e7d600000)]
  0x000001b991fbd800 JavaThread "AWT-Shutdown" [_thread_blocked, id=10368, stack(0x0000006e7d400000,0x0000006e7d500000)]
  0x000001b991fbe800 JavaThread "AWT-EventQueue-0" [_thread_blocked, id=9304, stack(0x0000006e7d600000,0x0000006e7d700000)]
  0x000001b991fc1000 JavaThread "Thread-1" daemon [_thread_blocked, id=2168, stack(0x0000006e7dba0000,0x0000006e7dca0000)]
=>0x000001b991fc2800 JavaThread "Thread-2" daemon [_thread_in_Java, id=9932, stack(0x0000006e7dca0000,0x0000006e7dda0000)]
  0x000001b991aa8000 JavaThread "Thread-3" daemon [_thread_blocked, id=11580, stack(0x0000006e7d9a0000,0x0000006e7daa0000)]
  0x000001b991aa2000 JavaThread "Substance heap status" daemon [_thread_blocked, id=13136, stack(0x0000006e7dda0000,0x0000006e7dea0000)]
  0x000001b991aa9000 JavaThread "OkHttp Dispatcher" [_thread_blocked, id=15956, stack(0x0000006e7dea0000,0x0000006e7dfa0000)]
  0x000001b991aa3000 JavaThread "OkHttp Dispatcher" [_thread_blocked, id=2188, stack(0x0000006e7dfa0000,0x0000006e7e0a0000)]
  0x000001b991aa9800 JavaThread "Trident callback thread" daemon [_thread_blocked, id=13280, stack(0x0000006e7e4a0000,0x0000006e7e5a0000)]
  0x000001b991aa4000 JavaThread "Trident pulse source thread" daemon [_thread_blocked, id=5700, stack(0x0000006e7e5a0000,0x0000006e7e6a0000)]
  0x000001b991aa5800 JavaThread "D3D Screen Updater" daemon [_thread_blocked, id=19292, stack(0x0000006e7e6a0000,0x0000006e7e7a0000)]
  0x000001b991aaa800 JavaThread "TimerQueue" daemon [_thread_blocked, id=12248, stack(0x0000006e7e8f0000,0x0000006e7e9f0000)]
  0x000001b991aa6800 JavaThread "OkHttp Dispatcher" [_thread_blocked, id=9624, stack(0x0000006e7eaf0000,0x0000006e7ebf0000)]
  0x000001b991aa4800 JavaThread "OkHttp Dispatcher" [_thread_blocked, id=17572, stack(0x0000006e7ebf0000,0x0000006e7ecf0000)]
  0x000001b991aae800 JavaThread "OkHttp pbs.twimg.com" [_thread_in_native, id=9768, stack(0x0000006e7ecf0000,0x0000006e7edf0000)]
  0x000001b991ab1000 JavaThread "OkHttp Dispatcher" [_thread_blocked, id=17260, stack(0x0000006e7eef0000,0x0000006e7eff0000)]
  0x000001b991aad000 JavaThread "OkHttp Dispatcher" [_thread_blocked, id=10244, stack(0x0000006e7edf0000,0x0000006e7eef0000)]
  0x000001b991ab0000 JavaThread "DestroyJavaVM" [_thread_blocked, id=3832, stack(0x0000006e7b300000,0x0000006e7b400000)]
  0x000001b991aac000 JavaThread "Thread-10" daemon [_thread_in_native, id=5780, stack(0x0000006e7f000000,0x0000006e7f100000)]
  0x000001b991aad800 JavaThread "Thread-11" daemon [_thread_blocked, id=17024, stack(0x0000006e7f100000,0x0000006e7f200000)]
  0x000001b9a0632000 JavaThread "Thread-12" daemon [_thread_blocked, id=10472, stack(0x0000006e7f200000,0x0000006e7f300000)]
  0x000001b9a0635800 JavaThread "Java Sound Event Dispatcher" daemon [_thread_blocked, id=5588, stack(0x0000006e7f400000,0x0000006e7f500000)]
  0x000001b9a062f800 JavaThread "pool-4-thread-1" [_thread_blocked, id=19176, stack(0x0000006e7f700000,0x0000006e7f800000)]
  0x000001b9a0636800 JavaThread "Thread-13" daemon [_thread_blocked, id=13288, stack(0x0000006e7fa00000,0x0000006e7fb00000)]
  0x000001b997e34800 JavaThread "C2 CompilerThread1" daemon [_thread_blocked, id=10000, stack(0x0000006e7daa0000,0x0000006e7dba0000)]

Other Threads:
  0x000001b9febaa000 VMThread "VM Thread" [stack: 0x0000006e7b900000,0x0000006e7ba00000] [id=14236]
  0x000001b991140000 WatcherThread [stack: 0x0000006e7c400000,0x0000006e7c500000] [id=7284]
  0x000001b9ecc4f000 GCTaskThread "GC Thread#0" [stack: 0x0000006e7b400000,0x0000006e7b500000] [id=7588]
  0x000001b991680000 GCTaskThread "GC Thread#1" [stack: 0x0000006e7c500000,0x0000006e7c600000] [id=15948]
  0x000001b99166d800 GCTaskThread "GC Thread#2" [stack: 0x0000006e7c600000,0x0000006e7c700000] [id=9460]
  0x000001b9916b9000 GCTaskThread "GC Thread#3" [stack: 0x0000006e7c700000,0x0000006e7c800000] [id=10436]
  0x000001b9eccaa000 ConcurrentGCThread "G1 Main Marker" [stack: 0x0000006e7b500000,0x0000006e7b600000] [id=7612]
  0x000001b9eccab800 ConcurrentGCThread "G1 Conc#0" [stack: 0x0000006e7b600000,0x0000006e7b700000] [id=1208]
  0x000001b9fea5f000 ConcurrentGCThread "G1 Refine#0" [stack: 0x0000006e7b700000,0x0000006e7b800000] [id=728]
  0x000001b9927a3800 ConcurrentGCThread "G1 Refine#1" [stack: 0x0000006e7e9f0000,0x0000006e7eaf0000] [id=18752]
  0x000001b9fea60000 ConcurrentGCThread "G1 Young RemSet Sampling" [stack: 0x0000006e7b800000,0x0000006e7b900000] [id=18984]

Threads with active compile tasks:
C2 CompilerThread07894 % !   4       fp::n @ 4651 (7421 bytes)

VM state:not at safepoint (normal execution)

VM Mutex/Monitor currently owned by a thread: None

Heap address: 0x0000000701e00000, size: 4066 MB, Compressed Oops mode: Zero based, Oop shift amount: 3
Narrow klass base: 0x0000000800000000, Narrow klass shift: 0
Compressed class space size: 1073741824 Address: 0x0000000800000000

Heap:
 garbage-first heap   total 262144K, used 80514K [0x0000000701e00000, 0x0000000800000000)
  region size 1024K, 24 young (24576K), 11 survivors (11264K)
 Metaspace       used 59629K, capacity 60949K, committed 61104K, reserved 1103872K
  class space    used 6702K, capacity 7280K, committed 7296K, reserved 1048576K
Heap Regions: E=young(eden), S=young(survivor), O=old, HS=humongous(starts), HC=humongous(continues), CS=collection set, F=free, A=archive, TAMS=top-at-mark-start (previous, next)
|   0|0x0000000701e00000, 0x0000000701f00000, 0x0000000701f00000|100%| O|  |TAMS 0x0000000701f00000, 0x0000000701e00000| Untracked 
|   1|0x0000000701f00000, 0x0000000702000000, 0x0000000702000000|100%| O|  |TAMS 0x0000000702000000, 0x0000000701f00000| Untracked 
|   2|0x0000000702000000, 0x0000000702100000, 0x0000000702100000|100%| O|  |TAMS 0x0000000702100000, 0x0000000702000000| Untracked 
|   3|0x0000000702100000, 0x0000000702200000, 0x0000000702200000|100%| O|  |TAMS 0x0000000702200000, 0x0000000702100000| Untracked 
|   4|0x0000000702200000, 0x0000000702300000, 0x0000000702300000|100%| O|  |TAMS 0x0000000702300000, 0x0000000702200000| Untracked 
|   5|0x0000000702300000, 0x0000000702400000, 0x0000000702400000|100%| O|  |TAMS 0x0000000702400000, 0x0000000702300000| Untracked 
|   6|0x0000000702400000, 0x0000000702500000, 0x0000000702500000|100%| O|  |TAMS 0x0000000702500000, 0x0000000702400000| Untracked 
|   7|0x0000000702500000, 0x0000000702600000, 0x0000000702600000|100%| O|  |TAMS 0x0000000702600000, 0x0000000702500000| Untracked 
|   8|0x0000000702600000, 0x0000000702700000, 0x0000000702700000|100%|HS|  |TAMS 0x0000000702700000, 0x0000000702600000| Complete 
|   9|0x0000000702700000, 0x0000000702800000, 0x0000000702800000|100%|HC|  |TAMS 0x0000000702800000, 0x0000000702700000| Complete 
|  10|0x0000000702800000, 0x0000000702900000, 0x0000000702900000|100%|HS|  |TAMS 0x0000000702900000, 0x0000000702800000| Complete 
|  11|0x0000000702900000, 0x0000000702a00000, 0x0000000702a00000|100%|HC|  |TAMS 0x0000000702a00000, 0x0000000702900000| Complete 
|  12|0x0000000702a00000, 0x0000000702b00000, 0x0000000702b00000|100%| O|  |TAMS 0x0000000702b00000, 0x0000000702a00000| Untracked 
|  13|0x0000000702b00000, 0x0000000702c00000, 0x0000000702c00000|100%| O|  |TAMS 0x0000000702c00000, 0x0000000702b00000| Untracked 
|  14|0x0000000702c00000, 0x0000000702d00000, 0x0000000702d00000|100%| O|  |TAMS 0x0000000702d00000, 0x0000000702c00000| Untracked 
|  15|0x0000000702d00000, 0x0000000702e00000, 0x0000000702e00000|100%| O|  |TAMS 0x0000000702e00000, 0x0000000702d00000| Untracked 
|  16|0x0000000702e00000, 0x0000000702f00000, 0x0000000702f00000|100%| O|  |TAMS 0x0000000702f00000, 0x0000000702e00000| Untracked 
|  17|0x0000000702f00000, 0x0000000703000000, 0x0000000703000000|100%| O|  |TAMS 0x0000000703000000, 0x0000000702f00000| Untracked 
|  18|0x0000000703000000, 0x0000000703100000, 0x0000000703100000|100%| O|  |TAMS 0x0000000703100000, 0x0000000703000000| Untracked 
|  19|0x0000000703100000, 0x0000000703200000, 0x0000000703200000|100%| O|  |TAMS 0x0000000703200000, 0x0000000703100000| Untracked 
|  20|0x0000000703200000, 0x0000000703300000, 0x0000000703300000|100%| O|  |TAMS 0x0000000703300000, 0x0000000703200000| Untracked 
|  21|0x0000000703300000, 0x0000000703400000, 0x0000000703400000|100%| O|  |TAMS 0x0000000703400000, 0x0000000703300000| Untracked 
|  22|0x0000000703400000, 0x0000000703500000, 0x0000000703500000|100%| O|  |TAMS 0x0000000703500000, 0x0000000703400000| Untracked 
|  23|0x0000000703500000, 0x0000000703600000, 0x0000000703600000|100%| O|  |TAMS 0x0000000703600000, 0x0000000703500000| Untracked 
|  24|0x0000000703600000, 0x0000000703700000, 0x0000000703700000|100%| O|  |TAMS 0x0000000703700000, 0x0000000703600000| Untracked 
|  25|0x0000000703700000, 0x0000000703800000, 0x0000000703800000|100%| O|  |TAMS 0x0000000703800000, 0x0000000703700000| Untracked 
|  26|0x0000000703800000, 0x0000000703900000, 0x0000000703900000|100%| O|  |TAMS 0x0000000703900000, 0x0000000703800000| Untracked 
|  27|0x0000000703900000, 0x0000000703a00000, 0x0000000703a00000|100%| O|  |TAMS 0x0000000703a00000, 0x0000000703900000| Untracked 
|  28|0x0000000703a00000, 0x0000000703b00000, 0x0000000703b00000|100%| O|  |TAMS 0x0000000703b00000, 0x0000000703a00000| Untracked 
|  29|0x0000000703b00000, 0x0000000703c00000, 0x0000000703c00000|100%| O|  |TAMS 0x0000000703c00000, 0x0000000703b00000| Untracked 
|  30|0x0000000703c00000, 0x0000000703d00000, 0x0000000703d00000|100%| O|  |TAMS 0x0000000703d00000, 0x0000000703c00000| Untracked 
|  31|0x0000000703d00000, 0x0000000703e00000, 0x0000000703e00000|100%| O|  |TAMS 0x0000000703e00000, 0x0000000703d00000| Untracked 
|  32|0x0000000703e00000, 0x0000000703f00000, 0x0000000703f00000|100%| O|  |TAMS 0x0000000703f00000, 0x0000000703e00000| Untracked 
|  33|0x0000000703f00000, 0x0000000704000000, 0x0000000704000000|100%| O|  |TAMS 0x0000000704000000, 0x0000000703f00000| Untracked 
|  34|0x0000000704000000, 0x0000000704100000, 0x0000000704100000|100%| O|  |TAMS 0x0000000704100000, 0x0000000704000000| Untracked 
|  35|0x0000000704100000, 0x0000000704200000, 0x0000000704200000|100%| O|  |TAMS 0x0000000704200000, 0x0000000704100000| Untracked 
|  36|0x0000000704200000, 0x0000000704300000, 0x0000000704300000|100%| O|  |TAMS 0x0000000704300000, 0x0000000704200000| Untracked 
|  37|0x0000000704300000, 0x0000000704400000, 0x0000000704400000|100%|HS|  |TAMS 0x0000000704300000, 0x0000000704300000| Complete 
|  38|0x0000000704400000, 0x0000000704500000, 0x0000000704500000|100%| O|  |TAMS 0x0000000704500000, 0x0000000704400000| Untracked 
|  39|0x0000000704500000, 0x0000000704600000, 0x0000000704600000|100%| O|  |TAMS 0x0000000704600000, 0x0000000704500000| Untracked 
|  40|0x0000000704600000, 0x0000000704700000, 0x0000000704700000|100%|HS|  |TAMS 0x0000000704600000, 0x0000000704600000| Complete 
|  41|0x0000000704700000, 0x0000000704800000, 0x0000000704800000|100%| O|  |TAMS 0x0000000704800000, 0x0000000704700000| Untracked 
|  42|0x0000000704800000, 0x0000000704900000, 0x0000000704900000|100%| O|  |TAMS 0x0000000704900000, 0x0000000704800000| Untracked 
|  43|0x0000000704900000, 0x0000000704a00000, 0x0000000704a00000|100%| O|  |TAMS 0x0000000704a00000, 0x0000000704900000| Untracked 
|  44|0x0000000704a00000, 0x0000000704a00000, 0x0000000704b00000|  0%| F|  |TAMS 0x0000000704a00000, 0x0000000704a00000| Untracked 
|  45|0x0000000704b00000, 0x0000000704b00000, 0x0000000704c00000|  0%| F|  |TAMS 0x0000000704b00000, 0x0000000704b00000| Untracked 
|  46|0x0000000704c00000, 0x0000000704c00000, 0x0000000704d00000|  0%| F|  |TAMS 0x0000000704c00000, 0x0000000704c00000| Untracked 
|  47|0x0000000704d00000, 0x0000000704d00000, 0x0000000704e00000|  0%| F|  |TAMS 0x0000000704d00000, 0x0000000704d00000| Untracked 
|  48|0x0000000704e00000, 0x0000000704e00000, 0x0000000704f00000|  0%| F|  |TAMS 0x0000000704e00000, 0x0000000704e00000| Untracked 
|  49|0x0000000704f00000, 0x0000000704f00000, 0x0000000705000000|  0%| F|  |TAMS 0x0000000704f00000, 0x0000000704f00000| Untracked 
|  50|0x0000000705000000, 0x0000000705000000, 0x0000000705100000|  0%| F|  |TAMS 0x0000000705000000, 0x0000000705000000| Untracked 
|  51|0x0000000705100000, 0x0000000705100000, 0x0000000705200000|  0%| F|  |TAMS 0x0000000705100000, 0x0000000705100000| Untracked 
|  52|0x0000000705200000, 0x0000000705200000, 0x0000000705300000|  0%| F|  |TAMS 0x0000000705200000, 0x0000000705200000| Untracked 
|  53|0x0000000705300000, 0x0000000705300000, 0x0000000705400000|  0%| F|  |TAMS 0x0000000705300000, 0x0000000705300000| Untracked 
|  54|0x0000000705400000, 0x0000000705400000, 0x0000000705500000|  0%| F|  |TAMS 0x0000000705400000, 0x0000000705400000| Untracked 
|  55|0x0000000705500000, 0x0000000705600000, 0x0000000705600000|100%| O|  |TAMS 0x0000000705600000, 0x0000000705500000| Untracked 
|  56|0x0000000705600000, 0x0000000705600000, 0x0000000705700000|  0%| F|  |TAMS 0x0000000705600000, 0x0000000705600000| Untracked 
|  57|0x0000000705700000, 0x0000000705700000, 0x0000000705800000|  0%| F|  |TAMS 0x0000000705700000, 0x0000000705700000| Untracked 
|  58|0x0000000705800000, 0x0000000705900000, 0x0000000705900000|100%|HS|  |TAMS 0x0000000705900000, 0x0000000705800000| Complete 
|  59|0x0000000705900000, 0x0000000705a00000, 0x0000000705a00000|100%|HS|  |TAMS 0x0000000705a00000, 0x0000000705900000| Complete 
|  60|0x0000000705a00000, 0x0000000705b00000, 0x0000000705b00000|100%| O|  |TAMS 0x0000000705b00000, 0x0000000705a00000| Untracked 
|  61|0x0000000705b00000, 0x0000000705c00000, 0x0000000705c00000|100%| O|  |TAMS 0x0000000705c00000, 0x0000000705b00000| Untracked 
|  62|0x0000000705c00000, 0x0000000705d00000, 0x0000000705d00000|100%| O|  |TAMS 0x0000000705d00000, 0x0000000705c00000| Untracked 
|  63|0x0000000705d00000, 0x0000000705e00000, 0x0000000705e00000|100%| O|  |TAMS 0x0000000705e00000, 0x0000000705d00000| Untracked 
|  64|0x0000000705e00000, 0x0000000705f00000, 0x0000000705f00000|100%| O|  |TAMS 0x0000000705f00000, 0x0000000705e00000| Untracked 
|  65|0x0000000705f00000, 0x0000000706000000, 0x0000000706000000|100%| O|  |TAMS 0x0000000706000000, 0x0000000705f00000| Untracked 
|  66|0x0000000706000000, 0x0000000706100000, 0x0000000706100000|100%| O|  |TAMS 0x0000000706100000, 0x0000000706000000| Untracked 
|  67|0x0000000706100000, 0x0000000706200000, 0x0000000706200000|100%| O|  |TAMS 0x0000000706200000, 0x0000000706100000| Untracked 
|  68|0x0000000706200000, 0x00000007062a0a00, 0x0000000706300000| 62%| O|  |TAMS 0x00000007062a0a00, 0x0000000706200000| Untracked 
|  69|0x0000000706300000, 0x0000000706300000, 0x0000000706400000|  0%| F|  |TAMS 0x0000000706300000, 0x0000000706300000| Untracked 
|  70|0x0000000706400000, 0x0000000706400000, 0x0000000706500000|  0%| F|  |TAMS 0x0000000706400000, 0x0000000706400000| Untracked 
|  71|0x0000000706500000, 0x0000000706500000, 0x0000000706600000|  0%| F|  |TAMS 0x0000000706500000, 0x0000000706500000| Untracked 
|  72|0x0000000706600000, 0x0000000706600000, 0x0000000706700000|  0%| F|  |TAMS 0x0000000706600000, 0x0000000706600000| Untracked 
|  73|0x0000000706700000, 0x0000000706700000, 0x0000000706800000|  0%| F|  |TAMS 0x0000000706700000, 0x0000000706700000| Untracked 
|  74|0x0000000706800000, 0x0000000706800000, 0x0000000706900000|  0%| F|  |TAMS 0x0000000706800000, 0x0000000706800000| Untracked 
|  75|0x0000000706900000, 0x0000000706900000, 0x0000000706a00000|  0%| F|  |TAMS 0x0000000706900000, 0x0000000706900000| Untracked 
|  76|0x0000000706a00000, 0x0000000706a00000, 0x0000000706b00000|  0%| F|  |TAMS 0x0000000706a00000, 0x0000000706a00000| Untracked 
|  77|0x0000000706b00000, 0x0000000706b00000, 0x0000000706c00000|  0%| F|  |TAMS 0x0000000706b00000, 0x0000000706b00000| Untracked 
|  78|0x0000000706c00000, 0x0000000706c00000, 0x0000000706d00000|  0%| F|  |TAMS 0x0000000706c00000, 0x0000000706c00000| Untracked 
|  79|0x0000000706d00000, 0x0000000706d00000, 0x0000000706e00000|  0%| F|  |TAMS 0x0000000706d00000, 0x0000000706d00000| Untracked 
|  80|0x0000000706e00000, 0x0000000706e00000, 0x0000000706f00000|  0%| F|  |TAMS 0x0000000706e00000, 0x0000000706e00000| Untracked 
|  81|0x0000000706f00000, 0x0000000706f00000, 0x0000000707000000|  0%| F|  |TAMS 0x0000000706f00000, 0x0000000706f00000| Untracked 
|  82|0x0000000707000000, 0x0000000707000000, 0x0000000707100000|  0%| F|  |TAMS 0x0000000707000000, 0x0000000707000000| Untracked 
|  83|0x0000000707100000, 0x0000000707100000, 0x0000000707200000|  0%| F|  |TAMS 0x0000000707100000, 0x0000000707100000| Untracked 
|  84|0x0000000707200000, 0x0000000707200000, 0x0000000707300000|  0%| F|  |TAMS 0x0000000707200000, 0x0000000707200000| Untracked 
|  85|0x0000000707300000, 0x0000000707300000, 0x0000000707400000|  0%| F|  |TAMS 0x0000000707300000, 0x0000000707300000| Untracked 
|  86|0x0000000707400000, 0x0000000707400000, 0x0000000707500000|  0%| F|  |TAMS 0x0000000707400000, 0x0000000707400000| Untracked 
|  87|0x0000000707500000, 0x0000000707500000, 0x0000000707600000|  0%| F|  |TAMS 0x0000000707500000, 0x0000000707500000| Untracked 
|  88|0x0000000707600000, 0x0000000707600000, 0x0000000707700000|  0%| F|  |TAMS 0x0000000707600000, 0x0000000707600000| Untracked 
|  89|0x0000000707700000, 0x0000000707700000, 0x0000000707800000|  0%| F|  |TAMS 0x0000000707700000, 0x0000000707700000| Untracked 
|  90|0x0000000707800000, 0x0000000707800000, 0x0000000707900000|  0%| F|  |TAMS 0x0000000707800000, 0x0000000707800000| Untracked 
|  91|0x0000000707900000, 0x0000000707900000, 0x0000000707a00000|  0%| F|  |TAMS 0x0000000707900000, 0x0000000707900000| Untracked 
|  92|0x0000000707a00000, 0x0000000707a00000, 0x0000000707b00000|  0%| F|  |TAMS 0x0000000707a00000, 0x0000000707a00000| Untracked 
|  93|0x0000000707b00000, 0x0000000707b00000, 0x0000000707c00000|  0%| F|  |TAMS 0x0000000707b00000, 0x0000000707b00000| Untracked 
|  94|0x0000000707c00000, 0x0000000707c00000, 0x0000000707d00000|  0%| F|  |TAMS 0x0000000707c00000, 0x0000000707c00000| Untracked 
|  95|0x0000000707d00000, 0x0000000707d00000, 0x0000000707e00000|  0%| F|  |TAMS 0x0000000707d00000, 0x0000000707d00000| Untracked 
|  96|0x0000000707e00000, 0x0000000707e00000, 0x0000000707f00000|  0%| F|  |TAMS 0x0000000707e00000, 0x0000000707e00000| Untracked 
|  97|0x0000000707f00000, 0x0000000707f00000, 0x0000000708000000|  0%| F|  |TAMS 0x0000000707f00000, 0x0000000707f00000| Untracked 
|  98|0x0000000708000000, 0x0000000708000000, 0x0000000708100000|  0%| F|  |TAMS 0x0000000708000000, 0x0000000708000000| Untracked 
|  99|0x0000000708100000, 0x0000000708100000, 0x0000000708200000|  0%| F|  |TAMS 0x0000000708100000, 0x0000000708100000| Untracked 
| 100|0x0000000708200000, 0x0000000708200000, 0x0000000708300000|  0%| F|  |TAMS 0x0000000708200000, 0x0000000708200000| Untracked 
| 101|0x0000000708300000, 0x0000000708300000, 0x0000000708400000|  0%| F|  |TAMS 0x0000000708300000, 0x0000000708300000| Untracked 
| 102|0x0000000708400000, 0x0000000708400000, 0x0000000708500000|  0%| F|  |TAMS 0x0000000708400000, 0x0000000708400000| Untracked 
| 103|0x0000000708500000, 0x0000000708500000, 0x0000000708600000|  0%| F|  |TAMS 0x0000000708500000, 0x0000000708500000| Untracked 
| 104|0x0000000708600000, 0x0000000708600000, 0x0000000708700000|  0%| F|  |TAMS 0x0000000708600000, 0x0000000708600000| Untracked 
| 105|0x0000000708700000, 0x0000000708700000, 0x0000000708800000|  0%| F|  |TAMS 0x0000000708700000, 0x0000000708700000| Untracked 
| 106|0x0000000708800000, 0x0000000708800000, 0x0000000708900000|  0%| F|  |TAMS 0x0000000708800000, 0x0000000708800000| Untracked 
| 107|0x0000000708900000, 0x0000000708900000, 0x0000000708a00000|  0%| F|  |TAMS 0x0000000708900000, 0x0000000708900000| Untracked 
| 108|0x0000000708a00000, 0x0000000708a00000, 0x0000000708b00000|  0%| F|  |TAMS 0x0000000708a00000, 0x0000000708a00000| Untracked 
| 109|0x0000000708b00000, 0x0000000708b00000, 0x0000000708c00000|  0%| F|  |TAMS 0x0000000708b00000, 0x0000000708b00000| Untracked 
| 110|0x0000000708c00000, 0x0000000708c00000, 0x0000000708d00000|  0%| F|  |TAMS 0x0000000708c00000, 0x0000000708c00000| Untracked 
| 111|0x0000000708d00000, 0x0000000708d00000, 0x0000000708e00000|  0%| F|  |TAMS 0x0000000708d00000, 0x0000000708d00000| Untracked 
| 112|0x0000000708e00000, 0x0000000708e00000, 0x0000000708f00000|  0%| F|  |TAMS 0x0000000708e00000, 0x0000000708e00000| Untracked 
| 113|0x0000000708f00000, 0x0000000708f00000, 0x0000000709000000|  0%| F|  |TAMS 0x0000000708f00000, 0x0000000708f00000| Untracked 
| 114|0x0000000709000000, 0x0000000709000000, 0x0000000709100000|  0%| F|  |TAMS 0x0000000709000000, 0x0000000709000000| Untracked 
| 115|0x0000000709100000, 0x0000000709100000, 0x0000000709200000|  0%| F|  |TAMS 0x0000000709100000, 0x0000000709100000| Untracked 
| 116|0x0000000709200000, 0x0000000709200000, 0x0000000709300000|  0%| F|  |TAMS 0x0000000709200000, 0x0000000709200000| Untracked 
| 117|0x0000000709300000, 0x0000000709300000, 0x0000000709400000|  0%| F|  |TAMS 0x0000000709300000, 0x0000000709300000| Untracked 
| 118|0x0000000709400000, 0x0000000709400000, 0x0000000709500000|  0%| F|  |TAMS 0x0000000709400000, 0x0000000709400000| Untracked 
| 119|0x0000000709500000, 0x0000000709500000, 0x0000000709600000|  0%| F|  |TAMS 0x0000000709500000, 0x0000000709500000| Untracked 
| 120|0x0000000709600000, 0x0000000709600000, 0x0000000709700000|  0%| F|  |TAMS 0x0000000709600000, 0x0000000709600000| Untracked 
| 121|0x0000000709700000, 0x0000000709700000, 0x0000000709800000|  0%| F|  |TAMS 0x0000000709700000, 0x0000000709700000| Untracked 
| 122|0x0000000709800000, 0x0000000709800000, 0x0000000709900000|  0%| F|  |TAMS 0x0000000709800000, 0x0000000709800000| Untracked 
| 123|0x0000000709900000, 0x0000000709900000, 0x0000000709a00000|  0%| F|  |TAMS 0x0000000709900000, 0x0000000709900000| Untracked 
| 124|0x0000000709a00000, 0x0000000709a00000, 0x0000000709b00000|  0%| F|  |TAMS 0x0000000709a00000, 0x0000000709a00000| Untracked 
| 125|0x0000000709b00000, 0x0000000709b00000, 0x0000000709c00000|  0%| F|  |TAMS 0x0000000709b00000, 0x0000000709b00000| Untracked 
| 126|0x0000000709c00000, 0x0000000709c00000, 0x0000000709d00000|  0%| F|  |TAMS 0x0000000709c00000, 0x0000000709c00000| Untracked 
| 127|0x0000000709d00000, 0x0000000709d00000, 0x0000000709e00000|  0%| F|  |TAMS 0x0000000709d00000, 0x0000000709d00000| Untracked 
| 128|0x0000000709e00000, 0x0000000709e00000, 0x0000000709f00000|  0%| F|  |TAMS 0x0000000709e00000, 0x0000000709e00000| Untracked 
| 129|0x0000000709f00000, 0x0000000709f00000, 0x000000070a000000|  0%| F|  |TAMS 0x0000000709f00000, 0x0000000709f00000| Untracked 
| 130|0x000000070a000000, 0x000000070a000000, 0x000000070a100000|  0%| F|  |TAMS 0x000000070a000000, 0x000000070a000000| Untracked 
| 131|0x000000070a100000, 0x000000070a100000, 0x000000070a200000|  0%| F|  |TAMS 0x000000070a100000, 0x000000070a100000| Untracked 
| 132|0x000000070a200000, 0x000000070a200000, 0x000000070a300000|  0%| F|  |TAMS 0x000000070a200000, 0x000000070a200000| Untracked 
| 133|0x000000070a300000, 0x000000070a300000, 0x000000070a400000|  0%| F|  |TAMS 0x000000070a300000, 0x000000070a300000| Untracked 
| 134|0x000000070a400000, 0x000000070a400000, 0x000000070a500000|  0%| F|  |TAMS 0x000000070a400000, 0x000000070a400000| Untracked 
| 135|0x000000070a500000, 0x000000070a500000, 0x000000070a600000|  0%| F|  |TAMS 0x000000070a500000, 0x000000070a500000| Untracked 
| 136|0x000000070a600000, 0x000000070a600000, 0x000000070a700000|  0%| F|  |TAMS 0x000000070a600000, 0x000000070a600000| Untracked 
| 137|0x000000070a700000, 0x000000070a700000, 0x000000070a800000|  0%| F|  |TAMS 0x000000070a700000, 0x000000070a700000| Untracked 
| 138|0x000000070a800000, 0x000000070a800000, 0x000000070a900000|  0%| F|  |TAMS 0x000000070a800000, 0x000000070a800000| Untracked 
| 139|0x000000070a900000, 0x000000070a900000, 0x000000070aa00000|  0%| F|  |TAMS 0x000000070a900000, 0x000000070a900000| Untracked 
| 140|0x000000070aa00000, 0x000000070aa00000, 0x000000070ab00000|  0%| F|  |TAMS 0x000000070aa00000, 0x000000070aa00000| Untracked 
| 141|0x000000070ab00000, 0x000000070ab00000, 0x000000070ac00000|  0%| F|  |TAMS 0x000000070ab00000, 0x000000070ab00000| Untracked 
| 142|0x000000070ac00000, 0x000000070ac00000, 0x000000070ad00000|  0%| F|  |TAMS 0x000000070ac00000, 0x000000070ac00000| Untracked 
| 143|0x000000070ad00000, 0x000000070ad00000, 0x000000070ae00000|  0%| F|  |TAMS 0x000000070ad00000, 0x000000070ad00000| Untracked 
| 144|0x000000070ae00000, 0x000000070ae00000, 0x000000070af00000|  0%| F|  |TAMS 0x000000070ae00000, 0x000000070ae00000| Untracked 
| 145|0x000000070af00000, 0x000000070af00000, 0x000000070b000000|  0%| F|  |TAMS 0x000000070af00000, 0x000000070af00000| Untracked 
| 146|0x000000070b000000, 0x000000070b000000, 0x000000070b100000|  0%| F|  |TAMS 0x000000070b000000, 0x000000070b000000| Untracked 
| 147|0x000000070b100000, 0x000000070b100000, 0x000000070b200000|  0%| F|  |TAMS 0x000000070b100000, 0x000000070b100000| Untracked 
| 148|0x000000070b200000, 0x000000070b200000, 0x000000070b300000|  0%| F|  |TAMS 0x000000070b200000, 0x000000070b200000| Untracked 
| 149|0x000000070b300000, 0x000000070b300000, 0x000000070b400000|  0%| F|  |TAMS 0x000000070b300000, 0x000000070b300000| Untracked 
| 150|0x000000070b400000, 0x000000070b400000, 0x000000070b500000|  0%| F|  |TAMS 0x000000070b400000, 0x000000070b400000| Untracked 
| 151|0x000000070b500000, 0x000000070b500000, 0x000000070b600000|  0%| F|  |TAMS 0x000000070b500000, 0x000000070b500000| Untracked 
| 152|0x000000070b600000, 0x000000070b600000, 0x000000070b700000|  0%| F|  |TAMS 0x000000070b600000, 0x000000070b600000| Untracked 
| 153|0x000000070b700000, 0x000000070b700000, 0x000000070b800000|  0%| F|  |TAMS 0x000000070b700000, 0x000000070b700000| Untracked 
| 154|0x000000070b800000, 0x000000070b800000, 0x000000070b900000|  0%| F|  |TAMS 0x000000070b800000, 0x000000070b800000| Untracked 
| 155|0x000000070b900000, 0x000000070b900000, 0x000000070ba00000|  0%| F|  |TAMS 0x000000070b900000, 0x000000070b900000| Untracked 
| 156|0x000000070ba00000, 0x000000070ba00000, 0x000000070bb00000|  0%| F|  |TAMS 0x000000070ba00000, 0x000000070ba00000| Untracked 
| 157|0x000000070bb00000, 0x000000070bb00000, 0x000000070bc00000|  0%| F|  |TAMS 0x000000070bb00000, 0x000000070bb00000| Untracked 
| 158|0x000000070bc00000, 0x000000070bc00000, 0x000000070bd00000|  0%| F|  |TAMS 0x000000070bc00000, 0x000000070bc00000| Untracked 
| 159|0x000000070bd00000, 0x000000070bd00000, 0x000000070be00000|  0%| F|  |TAMS 0x000000070bd00000, 0x000000070bd00000| Untracked 
| 160|0x000000070be00000, 0x000000070be00000, 0x000000070bf00000|  0%| F|  |TAMS 0x000000070be00000, 0x000000070be00000| Untracked 
| 161|0x000000070bf00000, 0x000000070bf00000, 0x000000070c000000|  0%| F|  |TAMS 0x000000070bf00000, 0x000000070bf00000| Untracked 
| 162|0x000000070c000000, 0x000000070c000000, 0x000000070c100000|  0%| F|  |TAMS 0x000000070c000000, 0x000000070c000000| Untracked 
| 163|0x000000070c100000, 0x000000070c100000, 0x000000070c200000|  0%| F|  |TAMS 0x000000070c100000, 0x000000070c100000| Untracked 
| 164|0x000000070c200000, 0x000000070c200000, 0x000000070c300000|  0%| F|  |TAMS 0x000000070c200000, 0x000000070c200000| Untracked 
| 165|0x000000070c300000, 0x000000070c300000, 0x000000070c400000|  0%| F|  |TAMS 0x000000070c300000, 0x000000070c300000| Untracked 
| 166|0x000000070c400000, 0x000000070c400000, 0x000000070c500000|  0%| F|  |TAMS 0x000000070c400000, 0x000000070c400000| Untracked 
| 167|0x000000070c500000, 0x000000070c500000, 0x000000070c600000|  0%| F|  |TAMS 0x000000070c500000, 0x000000070c500000| Untracked 
| 168|0x000000070c600000, 0x000000070c600000, 0x000000070c700000|  0%| F|  |TAMS 0x000000070c600000, 0x000000070c600000| Untracked 
| 169|0x000000070c700000, 0x000000070c700000, 0x000000070c800000|  0%| F|  |TAMS 0x000000070c700000, 0x000000070c700000| Untracked 
| 170|0x000000070c800000, 0x000000070c800000, 0x000000070c900000|  0%| F|  |TAMS 0x000000070c800000, 0x000000070c800000| Untracked 
| 171|0x000000070c900000, 0x000000070c900000, 0x000000070ca00000|  0%| F|  |TAMS 0x000000070c900000, 0x000000070c900000| Untracked 
| 172|0x000000070ca00000, 0x000000070ca00000, 0x000000070cb00000|  0%| F|  |TAMS 0x000000070ca00000, 0x000000070ca00000| Untracked 
| 173|0x000000070cb00000, 0x000000070cb00000, 0x000000070cc00000|  0%| F|  |TAMS 0x000000070cb00000, 0x000000070cb00000| Untracked 
| 174|0x000000070cc00000, 0x000000070cc00000, 0x000000070cd00000|  0%| F|  |TAMS 0x000000070cc00000, 0x000000070cc00000| Untracked 
| 175|0x000000070cd00000, 0x000000070cd00000, 0x000000070ce00000|  0%| F|  |TAMS 0x000000070cd00000, 0x000000070cd00000| Untracked 
| 176|0x000000070ce00000, 0x000000070ce00000, 0x000000070cf00000|  0%| F|  |TAMS 0x000000070ce00000, 0x000000070ce00000| Untracked 
| 177|0x000000070cf00000, 0x000000070cf00000, 0x000000070d000000|  0%| F|  |TAMS 0x000000070cf00000, 0x000000070cf00000| Untracked 
| 178|0x000000070d000000, 0x000000070d000000, 0x000000070d100000|  0%| F|  |TAMS 0x000000070d000000, 0x000000070d000000| Untracked 
| 179|0x000000070d100000, 0x000000070d100000, 0x000000070d200000|  0%| F|  |TAMS 0x000000070d100000, 0x000000070d100000| Untracked 
| 180|0x000000070d200000, 0x000000070d200000, 0x000000070d300000|  0%| F|  |TAMS 0x000000070d200000, 0x000000070d200000| Untracked 
| 181|0x000000070d300000, 0x000000070d300000, 0x000000070d400000|  0%| F|  |TAMS 0x000000070d300000, 0x000000070d300000| Untracked 
| 182|0x000000070d400000, 0x000000070d400000, 0x000000070d500000|  0%| F|  |TAMS 0x000000070d400000, 0x000000070d400000| Untracked 
| 183|0x000000070d500000, 0x000000070d500000, 0x000000070d600000|  0%| F|  |TAMS 0x000000070d500000, 0x000000070d500000| Untracked 
| 184|0x000000070d600000, 0x000000070d600000, 0x000000070d700000|  0%| F|  |TAMS 0x000000070d600000, 0x000000070d600000| Untracked 
| 185|0x000000070d700000, 0x000000070d700000, 0x000000070d800000|  0%| F|  |TAMS 0x000000070d700000, 0x000000070d700000| Untracked 
| 186|0x000000070d800000, 0x000000070d800000, 0x000000070d900000|  0%| F|  |TAMS 0x000000070d800000, 0x000000070d800000| Untracked 
| 187|0x000000070d900000, 0x000000070d900000, 0x000000070da00000|  0%| F|  |TAMS 0x000000070d900000, 0x000000070d900000| Untracked 
| 188|0x000000070da00000, 0x000000070da00000, 0x000000070db00000|  0%| F|  |TAMS 0x000000070da00000, 0x000000070da00000| Untracked 
| 189|0x000000070db00000, 0x000000070db00000, 0x000000070dc00000|  0%| F|  |TAMS 0x000000070db00000, 0x000000070db00000| Untracked 
| 190|0x000000070dc00000, 0x000000070dc00000, 0x000000070dd00000|  0%| F|  |TAMS 0x000000070dc00000, 0x000000070dc00000| Untracked 
| 191|0x000000070dd00000, 0x000000070dd00000, 0x000000070de00000|  0%| F|  |TAMS 0x000000070dd00000, 0x000000070dd00000| Untracked 
| 192|0x000000070de00000, 0x000000070de00000, 0x000000070df00000|  0%| F|  |TAMS 0x000000070de00000, 0x000000070de00000| Untracked 
| 193|0x000000070df00000, 0x000000070df00000, 0x000000070e000000|  0%| F|  |TAMS 0x000000070df00000, 0x000000070df00000| Untracked 
| 194|0x000000070e000000, 0x000000070e000000, 0x000000070e100000|  0%| F|  |TAMS 0x000000070e000000, 0x000000070e000000| Untracked 
| 195|0x000000070e100000, 0x000000070e100000, 0x000000070e200000|  0%| F|  |TAMS 0x000000070e100000, 0x000000070e100000| Untracked 
| 196|0x000000070e200000, 0x000000070e200000, 0x000000070e300000|  0%| F|  |TAMS 0x000000070e200000, 0x000000070e200000| Untracked 
| 197|0x000000070e300000, 0x000000070e300000, 0x000000070e400000|  0%| F|  |TAMS 0x000000070e300000, 0x000000070e300000| Untracked 
| 198|0x000000070e400000, 0x000000070e400000, 0x000000070e500000|  0%| F|  |TAMS 0x000000070e400000, 0x000000070e400000| Untracked 
| 199|0x000000070e500000, 0x000000070e500000, 0x000000070e600000|  0%| F|  |TAMS 0x000000070e500000, 0x000000070e500000| Untracked 
| 200|0x000000070e600000, 0x000000070e600000, 0x000000070e700000|  0%| F|  |TAMS 0x000000070e600000, 0x000000070e600000| Untracked 
| 201|0x000000070e700000, 0x000000070e700000, 0x000000070e800000|  0%| F|  |TAMS 0x000000070e700000, 0x000000070e700000| Untracked 
| 202|0x000000070e800000, 0x000000070e800000, 0x000000070e900000|  0%| F|  |TAMS 0x000000070e800000, 0x000000070e800000| Untracked 
| 203|0x000000070e900000, 0x000000070e900000, 0x000000070ea00000|  0%| F|  |TAMS 0x000000070e900000, 0x000000070e900000| Untracked 
| 204|0x000000070ea00000, 0x000000070eb00000, 0x000000070eb00000|100%| S|CS|TAMS 0x000000070ea00000, 0x000000070ea00000| Complete 
| 205|0x000000070eb00000, 0x000000070ec00000, 0x000000070ec00000|100%| S|CS|TAMS 0x000000070eb00000, 0x000000070eb00000| Complete 
| 206|0x000000070ec00000, 0x000000070ed00000, 0x000000070ed00000|100%| S|CS|TAMS 0x000000070ec00000, 0x000000070ec00000| Complete 
| 207|0x000000070ed00000, 0x000000070ee00000, 0x000000070ee00000|100%| S|CS|TAMS 0x000000070ed00000, 0x000000070ed00000| Complete 
| 208|0x000000070ee00000, 0x000000070ef00000, 0x000000070ef00000|100%| S|CS|TAMS 0x000000070ee00000, 0x000000070ee00000| Complete 
| 209|0x000000070ef00000, 0x000000070f000000, 0x000000070f000000|100%| S|CS|TAMS 0x000000070ef00000, 0x000000070ef00000| Complete 
| 210|0x000000070f000000, 0x000000070f100000, 0x000000070f100000|100%| S|CS|TAMS 0x000000070f000000, 0x000000070f000000| Complete 
| 211|0x000000070f100000, 0x000000070f200000, 0x000000070f200000|100%| S|CS|TAMS 0x000000070f100000, 0x000000070f100000| Complete 
| 212|0x000000070f200000, 0x000000070f300000, 0x000000070f300000|100%| S|CS|TAMS 0x000000070f200000, 0x000000070f200000| Complete 
| 213|0x000000070f300000, 0x000000070f400000, 0x000000070f400000|100%| S|CS|TAMS 0x000000070f300000, 0x000000070f300000| Complete 
| 214|0x000000070f400000, 0x000000070f500000, 0x000000070f500000|100%| S|CS|TAMS 0x000000070f400000, 0x000000070f400000| Complete 
| 215|0x000000070f500000, 0x000000070f500000, 0x000000070f600000|  0%| F|  |TAMS 0x000000070f500000, 0x000000070f500000| Untracked 
| 216|0x000000070f600000, 0x000000070f600000, 0x000000070f700000|  0%| F|  |TAMS 0x000000070f600000, 0x000000070f600000| Untracked 
| 217|0x000000070f700000, 0x000000070f700000, 0x000000070f800000|  0%| F|  |TAMS 0x000000070f700000, 0x000000070f700000| Untracked 
| 218|0x000000070f800000, 0x000000070f800000, 0x000000070f900000|  0%| F|  |TAMS 0x000000070f800000, 0x000000070f800000| Untracked 
| 219|0x000000070f900000, 0x000000070f900000, 0x000000070fa00000|  0%| F|  |TAMS 0x000000070f900000, 0x000000070f900000| Untracked 
| 220|0x000000070fa00000, 0x000000070fa00000, 0x000000070fb00000|  0%| F|  |TAMS 0x000000070fa00000, 0x000000070fa00000| Untracked 
| 221|0x000000070fb00000, 0x000000070fb00000, 0x000000070fc00000|  0%| F|  |TAMS 0x000000070fb00000, 0x000000070fb00000| Untracked 
| 222|0x000000070fc00000, 0x000000070fc00000, 0x000000070fd00000|  0%| F|  |TAMS 0x000000070fc00000, 0x000000070fc00000| Untracked 
| 223|0x000000070fd00000, 0x000000070fd00000, 0x000000070fe00000|  0%| F|  |TAMS 0x000000070fd00000, 0x000000070fd00000| Untracked 
| 224|0x000000070fe00000, 0x000000070fe00000, 0x000000070ff00000|  0%| F|  |TAMS 0x000000070fe00000, 0x000000070fe00000| Untracked 
| 225|0x000000070ff00000, 0x000000070ff00000, 0x0000000710000000|  0%| F|  |TAMS 0x000000070ff00000, 0x000000070ff00000| Untracked 
| 226|0x0000000710000000, 0x0000000710000000, 0x0000000710100000|  0%| F|  |TAMS 0x0000000710000000, 0x0000000710000000| Untracked 
| 227|0x0000000710100000, 0x0000000710100000, 0x0000000710200000|  0%| F|  |TAMS 0x0000000710100000, 0x0000000710100000| Untracked 
| 228|0x0000000710200000, 0x0000000710200000, 0x0000000710300000|  0%| F|  |TAMS 0x0000000710200000, 0x0000000710200000| Untracked 
| 229|0x0000000710300000, 0x0000000710300000, 0x0000000710400000|  0%| F|  |TAMS 0x0000000710300000, 0x0000000710300000| Untracked 
| 230|0x0000000710400000, 0x0000000710400000, 0x0000000710500000|  0%| F|  |TAMS 0x0000000710400000, 0x0000000710400000| Untracked 
| 231|0x0000000710500000, 0x0000000710500000, 0x0000000710600000|  0%| F|  |TAMS 0x0000000710500000, 0x0000000710500000| Untracked 
| 232|0x0000000710600000, 0x0000000710600000, 0x0000000710700000|  0%| F|  |TAMS 0x0000000710600000, 0x0000000710600000| Untracked 
| 233|0x0000000710700000, 0x0000000710700000, 0x0000000710800000|  0%| F|  |TAMS 0x0000000710700000, 0x0000000710700000| Untracked 
| 234|0x0000000710800000, 0x0000000710800000, 0x0000000710900000|  0%| F|  |TAMS 0x0000000710800000, 0x0000000710800000| Untracked 
| 235|0x0000000710900000, 0x0000000710900000, 0x0000000710a00000|  0%| F|  |TAMS 0x0000000710900000, 0x0000000710900000| Untracked 
| 236|0x0000000710a00000, 0x0000000710a00000, 0x0000000710b00000|  0%| F|  |TAMS 0x0000000710a00000, 0x0000000710a00000| Untracked 
| 237|0x0000000710b00000, 0x0000000710b00000, 0x0000000710c00000|  0%| F|  |TAMS 0x0000000710b00000, 0x0000000710b00000| Untracked 
| 238|0x0000000710c00000, 0x0000000710c00000, 0x0000000710d00000|  0%| F|  |TAMS 0x0000000710c00000, 0x0000000710c00000| Untracked 
| 239|0x0000000710d00000, 0x0000000710d00000, 0x0000000710e00000|  0%| F|  |TAMS 0x0000000710d00000, 0x0000000710d00000| Untracked 
| 240|0x0000000710e00000, 0x0000000710e00000, 0x0000000710f00000|  0%| F|  |TAMS 0x0000000710e00000, 0x0000000710e00000| Untracked 
| 241|0x0000000710f00000, 0x0000000710f00000, 0x0000000711000000|  0%| F|  |TAMS 0x0000000710f00000, 0x0000000710f00000| Untracked 
| 242|0x0000000711000000, 0x0000000711000000, 0x0000000711100000|  0%| F|  |TAMS 0x0000000711000000, 0x0000000711000000| Untracked 
| 243|0x0000000711100000, 0x0000000711149930, 0x0000000711200000| 28%| E|  |TAMS 0x0000000711100000, 0x0000000711100000| Complete 
| 244|0x0000000711200000, 0x0000000711300000, 0x0000000711300000|100%| E|CS|TAMS 0x0000000711200000, 0x0000000711200000| Complete 
| 245|0x0000000711300000, 0x0000000711400000, 0x0000000711400000|100%| E|CS|TAMS 0x0000000711300000, 0x0000000711300000| Complete 
| 246|0x0000000711400000, 0x0000000711500000, 0x0000000711500000|100%| E|CS|TAMS 0x0000000711400000, 0x0000000711400000| Complete 
| 247|0x0000000711500000, 0x0000000711600000, 0x0000000711600000|100%| E|CS|TAMS 0x0000000711500000, 0x0000000711500000| Complete 
| 248|0x0000000711600000, 0x0000000711700000, 0x0000000711700000|100%| E|CS|TAMS 0x0000000711600000, 0x0000000711600000| Complete 
| 249|0x0000000711700000, 0x0000000711800000, 0x0000000711800000|100%| E|CS|TAMS 0x0000000711700000, 0x0000000711700000| Complete 
| 250|0x0000000711800000, 0x0000000711900000, 0x0000000711900000|100%| E|CS|TAMS 0x0000000711800000, 0x0000000711800000| Complete 
| 251|0x0000000711900000, 0x0000000711a00000, 0x0000000711a00000|100%| E|CS|TAMS 0x0000000711900000, 0x0000000711900000| Complete 
| 252|0x0000000711a00000, 0x0000000711b00000, 0x0000000711b00000|100%| E|CS|TAMS 0x0000000711a00000, 0x0000000711a00000| Complete 
| 253|0x0000000711b00000, 0x0000000711c00000, 0x0000000711c00000|100%| E|CS|TAMS 0x0000000711b00000, 0x0000000711b00000| Complete 
| 254|0x0000000711c00000, 0x0000000711d00000, 0x0000000711d00000|100%| E|CS|TAMS 0x0000000711c00000, 0x0000000711c00000| Complete 
| 255|0x0000000711d00000, 0x0000000711e00000, 0x0000000711e00000|100%| E|CS|TAMS 0x0000000711d00000, 0x0000000711d00000| Complete 

Card table byte_map: [0x000001b9f5760000,0x000001b9f5f60000] _byte_map_base: 0x000001b9f1f51000

Marking Bits (Prev, Next): (CMBitMap*) 0x000001b9ecc995b0, (CMBitMap*) 0x000001b9ecc99578
 Prev Bits: [0x000001b9fa6f0000, 0x000001b9fe678000)
 Next Bits: [0x000001b9f6760000, 0x000001b9fa6e8000)

Polling page: 0x000001b9eabf0000

Metaspace:

Usage:
  Non-class:     52.41 MB capacity,    51.69 MB ( 99%) used,   566.52 KB (  1%) free+waste,   175.81 KB ( <1%) overhead. 
      Class:      7.11 MB capacity,     6.55 MB ( 92%) used,   493.83 KB (  7%) free+waste,    83.44 KB (  1%) overhead. 
       Both:     59.52 MB capacity,    58.23 MB ( 98%) used,     1.04 MB (  2%) free+waste,   259.25 KB ( <1%) overhead. 

Virtual space:
  Non-class space:       54.00 MB reserved,      52.55 MB ( 97%) committed 
      Class space:        1.00 GB reserved,       7.13 MB ( <1%) committed 
             Both:        1.05 GB reserved,      59.67 MB (  6%) committed 

Chunk freelists:
   Non-Class:  1.38 KB
       Class:  2.00 KB
        Both:  3.38 KB

CodeHeap 'non-profiled nmethods': size=120064Kb used=4636Kb max_used=4636Kb free=115427Kb
 bounds [0x000001b987ac0000, 0x000001b987f80000, 0x000001b98f000000]
CodeHeap 'profiled nmethods': size=120000Kb used=18922Kb max_used=19540Kb free=101077Kb
 bounds [0x000001b980590000, 0x000001b9819b0000, 0x000001b987ac0000]
CodeHeap 'non-nmethods': size=5696Kb used=1457Kb max_used=1496Kb free=4238Kb
 bounds [0x000001b980000000, 0x000001b980270000, 0x000001b980590000]
 total_blobs=11025 nmethods=7023 adapters=836
 compilation: enabled
              stopped_count=0, restarted_count=0
 full_count=0

Compilation events (10 events):
Event: 15.380 Thread 0x000001b997e34800 nmethod 7890% 0x000001b987c5b090 code [0x000001b987c5b3a0, 0x000001b987c5da40]
Event: 15.383 Thread 0x000001b9ff44c000 7891   !   3       ai::al (144 bytes)
Event: 15.383 Thread 0x000001b9ff447000 7894 % !   4       fp::n @ 4651 (7421 bytes)
Event: 15.384 Thread 0x000001b9ff44c000 nmethod 7891 0x000001b980775a10 code [0x000001b980775cc0, 0x000001b9807769f0]
Event: 15.384 Thread 0x000001b9ff44c000 7893   !   3       kr::f (1753 bytes)
Event: 15.387 Thread 0x000001b9ff44c000 nmethod 7893 0x000001b9809f4610 code [0x000001b9809f50a0, 0x000001b9809fb290]
Event: 15.387 Thread 0x000001b9ff44c000 7895       3       java.util.concurrent.locks.AbstractQueuedSynchronizer::addWaiter (46 bytes)
Event: 15.388 Thread 0x000001b9ff44c000 nmethod 7895 0x000001b980789090 code [0x000001b980789500, 0x000001b98078b600]
Event: 15.388 Thread 0x000001b9ff44c000 7892   !   3       client::es (92 bytes)
Event: 15.389 Thread 0x000001b9ff44c000 nmethod 7892 0x000001b980778b90 code [0x000001b980778e60, 0x000001b980779a20]

GC Heap History (10 events):
Event: 4.955 GC heap before
{Heap before GC invocations=4 (full 0):
 garbage-first heap   total 262144K, used 48434K [0x0000000701e00000, 0x0000000800000000)
  region size 1024K, 45 young (46080K), 3 survivors (3072K)
 Metaspace       used 35337K, capacity 35767K, committed 35920K, reserved 1081344K
  class space    used 3951K, capacity 4096K, committed 4096K, reserved 1048576K
}
Event: 4.960 GC heap after
{Heap after GC invocations=5 (full 0):
 garbage-first heap   total 262144K, used 10308K [0x0000000701e00000, 0x0000000800000000)
  region size 1024K, 6 young (6144K), 6 survivors (6144K)
 Metaspace       used 35337K, capacity 35767K, committed 35920K, reserved 1081344K
  class space    used 3951K, capacity 4096K, committed 4096K, reserved 1048576K
}
Event: 9.211 GC heap before
{Heap before GC invocations=6 (full 0):
 garbage-first heap   total 262144K, used 146500K [0x0000000701e00000, 0x0000000800000000)
  region size 1024K, 134 young (137216K), 6 survivors (6144K)
 Metaspace       used 55817K, capacity 57090K, committed 57296K, reserved 1099776K
  class space    used 6459K, capacity 7025K, committed 7040K, reserved 1048576K
}
Event: 9.229 GC heap after
{Heap after GC invocations=7 (full 0):
 garbage-first heap   total 262144K, used 35880K [0x0000000701e00000, 0x0000000800000000)
  region size 1024K, 17 young (17408K), 17 survivors (17408K)
 Metaspace       used 55817K, capacity 57090K, committed 57296K, reserved 1099776K
  class space    used 6459K, capacity 7025K, committed 7040K, reserved 1048576K
}
Event: 9.510 GC heap before
{Heap before GC invocations=7 (full 0):
 garbage-first heap   total 262144K, used 46120K [0x0000000701e00000, 0x0000000800000000)
  region size 1024K, 27 young (27648K), 17 survivors (17408K)
 Metaspace       used 55950K, capacity 57245K, committed 57296K, reserved 1099776K
  class space    used 6465K, capacity 7032K, committed 7040K, reserved 1048576K
}
Event: 9.521 GC heap after
{Heap after GC invocations=8 (full 0):
 garbage-first heap   total 262144K, used 38613K [0x0000000701e00000, 0x0000000800000000)
  region size 1024K, 2 young (2048K), 2 survivors (2048K)
 Metaspace       used 55950K, capacity 57245K, committed 57296K, reserved 1099776K
  class space    used 6465K, capacity 7032K, committed 7040K, reserved 1048576K
}
Event: 11.714 GC heap before
{Heap before GC invocations=8 (full 0):
 garbage-first heap   total 262144K, used 105173K [0x0000000701e00000, 0x0000000800000000)
  region size 1024K, 68 young (69632K), 2 survivors (2048K)
 Metaspace       used 57938K, capacity 59257K, committed 59472K, reserved 1101824K
  class space    used 6584K, capacity 7165K, committed 7168K, reserved 1048576K
}
Event: 11.724 GC heap after
{Heap after GC invocations=9 (full 0):
 garbage-first heap   total 262144K, used 66048K [0x0000000701e00000, 0x0000000800000000)
  region size 1024K, 9 young (9216K), 9 survivors (9216K)
 Metaspace       used 57938K, capacity 59257K, committed 59472K, reserved 1101824K
  class space    used 6584K, capacity 7165K, committed 7168K, reserved 1048576K
}
Event: 12.609 GC heap before
{Heap before GC invocations=9 (full 0):
 garbage-first heap   total 262144K, used 110080K [0x0000000701e00000, 0x0000000800000000)
  region size 1024K, 50 young (51200K), 9 survivors (9216K)
 Metaspace       used 58695K, capacity 59984K, committed 60080K, reserved 1101824K
  class space    used 6662K, capacity 7237K, committed 7296K, reserved 1048576K
}
Event: 12.617 GC heap after
{Heap after GC invocations=10 (full 0):
 garbage-first heap   total 262144K, used 79490K [0x0000000701e00000, 0x0000000800000000)
  region size 1024K, 11 young (11264K), 11 survivors (11264K)
 Metaspace       used 58695K, capacity 59984K, committed 60080K, reserved 1101824K
  class space    used 6662K, capacity 7237K, committed 7296K, reserved 1048576K
}

Deoptimization events (10 events):
Event: 14.683 Thread 0x000001b991fc2800 Uncommon trap: reason=profile_predicate action=maybe_recompile pc=0x000001b987f56934 method=fp.n(Lka;Lka;Lka;ZB)V @ 5490 c2
Event: 14.683 Thread 0x000001b991fc2800 Uncommon trap: reason=profile_predicate action=maybe_recompile pc=0x000001b987bcd784 method=fp.n(Lka;Lka;Lka;ZB)V @ 5724 c2
Event: 14.724 Thread 0x000001b991fc2800 Uncommon trap: reason=profile_predicate action=maybe_recompile pc=0x000001b987f56934 method=fp.n(Lka;Lka;Lka;ZB)V @ 5490 c2
Event: 14.724 Thread 0x000001b991fc2800 Uncommon trap: reason=profile_predicate action=maybe_recompile pc=0x000001b987bcd784 method=fp.n(Lka;Lka;Lka;ZB)V @ 5724 c2
Event: 14.768 Thread 0x000001b991fc2800 Uncommon trap: reason=profile_predicate action=maybe_recompile pc=0x000001b987bdad70 method=fp.n(Lka;Lka;Lka;ZB)V @ 5724 c2
Event: 14.810 Thread 0x000001b991fc2800 Uncommon trap: reason=unstable_if action=reinterpret pc=0x000001b987b6cf3c method=lk.b([I[B[IIIIIII)V @ 229 c2
Event: 14.843 Thread 0x000001b991fc2800 Uncommon trap: reason=profile_predicate action=maybe_recompile pc=0x000001b987bb209c method=fp.n(Lka;Lka;Lka;ZB)V @ 5541 c2
Event: 14.923 Thread 0x000001b991fc2800 Uncommon trap: reason=profile_predicate action=maybe_recompile pc=0x000001b987c4539c method=fp.n(Lka;Lka;Lka;ZB)V @ 5541 c2
Event: 15.003 Thread 0x000001b991fc2800 Uncommon trap: reason=profile_predicate action=maybe_recompile pc=0x000001b987bb209c method=fp.n(Lka;Lka;Lka;ZB)V @ 5541 c2
Event: 15.203 Thread 0x000001b991fc2800 Uncommon trap: reason=unloaded action=reinterpret pc=0x000001b987f60900 method=fp.n(Lka;Lka;Lka;ZB)V @ 6810 c2

Classes redefined (0 events):
No events

Internal exceptions (10 events):
Event: 8.398 Thread 0x000001b991fbe800 Exception <a 'java/lang/NoSuchMethodError'{0x000000070ba96d50}: java.lang.invoke.DirectMethodHandle$Holder.invokeVirtual(Ljava/lang/Object;Ljava/lang/Object;)J> (0x000000070ba96d50) thrown at [t:/workspace/open/src/hotspot/share/interpreter/linkResolver.c
Event: 8.400 Thread 0x000001b991fbe800 Exception <a 'java/lang/NoSuchMethodError'{0x000000070ba9d080}: java.lang.invoke.DirectMethodHandle$Holder.invokeStatic(Ljava/lang/Object;JJ)J> (0x000000070ba9d080) thrown at [t:/workspace/open/src/hotspot/share/interpreter/linkResolver.cpp, line 772]
Event: 8.401 Thread 0x000001b991fbe800 Exception <a 'java/lang/NoSuchMethodError'{0x000000070baa2578}: java.lang.invoke.DirectMethodHandle$Holder.invokeVirtual(Ljava/lang/Object;Ljava/lang/Object;)I> (0x000000070baa2578) thrown at [t:/workspace/open/src/hotspot/share/interpreter/linkResolver.c
Event: 8.417 Thread 0x000001b991fbe800 Exception <a 'java/lang/NoSuchMethodError'{0x000000070b91bb28}: java.lang.invoke.DirectMethodHandle$Holder.invokeStatic(Ljava/lang/Object;Ljava/lang/Object;IILjava/lang/Object;)Ljava/lang/Object;> (0x000000070b91bb28) thrown at [t:/workspace/open/src/hots
Event: 8.417 Thread 0x000001b991fbe800 Exception <a 'java/lang/NoSuchMethodError'{0x000000070b91f460}: java.lang.invoke.DirectMethodHandle$Holder.invokeSpecial(Ljava/lang/Object;Ljava/lang/Object;Ljava/lang/Object;IILjava/lang/Object;)Ljava/lang/Object;> (0x000000070b91f460) thrown at [t:/work
Event: 8.417 Thread 0x000001b991fbe800 Exception <a 'java/lang/NoSuchMethodError'{0x000000070b9227a8}: java.lang.invoke.Invokers$Holder.linkToTargetMethod(Ljava/lang/Object;IILjava/lang/Object;Ljava/lang/Object;)Ljava/lang/Object;> (0x000000070b9227a8) thrown at [t:/workspace/open/src/hotspot/
Event: 8.650 Thread 0x000001b991fbe800 Exception <a 'java/lang/NoSuchMethodError'{0x000000070b15ff88}: java.lang.invoke.DirectMethodHandle$Holder.invokeSpecial(Ljava/lang/Object;Ljava/lang/Object;Ljava/lang/Object;Ljava/lang/Object;)I> (0x000000070b15ff88) thrown at [t:/workspace/open/src/hots
Event: 10.518 Thread 0x000001b9ecc39000 Exception <a 'java/lang/NoSuchMethodError'{0x000000070f96b9a0}: java.lang.invoke.DirectMethodHandle$Holder.invokeStaticInit(Ljava/lang/Object;Ljava/lang/Object;Ljava/lang/Object;)Ljava/lang/Object;> (0x000000070f96b9a0) thrown at [t:/workspace/open/src/ho
Event: 10.519 Thread 0x000001b9ecc39000 Exception <a 'java/lang/NoSuchMethodError'{0x000000070f974520}: java.lang.invoke.DirectMethodHandle$Holder.invokeStatic(Ljava/lang/Object;Ljava/lang/Object;Ljava/lang/Object;Ljava/lang/Object;Ljava/lang/Object;Ljava/lang/Object;)V> (0x000000070f974520) th
Event: 10.523 Thread 0x000001b991ab0000 Implicit null exception at 0x000001b987d8fd48 to 0x000001b987d90a92

Events (10 events):
Event: 15.003 Thread 0x000001b991fc2800 DEOPT UNPACKING pc=0x000001b9800291af sp=0x0000006e7dd9ed60 mode 2
Event: 15.062 loading class hz
Event: 15.062 loading class hz done
Event: 15.203 Thread 0x000001b991fc2800 Uncommon trap: trap_request=0x000001db fr.pc=0x000001b987f60900 relative=0x0000000000002b60
Event: 15.203 Thread 0x000001b991fc2800 DEOPT PACKING pc=0x000001b987f60900 sp=0x0000006e7dd9edb0
Event: 15.203 Thread 0x000001b991fc2800 DEOPT UNPACKING pc=0x000001b9800291af sp=0x0000006e7dd9ed38 mode 2
Event: 15.364 Thread 0x000001b991fc2800 DEOPT PACKING pc=0x000001b9819961db sp=0x0000006e7dd9e7e0
Event: 15.364 Thread 0x000001b991fc2800 DEOPT UNPACKING pc=0x000001b980028fce sp=0x0000006e7dd9e260 mode 0
Event: 15.403 Thread 0x000001b991fc2800 DEOPT PACKING pc=0x000001b981996051 sp=0x0000006e7dd9e7e0
Event: 15.403 Thread 0x000001b991fc2800 DEOPT UNPACKING pc=0x000001b980028fce sp=0x0000006e7dd9e250 mode 0


Dynamic libraries:
0x00007ff7f0a30000 - 0x00007ff7f0a77000 	C:\Program Files\Java\jdk-11\bin\java.exe
0x00007ff9c74d0000 - 0x00007ff9c76b1000 	C:\WINDOWS\SYSTEM32\ntdll.dll
0x00007ff9c7330000 - 0x00007ff9c73e2000 	C:\WINDOWS\System32\KERNEL32.DLL
0x00007ff9c3ee0000 - 0x00007ff9c4153000 	C:\WINDOWS\System32\KERNELBASE.dll
0x00007ff9c5400000 - 0x00007ff9c54a1000 	C:\WINDOWS\System32\ADVAPI32.dll
0x00007ff9c5560000 - 0x00007ff9c55fe000 	C:\WINDOWS\System32\msvcrt.dll
0x00007ff9c5c50000 - 0x00007ff9c5cab000 	C:\WINDOWS\System32\sechost.dll
0x00007ff9c5b20000 - 0x00007ff9c5c44000 	C:\WINDOWS\System32\RPCRT4.dll
0x00007ff9c5ce0000 - 0x00007ff9c5e70000 	C:\WINDOWS\System32\USER32.dll
0x00007ff9c41b0000 - 0x00007ff9c41d0000 	C:\WINDOWS\System32\win32u.dll
0x00007ff9c4db0000 - 0x00007ff9c4dd8000 	C:\WINDOWS\System32\GDI32.dll
0x00007ff9c3900000 - 0x00007ff9c3a92000 	C:\WINDOWS\System32\gdi32full.dll
0x00007ff9c3aa0000 - 0x00007ff9c3b3f000 	C:\WINDOWS\System32\msvcp_win.dll
0x00007ff9c3de0000 - 0x00007ff9c3eda000 	C:\WINDOWS\System32\ucrtbase.dll
0x00007ff9a9020000 - 0x00007ff9a9289000 	C:\WINDOWS\WinSxS\amd64_microsoft.windows.common-controls_6595b64144ccf1df_6.0.17134.286_none_fb43982d306480cc\COMCTL32.dll
0x00007ff9c5660000 - 0x00007ff9c5983000 	C:\WINDOWS\System32\combase.dll
0x00007ff9c41d0000 - 0x00007ff9c424a000 	C:\WINDOWS\System32\bcryptPrimitives.dll
0x00007ff9bf7f0000 - 0x00007ff9bf7fa000 	C:\WINDOWS\SYSTEM32\VERSION.dll
0x00007ff9c5cb0000 - 0x00007ff9c5cdd000 	C:\WINDOWS\System32\IMM32.DLL
0x00007ff9992b0000 - 0x00007ff9992c6000 	C:\Program Files\Java\jdk-11\bin\vcruntime140.dll
0x00007ff98fe90000 - 0x00007ff98ff3a000 	C:\Program Files\Java\jdk-11\bin\msvcp140.dll
0x00007ff96b2e0000 - 0x00007ff96be22000 	C:\Program Files\Java\jdk-11\bin\server\jvm.dll
0x00007ff9c5550000 - 0x00007ff9c5558000 	C:\WINDOWS\System32\PSAPI.DLL
0x00007ff9bb910000 - 0x00007ff9bb919000 	C:\WINDOWS\SYSTEM32\WSOCK32.dll
0x00007ff9c51b0000 - 0x00007ff9c521c000 	C:\WINDOWS\System32\WS2_32.dll
0x00007ff9bbe90000 - 0x00007ff9bbeb3000 	C:\WINDOWS\SYSTEM32\WINMM.dll
0x00007ff9bbe60000 - 0x00007ff9bbe8a000 	C:\WINDOWS\SYSTEM32\WINMMBASE.dll
0x00007ff9c4160000 - 0x00007ff9c41a9000 	C:\WINDOWS\System32\cfgmgr32.dll
0x00007ff9c37e0000 - 0x00007ff9c37f1000 	C:\WINDOWS\System32\kernel.appcore.dll
0x00007ff999290000 - 0x00007ff9992a1000 	C:\Program Files\Java\jdk-11\bin\verify.dll
0x00007ff9a2760000 - 0x00007ff9a2929000 	C:\WINDOWS\SYSTEM32\DBGHELP.DLL
0x00007ff9a5b10000 - 0x00007ff9a5b39000 	C:\WINDOWS\SYSTEM32\dbgcore.DLL
0x00007ff9922c0000 - 0x00007ff9922e9000 	C:\Program Files\Java\jdk-11\bin\java.dll
0x00007ff98d050000 - 0x00007ff98d07f000 	C:\Program Files\Java\jdk-11\bin\instrument.dll
0x00007ff997340000 - 0x00007ff997356000 	C:\Program Files\Java\jdk-11\bin\zip.dll
0x00007ff997be0000 - 0x00007ff997bea000 	C:\Program Files\Java\jdk-11\bin\jimage.dll
0x00007ff9c5e70000 - 0x00007ff9c72b0000 	C:\WINDOWS\System32\SHELL32.dll
0x00007ff9c73f0000 - 0x00007ff9c7499000 	C:\WINDOWS\System32\shcore.dll
0x00007ff9c4250000 - 0x00007ff9c495d000 	C:\WINDOWS\System32\windows.storage.dll
0x00007ff9c5310000 - 0x00007ff9c5361000 	C:\WINDOWS\System32\shlwapi.dll
0x00007ff9c3870000 - 0x00007ff9c388f000 	C:\WINDOWS\System32\profapi.dll
0x00007ff9c3820000 - 0x00007ff9c386c000 	C:\WINDOWS\System32\powrprof.dll
0x00007ff9c3890000 - 0x00007ff9c389a000 	C:\WINDOWS\System32\FLTLIB.DLL
0x00007ff991920000 - 0x00007ff991939000 	C:\Program Files\Java\jdk-11\bin\net.dll
0x00007ff9bd5d0000 - 0x00007ff9bd6ac000 	C:\WINDOWS\SYSTEM32\WINHTTP.dll
0x00007ff9c3060000 - 0x00007ff9c30c6000 	C:\WINDOWS\system32\mswsock.dll
0x00007ff98f120000 - 0x00007ff98f133000 	C:\Program Files\Java\jdk-11\bin\nio.dll
0x00007ff98ee00000 - 0x00007ff98ee1a000 	C:\Program Files\JetBrains\IntelliJ IDEA Community Edition 2018.2\bin\breakgen64.dll
0x00007ff98ef50000 - 0x00007ff98ef5d000 	C:\Program Files\Java\jdk-11\bin\sunmscapi.dll
0x00007ff9c3b40000 - 0x00007ff9c3d22000 	C:\WINDOWS\System32\CRYPT32.dll
0x00007ff9c3800000 - 0x00007ff9c3812000 	C:\WINDOWS\System32\MSASN1.dll
0x00007ff9c3310000 - 0x00007ff9c3336000 	C:\WINDOWS\SYSTEM32\ncrypt.dll
0x00007ff9c3340000 - 0x00007ff9c3365000 	C:\WINDOWS\SYSTEM32\bcrypt.dll
0x00007ff9c32d0000 - 0x00007ff9c3306000 	C:\WINDOWS\SYSTEM32\NTASN1.dll
0x00007ff98c580000 - 0x00007ff98c5a7000 	C:\Program Files\Java\jdk-11\bin\sunec.dll
0x00007ff9c3210000 - 0x00007ff9c3227000 	C:\WINDOWS\SYSTEM32\CRYPTSP.dll
0x00007ff9c2c40000 - 0x00007ff9c2c73000 	C:\WINDOWS\system32\rsaenh.dll
0x00007ff9c36e0000 - 0x00007ff9c3708000 	C:\WINDOWS\SYSTEM32\USERENV.dll
0x00007ff9c3230000 - 0x00007ff9c323b000 	C:\WINDOWS\SYSTEM32\CRYPTBASE.dll
0x00007ff9c2de0000 - 0x00007ff9c2e18000 	C:\WINDOWS\SYSTEM32\IPHLPAPI.DLL
0x00007ff9c5370000 - 0x00007ff9c5378000 	C:\WINDOWS\System32\NSI.dll
0x00007ff9bf760000 - 0x00007ff9bf776000 	C:\WINDOWS\SYSTEM32\dhcpcsvc6.DLL
0x00007ff9bf6e0000 - 0x00007ff9bf6fa000 	C:\WINDOWS\SYSTEM32\dhcpcsvc.DLL
0x00007ff9c2e20000 - 0x00007ff9c2ede000 	C:\WINDOWS\SYSTEM32\DNSAPI.dll
0x00007ff9bef70000 - 0x00007ff9bef7a000 	C:\Windows\System32\rasadhlp.dll
0x00007ff9bd710000 - 0x00007ff9bd782000 	C:\WINDOWS\System32\fwpuclnt.dll
0x00007ff973df0000 - 0x00007ff973f8f000 	C:\Program Files\Java\jdk-11\bin\awt.dll
0x00007ff9c4de0000 - 0x00007ff9c4ea2000 	C:\WINDOWS\System32\OLEAUT32.dll
0x00007ff9c0be0000 - 0x00007ff9c11a7000 	C:\WINDOWS\SYSTEM32\d2d1.dll
0x00007ff9c1aa0000 - 0x00007ff9c1b2b000 	C:\WINDOWS\SYSTEM32\apphelp.dll
0x00007ff9c1c20000 - 0x00007ff9c1cb8000 	C:\WINDOWS\system32\uxtheme.dll
0x00007ff9c59a0000 - 0x00007ff9c5b15000 	C:\WINDOWS\System32\MSCTF.dll
0x00007ff990160000 - 0x00007ff990177000 	C:\Program Files (x86)\LG Electronics\OnScreen Control\bin\ScreenSplitterHook642.dll
0x00007ff9c1eb0000 - 0x00007ff9c1ed9000 	C:\WINDOWS\system32\dwmapi.dll
0x00007ff9c4eb0000 - 0x00007ff9c5001000 	C:\WINDOWS\System32\ole32.dll
0x00007ff973d70000 - 0x00007ff973def000 	C:\Program Files\Java\jdk-11\bin\mlib_image.dll
0x00007ff9739e0000 - 0x00007ff973a60000 	C:\Program Files\Java\jdk-11\bin\freetype.dll
0x00007ff973760000 - 0x00007ff9737cf000 	C:\Program Files\Java\jdk-11\bin\fontmanager.dll
0x00007ff98dd30000 - 0x00007ff98de50000 	C:\WINDOWS\system32\opengl32.dll
0x00007ff98dcc0000 - 0x00007ff98dcec000 	C:\WINDOWS\SYSTEM32\GLU32.dll
0x00007ff9bb0b0000 - 0x00007ff9bb247000 	C:\WINDOWS\system32\d3d9.dll
0x00007ff9a5a00000 - 0x00007ff9a5aeb000 	C:\WINDOWS\System32\DriverStore\FileRepository\nv_dispi.inf_amd64_040c7acb04cee565\nvldumdx.dll
0x00007ff9c38a0000 - 0x00007ff9c38f7000 	C:\WINDOWS\System32\WINTRUST.DLL
0x00007ff9c5380000 - 0x00007ff9c539d000 	C:\WINDOWS\System32\imagehlp.dll
0x00007ff961b10000 - 0x00007ff962d48000 	C:\WINDOWS\System32\DriverStore\FileRepository\nv_dispi.inf_amd64_040c7acb04cee565\nvd3dumx.dll
0x00007ff9a3610000 - 0x00007ff9a36d2000 	C:\Program Files (x86)\NVIDIA Corporation\3D Vision\nvSCPAPI64.dll
0x00007ff9c4960000 - 0x00007ff9c4dab000 	C:\WINDOWS\System32\SETUPAPI.dll
0x00007ff996fc0000 - 0x00007ff997249000 	C:\WINDOWS\system32\nvspcap64.dll
0x00007ff9c29e0000 - 0x00007ff9c2a11000 	C:\WINDOWS\SYSTEM32\ntmarta.dll
0x00007ff9c2520000 - 0x00007ff9c2542000 	C:\WINDOWS\SYSTEM32\gpapi.dll
0x00007ff9bf250000 - 0x00007ff9bf27e000 	C:\WINDOWS\SYSTEM32\cryptnet.dll
0x00007ff9c54b0000 - 0x00007ff9c5550000 	C:\WINDOWS\System32\clbcatq.dll
0x00007ff9a6b20000 - 0x00007ff9a6cce000 	C:\WINDOWS\SYSTEM32\WindowsCodecs.dll
0x00007ff98b2b0000 - 0x00007ff98b308000 	C:\WINDOWS\system32\dataexchange.dll
0x00007ff9c08d0000 - 0x00007ff9c0bdb000 	C:\WINDOWS\system32\d3d11.dll
0x00007ff9c11b0000 - 0x00007ff9c134c000 	C:\WINDOWS\system32\dcomp.dll
0x00007ff9c25a0000 - 0x00007ff9c265b000 	C:\WINDOWS\system32\dxgi.dll
0x00007ff9c1f40000 - 0x00007ff9c20f8000 	C:\WINDOWS\system32\twinapi.appcore.dll
0x00007ff9c1ee0000 - 0x00007ff9c1f01000 	C:\WINDOWS\system32\RMCLIENT.dll
0x00007ff99df80000 - 0x00007ff99e028000 	C:\WINDOWS\SYSTEM32\mscms.dll
0x00007ff99df70000 - 0x00007ff99df80000 	C:\WINDOWS\SYSTEM32\ColorAdapterClient.dll
0x00007ff972e90000 - 0x00007ff972ed3000 	C:\WINDOWS\SYSTEM32\icm32.dll
0x00007ff973710000 - 0x00007ff973752000 	C:\Users\Admin\AppData\Local\Temp\jna-63116079\jna6511835988603301870.dll
0x00007ff96b240000 - 0x00007ff96b2db000 	C:\Users\Admin\AppData\Local\Temp\jna-63116079\jna18023648095459888356.dll
0x00007ff98c550000 - 0x00007ff98c57d000 	C:\Program Files\Java\jdk-11\bin\javajpeg.dll
0x00007ff96b200000 - 0x00007ff96b23f000 	C:\Program Files\Java\jdk-11\bin\lcms.dll
0x00007ff991a40000 - 0x00007ff991a49000 	C:\Program Files\Java\jdk-11\bin\management.dll
0x00007ff98fe80000 - 0x00007ff98fe8c000 	C:\Program Files\Java\jdk-11\bin\management_ext.dll
0x00007ff989cc0000 - 0x00007ff989cd2000 	C:\Program Files\Java\jdk-11\bin\jsound.dll
0x00007ff98ecc0000 - 0x00007ff98ed4f000 	C:\WINDOWS\SYSTEM32\DSOUND.dll
0x00007ff9bd870000 - 0x00007ff9bd8e6000 	C:\WINDOWS\System32\MMDevApi.dll
0x00007ff9c35f0000 - 0x00007ff9c3617000 	C:\WINDOWS\System32\DEVOBJ.dll
0x00007ff9bed40000 - 0x00007ff9beef4000 	C:\WINDOWS\System32\PROPSYS.dll
0x00007ff989660000 - 0x00007ff9896a4000 	C:\WINDOWS\SYSTEM32\wdmaud.drv
0x00007ff991650000 - 0x00007ff991659000 	C:\WINDOWS\SYSTEM32\ksuser.dll
0x00007ff9bb7e0000 - 0x00007ff9bb7ea000 	C:\WINDOWS\SYSTEM32\AVRT.dll
0x00007ff9a25b0000 - 0x00007ff9a26dc000 	C:\WINDOWS\SYSTEM32\AUDIOSES.DLL
0x00007ff9bf860000 - 0x00007ff9bf9ad000 	C:\WINDOWS\SYSTEM32\wintypes.dll
0x00007ff9915b0000 - 0x00007ff9915bd000 	C:\WINDOWS\SYSTEM32\msacm32.drv
0x00007ff9903a0000 - 0x00007ff9903bc000 	C:\WINDOWS\SYSTEM32\MSACM32.dll
0x00007ff990000000 - 0x00007ff99000a000 	C:\WINDOWS\SYSTEM32\midimap.dll
0x00007ff991490000 - 0x00007ff9915a4000 	C:\Windows\System32\Windows.UI.dll
0x00007ff992430000 - 0x00007ff9924c7000 	C:\Windows\System32\TextInputFramework.dll
0x00007ff991a70000 - 0x00007ff991ae9000 	C:\Windows\System32\InputHost.dll
0x00007ff9a5e90000 - 0x00007ff9a61ae000 	C:\Windows\System32\CoreUIComponents.dll
0x00007ff9c16e0000 - 0x00007ff9c17ba000 	C:\Windows\System32\CoreMessaging.dll

dbghelp: loaded successfully - version: 4.0.5 - missing functions: none
symbol engine: initialized successfully - sym options: 0x614 - pdb path: .;C:\Program Files\Java\jdk-11\bin;C:\WINDOWS\SYSTEM32;C:\WINDOWS\WinSxS\amd64_microsoft.windows.common-controls_6595b64144ccf1df_6.0.17134.286_none_fb43982d306480cc;C:\Program Files\Java\jdk-11\bin\server;C:\Program Files\JetBrains\IntelliJ IDEA Community Edition 2018.2\bin;C:\Program Files (x86)\LG Electronics\OnScreen Control\bin;C:\WINDOWS\System32\DriverStore\FileRepository\nv_dispi.inf_amd64_040c7acb04cee565;C:\Program Files (x86)\NVIDIA Corporation\3D Vision;C:\Users\Admin\AppData\Local\Temp\jna-63116079

VM Arguments:
jvm_args: -ea -javaagent:C:\Program Files\JetBrains\IntelliJ IDEA Community Edition 2018.2\lib\idea_rt.jar=50457:C:\Program Files\JetBrains\IntelliJ IDEA Community Edition 2018.2\bin -Dfile.encoding=UTF-8 
java_command: net.runelite.client.RuneLite --debug --developer-mode
java_class_path (initial): C:\Users\Admin\runelite\runelite-client\target\classes;C:\Users\Admin\.m2\repository\org\slf4j\slf4j-api\1.7.25\slf4j-api-1.7.25.jar;C:\Users\Admin\.m2\repository\ch\qos\logback\logback-classic\1.2.3\logback-classic-1.2.3.jar;C:\Users\Admin\.m2\repository\ch\qos\logback\logback-core\1.2.3\logback-core-1.2.3.jar;C:\Users\Admin\.m2\repository\net\sf\jopt-simple\jopt-simple\5.0.1\jopt-simple-5.0.1.jar;C:\Users\Admin\.m2\repository\com\google\guava\guava\23.2-jre\guava-23.2-jre.jar;C:\Users\Admin\.m2\repository\com\google\code\findbugs\jsr305\1.3.9\jsr305-1.3.9.jar;C:\Users\Admin\.m2\repository\com\google\errorprone\error_prone_annotations\2.0.18\error_prone_annotations-2.0.18.jar;C:\Users\Admin\.m2\repository\com\google\j2objc\j2objc-annotations\1.1\j2objc-annotations-1.1.jar;C:\Users\Admin\.m2\repository\org\codehaus\mojo\animal-sniffer-annotations\1.14\animal-sniffer-annotations-1.14.jar;C:\Users\Admin\.m2\repository\com\google\inject\guice\4.1.0\guice-4.1.0-no_aop.jar;C:\Users\Admin\.m2\repository\javax\inject\javax.inject\1\javax.inject-1.jar;C:\Users\Admin\.m2\repository\aopalliance\aopalliance\1.0\aopalliance-1.0.jar;C:\Users\Admin\.m2\repository\com\google\code\gson\gson\2.8.5\gson-2.8.5.jar;C:\Users\Admin\.m2\repository\net\runelite\pushingpixels\substance\8.0.02\substance-8.0.02.jar;C:\Users\Admin\.m2\repository\net\runelite\pushingpixels\trident\1.5.00\trident-1.5.00.jar;C:\Users\Admin\.m2\repository\org\apache\commons\commons-text\1.2\commons-text-1.2.jar;C:\Users\Admin\.m2\repository\org\apache\commons\commons-lang3\3.7\commons-lang3-3.7.jar;C:\Users\Admin\runelite\runelite-api\target\classes;C:\Users\Admin\runelite\runescape-api\target\classes;C:\Users\Admin\.m2\repository\net\runelite\injected-client\1.4.21-SNAPSHOT\injected-client-1.4.21-20181004.130945-5.jar;C:\Users\Admin\runelite\http-api\target\classes;C:\Users\Admin\.m2\repository\com\squareup\okhttp3\okhttp\3.7.0\okhttp-3.7.0.jar;C:\Users\Admin\.m2\repository\com\square
Launcher Type: SUN_STANDARD

[Global flags]
     intx CICompilerCount                          = 3                                         {product} {ergonomic}
     uint ConcGCThreads                            = 1                                         {product} {ergonomic}
     uint G1ConcRefinementThreads                  = 4                                         {product} {ergonomic}
   size_t G1HeapRegionSize                         = 1048576                                   {product} {ergonomic}
    uintx GCDrainStackTargetSize                   = 64                                        {product} {ergonomic}
   size_t InitialHeapSize                          = 268435456                                 {product} {ergonomic}
   size_t MarkStackSize                            = 4194304                                   {product} {ergonomic}
   size_t MaxHeapSize                              = 4263510016                                {product} {ergonomic}
   size_t MaxNewSize                               = 2557476864                                {product} {ergonomic}
   size_t MinHeapDeltaBytes                        = 1048576                                   {product} {ergonomic}
    uintx NonNMethodCodeHeapSize                   = 5830092                                {pd product} {ergonomic}
    uintx NonProfiledCodeHeapSize                  = 122914074                              {pd product} {ergonomic}
    uintx ProfiledCodeHeapSize                     = 122914074                              {pd product} {ergonomic}
    uintx ReservedCodeCacheSize                    = 251658240                              {pd product} {ergonomic}
     bool SegmentedCodeCache                       = true                                      {product} {ergonomic}
     bool UseCompressedClassPointers               = true                                 {lp64_product} {ergonomic}
     bool UseCompressedOops                        = true                                 {lp64_product} {ergonomic}
     bool UseG1GC                                  = true                                      {product} {ergonomic}
     bool UseLargePagesIndividualAllocation        = false                                  {pd product} {ergonomic}

Logging:
Log output configuration:
 #0: stdout all=warning uptime,level,tags
 #1: stderr all=off uptime,level,tags

Environment Variables:
JAVA_HOME=C:\Program Files\Java\jre1.8.0_181
PATH=C:\ProgramData\Oracle\Java\javapath;C:\Program Files (x86)\NVIDIA Corporation\PhysX\Common;C:\WINDOWS\system32;C:\WINDOWS;C:\WINDOWS\System32\Wbem;C:\WINDOWS\System32\WindowsPowerShell\v1.0\;C:\Program Files\Git\cmd;C:\Program Files\Microsoft SQL Server\Client SDK\ODBC\110\Tools\Binn\;C:\Program Files (x86)\Microsoft SQL Server\120\Tools\Binn\;C:\Program Files\Microsoft SQL Server\120\Tools\Binn\;C:\Program Files\Microsoft SQL Server\120\DTS\Binn\;C:\Program Files (x86)\Windows Kits\8.1\Windows Performance Toolkit\;C:\Users\Admin\AppData\Local\Microsoft\WindowsApps;C:\adb;C:\Program Files\doxygen\bin;C:\WINDOWS\system32;C:\WINDOWS;C:\WINDOWS\System32\Wbem;C:\WINDOWS\System32\WindowsPowerShell\v1.0\;C:\WINDOWS\System32\OpenSSH\;C:\Gradle\gradle-4.10\bin;C:\Users\Admin\AppData\Local\Microsoft\WindowsApps;C:\Users\Admin\AppData\Local\atom\bin;%USERPROFILE%\AppData\Local\Microsoft\WindowsApps;C:\Users\Admin\AppData\Local\Programs\MiKTeX 2.9\miktex\bin\x64\
USERNAME=Admin
OS=Windows_NT
PROCESSOR_IDENTIFIER=Intel64 Family 6 Model 60 Stepping 3, GenuineIntel



---------------  S Y S T E M  ---------------

OS: Windows 10 , 64 bit Build 17134 (10.0.17134.1)

CPU:total 4 (initial active 4) (4 cores per cpu, 1 threads per core) family 6 model 60 stepping 3, cmov, cx8, fxsr, mmx, sse, sse2, sse3, ssse3, sse4.1, sse4.2, popcnt, avx, avx2, aes, clmul, erms, lzcnt, tsc, tscinvbit, bmi1, bmi2, fma

Memory: 4k page, system-wide physical 16259M (9253M free)
TotalPageFile size 24963M (AvailPageFile size 14463M)
current process WorkingSet (physical memory assigned to process): 443M, peak: 452M
current process commit charge ("private bytes"): 543M, peak: 552M

vm_info: Java HotSpot(TM) 64-Bit Server VM (11+28) for windows-amd64 JRE (11+28), built on Aug 23 2018 03:03:59 by "mach5one" with MS VC++ 15.5 (VS2017)

END.
