#
# A fatal error has been detected by the Java Runtime Environment:
#
#  EXCEPTION_ILLEGAL_INSTRUCTION (0xc000001d) at pc=0x00000257e918a1a4, pid=7624, tid=12708
#
# JRE version: Java(TM) SE Runtime Environment (11.0+28) (build 11+28)
# Java VM: Java HotSpot(TM) 64-Bit Server VM (11+28, mixed mode, tiered, compressed oops, g1 gc, windows-amd64)
# Problematic frame:
# J 8161% c2 fp.n(Lka;Lka;Lka;ZB)V (7421 bytes) @ 0x00000257e918a1a4 [0x00000257e9187e60+0x0000000000002344]
#
# No core dump will be written. Minidumps are not enabled by default on client versions of Windows
#
# If you would like to submit a bug report, please visit:
#   http://bugreport.java.com/bugreport/crash.jsp
#

---------------  S U M M A R Y ------------

Command Line: -ea -DskipTests -javaagent:C:\Program Files\JetBrains\IntelliJ IDEA Community Edition 2018.2\lib\idea_rt.jar=50953:C:\Program Files\JetBrains\IntelliJ IDEA Community Edition 2018.2\bin -Dfile.encoding=UTF-8 net.runelite.client.RuneLite --debug --developer-mode

Host: Intel(R) Core(TM) i5-4690K CPU @ 3.50GHz, 4 cores, 15G,  Windows 10 , 64 bit Build 17134 (10.0.17134.1)
Time: Mon Oct  8 21:21:09 2018 AUS Eastern Daylight Time elapsed time: 26 seconds (0d 0h 0m 26s)

---------------  T H R E A D  ---------------

Current thread (0x00000257fe7cd000):  JavaThread "Thread-2" daemon [_thread_in_Java, id=12708, stack(0x000000c51b8c0000,0x000000c51b9c0000)]

Stack: [0x000000c51b8c0000,0x000000c51b9c0000],  sp=0x000000c51b9bebe0,  free space=1018k
Native frames: (J=compiled Java code, j=interpreted, Vv=VM code, C=native code)
C  0x00000257e918a1a4


siginfo: EXCEPTION_ILLEGAL_INSTRUCTION (0xc000001d)


Register to memory mapping:

RIP=0x00000257e918a1a4 is at entry_point+9028 in (nmethod*)0x00000257e9187b10
RAX=0x0 is NULL
RBX=0x0000000000000001 is an unknown value
RCX=0x0000000711320010 is an oop
[I 
{0x0000000711320010} - klass: {type array int}
 - length: 32768
RDX=0x0 is NULL
RSP=0x000000c51b9bebe0 is pointing into the stack for thread: 0x00000257fe7cd000
RBP=0x0000000000000001 is an unknown value
RSI=0x0 is NULL
RDI=0x00000000000000fe is an unknown value
R8 =0xffffffffffffff81 is an unknown value
R9 =0x00000000000000fe is an unknown value
R10=0x00000007114c3e00 is an oop
[I 
{0x00000007114c3e00} - klass: {type array int}
 - length: 32768
R11=0x0000000000000080 is an unknown value
R12=0x0 is NULL
R13=0x0000000000000003 is an unknown value
R14=0x00000000000000fd is an unknown value
R15=0x00000257fe7cd000 is a thread


Registers:
RAX=0x0000000000000000, RBX=0x0000000000000001, RCX=0x0000000711320010, RDX=0x0000000000000000
RSP=0x000000c51b9bebe0, RBP=0x0000000000000001, RSI=0x0000000000000000, RDI=0x00000000000000fe
R8 =0xffffffffffffff81, R9 =0x00000000000000fe, R10=0x00000007114c3e00, R11=0x0000000000000080
R12=0x0000000000000000, R13=0x0000000000000003, R14=0x00000000000000fd, R15=0x00000257fe7cd000
RIP=0x00000257e918a1a4, EFLAGS=0x0000000000010286

Top of Stack: (sp=0x000000c51b9bebe0)
0x000000c51b9bebe0:   0000000000000000 0000000000000000
0x000000c51b9bebf0:   0000000000000000 000000000000005f
0x000000c51b9bec00:   0000800000008000 000000070442dd58
0x000000c51b9bec10:   00000007044cbdc8 00000100ffffffbf
0x000000c51b9bec20:   0000008000000001 0000000000008000
0x000000c51b9bec30:   0000008100000001 0000000000008000
0x000000c51b9bec40:   0000000000000001 00000001ffffff81
0x000000c51b9bec50:   0000000000000000 0000000000000000
0x000000c51b9bec60:   000000c51b9bf060 00000257e2b0ee94
0x000000c51b9bec70:   0000000000000000 000002578135d620
0x000000c51b9bec80:   00000257fe7cd000 00007ff99ab9ad0c
0x000000c51b9bec90:   000002578b73c1c0 0000000000000000
0x000000c51b9beca0:   0000000704421bd8 00000257e749c822
0x000000c51b9becb0:   000000071070a270 000001f7000002fd
0x000000c51b9becc0:   0000000000000002 0000000000000000
0x000000c51b9becd0:   00000257fe7cd000 00007ff99a98b52e 

Instructions: (pc=0x00000257e918a1a4)
0x00000257e918a184:   44 24 f8 89 5c 24 44 44 89 44 24 48 c5 fa 11 54
0x00000257e918a194:   24 4c 66 90 c5 f8 77 e8 60 ef 0b f8 0f 0b 0f 0b
0x00000257e918a1a4:   0f 0b ba e4 ff ff ff 4c 8b 54 24 28 4c 89 54 24
0x00000257e918a1b4:   20 4c 8b 54 24 30 4c 89 54 24 28 44 8b 5c 24 38 




---------------  P R O C E S S  ---------------

Threads class SMR info:
_java_thread_list=0x000002578b935730, length=46, elements={
0x00000257fc6f2000, 0x00000257fc6f4000, 0x00000257fc758800, 0x00000257fc759800,
0x00000257fc75a800, 0x00000257fbe6a000, 0x00000257fc7c0000, 0x00000257fc6f1000,
0x00000257fcc4a000, 0x00000257fcc50800, 0x00000257fdba5000, 0x00000257fdba8800,
0x00000257fdbec800, 0x00000257fdbee800, 0x00000257fdbef800, 0x00000257fe6dd000,
0x00000257fd36e000, 0x00000257fdd86000, 0x00000257fe7d1000, 0x00000257fe7ce000,
0x00000257fe7ce800, 0x00000257fe7cb800, 0x00000257fe7cf800, 0x00000257fe7d0800,
0x00000257fe7cc000, 0x00000257fe7cd000, 0x00000257fe639000, 0x00000257fe63a800,
0x00000257fe636800, 0x00000257fe639800, 0x00000257fe637800, 0x00000257fe635000,
0x00000257fe63b800, 0x00000257fe638000, 0x00000257fe635800, 0x0000025780ba0000,
0x0000025780b9f800, 0x0000025780b9e800, 0x0000025780ba3800, 0x0000025780b9d800,
0x0000025780ba2800, 0x0000025780ba4000, 0x0000025780ba1000, 0x000002578c00d000,
0x000002578c00e000, 0x000002578c00c800
}

Java Threads: ( => current thread )
  0x00000257fc6f2000 JavaThread "Reference Handler" daemon [_thread_blocked, id=13288, stack(0x000000c519600000,0x000000c519700000)]
  0x00000257fc6f4000 JavaThread "Finalizer" daemon [_thread_blocked, id=16628, stack(0x000000c519700000,0x000000c519800000)]
  0x00000257fc758800 JavaThread "Signal Dispatcher" daemon [_thread_blocked, id=18108, stack(0x000000c519800000,0x000000c519900000)]
  0x00000257fc759800 JavaThread "Attach Listener" daemon [_thread_blocked, id=10248, stack(0x000000c519900000,0x000000c519a00000)]
  0x00000257fc75a800 JavaThread "C2 CompilerThread0" daemon [_thread_in_native, id=6780, stack(0x000000c519a00000,0x000000c519b00000)]
  0x00000257fbe6a000 JavaThread "C1 CompilerThread0" daemon [_thread_blocked, id=9096, stack(0x000000c519b00000,0x000000c519c00000)]
  0x00000257fc7c0000 JavaThread "Sweeper thread" daemon [_thread_blocked, id=7548, stack(0x000000c519c00000,0x000000c519d00000)]
  0x00000257fc6f1000 JavaThread "Common-Cleaner" daemon [_thread_blocked, id=7416, stack(0x000000c519d00000,0x000000c519e00000)]
  0x00000257fcc4a000 JavaThread "Monitor Ctrl-Break" daemon [_thread_in_native, id=1896, stack(0x000000c519e00000,0x000000c519f00000)]
  0x00000257fcc50800 JavaThread "Service Thread" daemon [_thread_blocked, id=7340, stack(0x000000c519f00000,0x000000c51a000000)]
  0x00000257fdba5000 JavaThread "OkHttp ConnectionPool" daemon [_thread_blocked, id=15380, stack(0x000000c51a500000,0x000000c51a600000)]
  0x00000257fdba8800 JavaThread "Okio Watchdog" daemon [_thread_blocked, id=9644, stack(0x000000c51a600000,0x000000c51a700000)]
  0x00000257fdbec800 JavaThread "OkHttp api.runelite.net" [_thread_in_native, id=9836, stack(0x000000c51a800000,0x000000c51a900000)]
  0x00000257fdbee800 JavaThread "OkHttp Http2Connection" daemon [_thread_blocked, id=9376, stack(0x000000c51a900000,0x000000c51aa00000)]
  0x00000257fdbef800 JavaThread "OkHttp Http2Connection" daemon [_thread_blocked, id=928, stack(0x000000c51aa00000,0x000000c51ab00000)]
  0x00000257fe6dd000 JavaThread "pool-3-thread-1" [_thread_blocked, id=12036, stack(0x000000c51a700000,0x000000c51a800000)]
  0x00000257fd36e000 JavaThread "Java2D Disposer" daemon [_thread_blocked, id=9996, stack(0x000000c51ab00000,0x000000c51ac00000)]
  0x00000257fdd86000 JavaThread "AWT-Windows" daemon [_thread_in_native, id=9364, stack(0x000000c51ad00000,0x000000c51ae00000)]
  0x00000257fe7d1000 JavaThread "pool-2-thread-1" [_thread_blocked, id=8412, stack(0x000000c51ae00000,0x000000c51af00000)]
  0x00000257fe7ce000 JavaThread "OkHttp https://api.runelite.net/..." [_thread_in_native, id=15132, stack(0x000000c51af00000,0x000000c51b000000)]
  0x00000257fe7ce800 JavaThread "OkHttp ConnectionPool" daemon [_thread_blocked, id=12440, stack(0x000000c51ac00000,0x000000c51ad00000)]
  0x00000257fe7cb800 JavaThread "OkHttp WebSocket https://api.runelite.net/..." [_thread_blocked, id=15512, stack(0x000000c51b100000,0x000000c51b200000)]
  0x00000257fe7cf800 JavaThread "AWT-Shutdown" [_thread_blocked, id=5828, stack(0x000000c51b000000,0x000000c51b100000)]
  0x00000257fe7d0800 JavaThread "AWT-EventQueue-0" [_thread_blocked, id=5940, stack(0x000000c51b200000,0x000000c51b300000)]
  0x00000257fe7cc000 JavaThread "Thread-1" daemon [_thread_blocked, id=15584, stack(0x000000c51b7c0000,0x000000c51b8c0000)]
=>0x00000257fe7cd000 JavaThread "Thread-2" daemon [_thread_in_Java, id=12708, stack(0x000000c51b8c0000,0x000000c51b9c0000)]
  0x00000257fe639000 JavaThread "Thread-3" daemon [_thread_blocked, id=12636, stack(0x000000c51b9c0000,0x000000c51bac0000)]
  0x00000257fe63a800 JavaThread "Substance heap status" daemon [_thread_blocked, id=2508, stack(0x000000c51bac0000,0x000000c51bbc0000)]
  0x00000257fe636800 JavaThread "OkHttp Dispatcher" [_thread_blocked, id=15580, stack(0x000000c51bbc0000,0x000000c51bcc0000)]
  0x00000257fe639800 JavaThread "OkHttp Dispatcher" [_thread_blocked, id=8572, stack(0x000000c51bcc0000,0x000000c51bdc0000)]
  0x00000257fe637800 JavaThread "Trident callback thread" daemon [_thread_blocked, id=11920, stack(0x000000c51c0c0000,0x000000c51c1c0000)]
  0x00000257fe635000 JavaThread "Trident pulse source thread" daemon [_thread_blocked, id=11828, stack(0x000000c51c1c0000,0x000000c51c2c0000)]
  0x00000257fe63b800 JavaThread "D3D Screen Updater" daemon [_thread_blocked, id=11860, stack(0x000000c51c2c0000,0x000000c51c3c0000)]
  0x00000257fe638000 JavaThread "TimerQueue" daemon [_thread_blocked, id=8136, stack(0x000000c51c610000,0x000000c51c710000)]
  0x00000257fe635800 JavaThread "Thread-7" daemon [_thread_in_native, id=10288, stack(0x000000c51c710000,0x000000c51c810000)]
  0x0000025780ba0000 JavaThread "Thread-8" daemon [_thread_blocked, id=15904, stack(0x000000c51c810000,0x000000c51c910000)]
  0x0000025780b9f800 JavaThread "OkHttp Dispatcher" [_thread_blocked, id=9528, stack(0x000000c51c920000,0x000000c51ca20000)]
  0x0000025780b9e800 JavaThread "OkHttp Dispatcher" [_thread_blocked, id=10008, stack(0x000000c51ca20000,0x000000c51cb20000)]
  0x0000025780ba3800 JavaThread "OkHttp Dispatcher" [_thread_blocked, id=14644, stack(0x000000c51cb20000,0x000000c51cc20000)]
  0x0000025780b9d800 JavaThread "OkHttp pbs.twimg.com" [_thread_in_native, id=768, stack(0x000000c51cc20000,0x000000c51cd20000)]
  0x0000025780ba2800 JavaThread "OkHttp Dispatcher" [_thread_blocked, id=17384, stack(0x000000c51cf20000,0x000000c51d020000)]
  0x0000025780ba4000 JavaThread "DestroyJavaVM" [_thread_blocked, id=11440, stack(0x000000c518f00000,0x000000c519000000)]
  0x0000025780ba1000 JavaThread "Thread-12" daemon [_thread_blocked, id=9936, stack(0x000000c51cd20000,0x000000c51ce20000)]
  0x000002578c00d000 JavaThread "Java Sound Event Dispatcher" daemon [_thread_blocked, id=10532, stack(0x000000c51d120000,0x000000c51d220000)]
  0x000002578c00e000 JavaThread "pool-4-thread-1" [_thread_blocked, id=17896, stack(0x000000c51d420000,0x000000c51d520000)]
  0x000002578c00c800 JavaThread "Thread-13" daemon [_thread_blocked, id=7560, stack(0x000000c51d720000,0x000000c51d820000)]

Other Threads:
  0x00000257fbe67800 VMThread "VM Thread" [stack: 0x000000c519500000,0x000000c519600000] [id=9916]
  0x00000257fcc56000 WatcherThread [stack: 0x000000c51a000000,0x000000c51a100000] [id=8940]
  0x00000257d8f11800 GCTaskThread "GC Thread#0" [stack: 0x000000c519000000,0x000000c519100000] [id=7552]
  0x00000257fd1f2000 GCTaskThread "GC Thread#1" [stack: 0x000000c51a100000,0x000000c51a200000] [id=216]
  0x00000257fcf27000 GCTaskThread "GC Thread#2" [stack: 0x000000c51a200000,0x000000c51a300000] [id=10044]
  0x00000257fd221000 GCTaskThread "GC Thread#3" [stack: 0x000000c51a300000,0x000000c51a400000] [id=10272]
  0x00000257d8f6d800 ConcurrentGCThread "G1 Main Marker" [stack: 0x000000c519100000,0x000000c519200000] [id=3500]
  0x00000257d8f6f000 ConcurrentGCThread "G1 Conc#0" [stack: 0x000000c519200000,0x000000c519300000] [id=14332]
  0x00000257fbd20800 ConcurrentGCThread "G1 Refine#0" [stack: 0x000000c519300000,0x000000c519400000] [id=14832]
  0x000002578bb5b800 ConcurrentGCThread "G1 Refine#1" [stack: 0x000000c51c510000,0x000000c51c610000] [id=13028]
  0x00000257fbd21000 ConcurrentGCThread "G1 Young RemSet Sampling" [stack: 0x000000c519400000,0x000000c519500000] [id=11636]

Threads with active compile tasks:
C2 CompilerThread08178   !   4       fp::n (7421 bytes)

VM state:not at safepoint (normal execution)

VM Mutex/Monitor currently owned by a thread: None

Heap address: 0x0000000701e00000, size: 4066 MB, Compressed Oops mode: Zero based, Oop shift amount: 3
Narrow klass base: 0x0000000800000000, Narrow klass shift: 0
Compressed class space size: 1073741824 Address: 0x0000000800000000

Heap:
 garbage-first heap   total 262144K, used 76190K [0x0000000701e00000, 0x0000000800000000)
  region size 1024K, 23 young (23552K), 2 survivors (2048K)
 Metaspace       used 60027K, capacity 61401K, committed 61616K, reserved 1103872K
  class space    used 6737K, capacity 7317K, committed 7424K, reserved 1048576K
Heap Regions: E=young(eden), S=young(survivor), O=old, HS=humongous(starts), HC=humongous(continues), CS=collection set, F=free, A=archive, TAMS=top-at-mark-start (previous, next)
|   0|0x0000000701e00000, 0x0000000701f00000, 0x0000000701f00000|100%| O|  |TAMS 0x0000000701f00000, 0x0000000701e00000| Untracked 
|   1|0x0000000701f00000, 0x0000000702000000, 0x0000000702000000|100%| O|  |TAMS 0x0000000702000000, 0x0000000701f00000| Untracked 
|   2|0x0000000702000000, 0x0000000702100000, 0x0000000702100000|100%| O|  |TAMS 0x0000000702100000, 0x0000000702000000| Untracked 
|   3|0x0000000702100000, 0x0000000702200000, 0x0000000702200000|100%| O|  |TAMS 0x0000000702200000, 0x0000000702100000| Untracked 
|   4|0x0000000702200000, 0x0000000702300000, 0x0000000702300000|100%| O|  |TAMS 0x0000000702300000, 0x0000000702200000| Untracked 
|   5|0x0000000702300000, 0x0000000702400000, 0x0000000702400000|100%| O|  |TAMS 0x0000000702400000, 0x0000000702300000| Untracked 
|   6|0x0000000702400000, 0x0000000702500000, 0x0000000702500000|100%| O|  |TAMS 0x0000000702500000, 0x0000000702400000| Untracked 
|   7|0x0000000702500000, 0x0000000702600000, 0x0000000702600000|100%|HS|  |TAMS 0x0000000702600000, 0x0000000702500000| Complete 
|   8|0x0000000702600000, 0x0000000702700000, 0x0000000702700000|100%|HC|  |TAMS 0x0000000702700000, 0x0000000702600000| Complete 
|   9|0x0000000702700000, 0x0000000702800000, 0x0000000702800000|100%|HS|  |TAMS 0x0000000702800000, 0x0000000702700000| Complete 
|  10|0x0000000702800000, 0x0000000702900000, 0x0000000702900000|100%|HC|  |TAMS 0x0000000702900000, 0x0000000702800000| Complete 
|  11|0x0000000702900000, 0x0000000702a00000, 0x0000000702a00000|100%| O|  |TAMS 0x0000000702a00000, 0x0000000702900000| Untracked 
|  12|0x0000000702a00000, 0x0000000702b00000, 0x0000000702b00000|100%| O|  |TAMS 0x0000000702b00000, 0x0000000702a00000| Untracked 
|  13|0x0000000702b00000, 0x0000000702c00000, 0x0000000702c00000|100%| O|  |TAMS 0x0000000702c00000, 0x0000000702b00000| Untracked 
|  14|0x0000000702c00000, 0x0000000702d00000, 0x0000000702d00000|100%| O|  |TAMS 0x0000000702d00000, 0x0000000702c00000| Untracked 
|  15|0x0000000702d00000, 0x0000000702e00000, 0x0000000702e00000|100%| O|  |TAMS 0x0000000702e00000, 0x0000000702d00000| Untracked 
|  16|0x0000000702e00000, 0x0000000702f00000, 0x0000000702f00000|100%| O|  |TAMS 0x0000000702f00000, 0x0000000702e00000| Untracked 
|  17|0x0000000702f00000, 0x0000000703000000, 0x0000000703000000|100%| O|  |TAMS 0x0000000703000000, 0x0000000702f00000| Untracked 
|  18|0x0000000703000000, 0x0000000703100000, 0x0000000703100000|100%| O|  |TAMS 0x0000000703100000, 0x0000000703000000| Untracked 
|  19|0x0000000703100000, 0x0000000703200000, 0x0000000703200000|100%| O|  |TAMS 0x0000000703200000, 0x0000000703100000| Untracked 
|  20|0x0000000703200000, 0x0000000703300000, 0x0000000703300000|100%| O|  |TAMS 0x0000000703300000, 0x0000000703200000| Untracked 
|  21|0x0000000703300000, 0x0000000703400000, 0x0000000703400000|100%| O|  |TAMS 0x0000000703400000, 0x0000000703300000| Untracked 
|  22|0x0000000703400000, 0x0000000703500000, 0x0000000703500000|100%| O|  |TAMS 0x0000000703500000, 0x0000000703400000| Untracked 
|  23|0x0000000703500000, 0x0000000703600000, 0x0000000703600000|100%| O|  |TAMS 0x0000000703600000, 0x0000000703500000| Untracked 
|  24|0x0000000703600000, 0x0000000703700000, 0x0000000703700000|100%| O|  |TAMS 0x0000000703700000, 0x0000000703600000| Untracked 
|  25|0x0000000703700000, 0x0000000703800000, 0x0000000703800000|100%| O|  |TAMS 0x0000000703800000, 0x0000000703700000| Untracked 
|  26|0x0000000703800000, 0x0000000703900000, 0x0000000703900000|100%| O|  |TAMS 0x0000000703900000, 0x0000000703800000| Untracked 
|  27|0x0000000703900000, 0x0000000703a00000, 0x0000000703a00000|100%|HS|  |TAMS 0x0000000703a00000, 0x0000000703900000| Complete 
|  28|0x0000000703a00000, 0x0000000703b00000, 0x0000000703b00000|100%|HS|  |TAMS 0x0000000703a00000, 0x0000000703a00000| Complete 
|  29|0x0000000703b00000, 0x0000000703c00000, 0x0000000703c00000|100%| O|  |TAMS 0x0000000703c00000, 0x0000000703b00000| Untracked 
|  30|0x0000000703c00000, 0x0000000703d00000, 0x0000000703d00000|100%| O|  |TAMS 0x0000000703d00000, 0x0000000703c00000| Untracked 
|  31|0x0000000703d00000, 0x0000000703e00000, 0x0000000703e00000|100%| O|  |TAMS 0x0000000703e00000, 0x0000000703d00000| Untracked 
|  32|0x0000000703e00000, 0x0000000703f00000, 0x0000000703f00000|100%| O|  |TAMS 0x0000000703f00000, 0x0000000703e00000| Untracked 
|  33|0x0000000703f00000, 0x0000000704000000, 0x0000000704000000|100%| O|  |TAMS 0x0000000704000000, 0x0000000703f00000| Untracked 
|  34|0x0000000704000000, 0x0000000704100000, 0x0000000704100000|100%| O|  |TAMS 0x0000000704100000, 0x0000000704000000| Untracked 
|  35|0x0000000704100000, 0x0000000704200000, 0x0000000704200000|100%| O|  |TAMS 0x0000000704200000, 0x0000000704100000| Untracked 
|  36|0x0000000704200000, 0x0000000704300000, 0x0000000704300000|100%| O|  |TAMS 0x0000000704300000, 0x0000000704200000| Untracked 
|  37|0x0000000704300000, 0x0000000704400000, 0x0000000704400000|100%|HS|  |TAMS 0x0000000704400000, 0x0000000704300000| Complete 
|  38|0x0000000704400000, 0x0000000704500000, 0x0000000704500000|100%| O|  |TAMS 0x0000000704500000, 0x0000000704400000| Untracked 
|  39|0x0000000704500000, 0x0000000704600000, 0x0000000704600000|100%| O|  |TAMS 0x0000000704600000, 0x0000000704500000| Untracked 
|  40|0x0000000704600000, 0x0000000704700000, 0x0000000704700000|100%| O|  |TAMS 0x0000000704700000, 0x0000000704600000| Untracked 
|  41|0x0000000704700000, 0x0000000704800000, 0x0000000704800000|100%| O|  |TAMS 0x0000000704800000, 0x0000000704700000| Untracked 
|  42|0x0000000704800000, 0x0000000704900000, 0x0000000704900000|100%| O|  |TAMS 0x0000000704900000, 0x0000000704800000| Untracked 
|  43|0x0000000704900000, 0x0000000704a00000, 0x0000000704a00000|100%| O|  |TAMS 0x0000000704a00000, 0x0000000704900000| Untracked 
|  44|0x0000000704a00000, 0x0000000704b00000, 0x0000000704b00000|100%| O|  |TAMS 0x0000000704b00000, 0x0000000704a00000| Untracked 
|  45|0x0000000704b00000, 0x0000000704c00000, 0x0000000704c00000|100%| O|  |TAMS 0x0000000704c00000, 0x0000000704b00000| Untracked 
|  46|0x0000000704c00000, 0x0000000704d00000, 0x0000000704d00000|100%| O|  |TAMS 0x0000000704d00000, 0x0000000704c00000| Untracked 
|  47|0x0000000704d00000, 0x0000000704d67800, 0x0000000704e00000| 40%| O|  |TAMS 0x0000000704d67800, 0x0000000704d00000| Untracked 
|  48|0x0000000704e00000, 0x0000000704f00000, 0x0000000704f00000|100%|HS|  |TAMS 0x0000000704e00000, 0x0000000704e00000| Complete 
|  49|0x0000000704f00000, 0x0000000705000000, 0x0000000705000000|100%|HC|  |TAMS 0x0000000704f00000, 0x0000000704f00000| Complete 
|  50|0x0000000705000000, 0x0000000705100000, 0x0000000705100000|100%|HC|  |TAMS 0x0000000705000000, 0x0000000705000000| Complete 
|  51|0x0000000705100000, 0x0000000705200000, 0x0000000705200000|100%|HC|  |TAMS 0x0000000705100000, 0x0000000705100000| Complete 
|  52|0x0000000705200000, 0x0000000705300000, 0x0000000705300000|100%|HS|  |TAMS 0x0000000705200000, 0x0000000705200000| Complete 
|  53|0x0000000705300000, 0x0000000705300000, 0x0000000705400000|  0%| F|  |TAMS 0x0000000705300000, 0x0000000705300000| Untracked 
|  54|0x0000000705400000, 0x0000000705400000, 0x0000000705500000|  0%| F|  |TAMS 0x0000000705400000, 0x0000000705400000| Untracked 
|  55|0x0000000705500000, 0x0000000705500000, 0x0000000705600000|  0%| F|  |TAMS 0x0000000705500000, 0x0000000705500000| Untracked 
|  56|0x0000000705600000, 0x0000000705600000, 0x0000000705700000|  0%| F|  |TAMS 0x0000000705600000, 0x0000000705600000| Untracked 
|  57|0x0000000705700000, 0x0000000705700000, 0x0000000705800000|  0%| F|  |TAMS 0x0000000705700000, 0x0000000705700000| Untracked 
|  58|0x0000000705800000, 0x0000000705800000, 0x0000000705900000|  0%| F|  |TAMS 0x0000000705800000, 0x0000000705800000| Untracked 
|  59|0x0000000705900000, 0x0000000705900000, 0x0000000705a00000|  0%| F|  |TAMS 0x0000000705900000, 0x0000000705900000| Untracked 
|  60|0x0000000705a00000, 0x0000000705a00000, 0x0000000705b00000|  0%| F|  |TAMS 0x0000000705a00000, 0x0000000705a00000| Untracked 
|  61|0x0000000705b00000, 0x0000000705b00000, 0x0000000705c00000|  0%| F|  |TAMS 0x0000000705b00000, 0x0000000705b00000| Untracked 
|  62|0x0000000705c00000, 0x0000000705c00000, 0x0000000705d00000|  0%| F|  |TAMS 0x0000000705c00000, 0x0000000705c00000| Untracked 
|  63|0x0000000705d00000, 0x0000000705d00000, 0x0000000705e00000|  0%| F|  |TAMS 0x0000000705d00000, 0x0000000705d00000| Untracked 
|  64|0x0000000705e00000, 0x0000000705e00000, 0x0000000705f00000|  0%| F|  |TAMS 0x0000000705e00000, 0x0000000705e00000| Untracked 
|  65|0x0000000705f00000, 0x0000000705f00000, 0x0000000706000000|  0%| F|  |TAMS 0x0000000705f00000, 0x0000000705f00000| Untracked 
|  66|0x0000000706000000, 0x0000000706000000, 0x0000000706100000|  0%| F|  |TAMS 0x0000000706000000, 0x0000000706000000| Untracked 
|  67|0x0000000706100000, 0x0000000706100000, 0x0000000706200000|  0%| F|  |TAMS 0x0000000706100000, 0x0000000706100000| Untracked 
|  68|0x0000000706200000, 0x0000000706200000, 0x0000000706300000|  0%| F|  |TAMS 0x0000000706200000, 0x0000000706200000| Untracked 
|  69|0x0000000706300000, 0x0000000706300000, 0x0000000706400000|  0%| F|  |TAMS 0x0000000706300000, 0x0000000706300000| Untracked 
|  70|0x0000000706400000, 0x0000000706400000, 0x0000000706500000|  0%| F|  |TAMS 0x0000000706400000, 0x0000000706400000| Untracked 
|  71|0x0000000706500000, 0x0000000706500000, 0x0000000706600000|  0%| F|  |TAMS 0x0000000706500000, 0x0000000706500000| Untracked 
|  72|0x0000000706600000, 0x0000000706600000, 0x0000000706700000|  0%| F|  |TAMS 0x0000000706600000, 0x0000000706600000| Untracked 
|  73|0x0000000706700000, 0x0000000706700000, 0x0000000706800000|  0%| F|  |TAMS 0x0000000706700000, 0x0000000706700000| Untracked 
|  74|0x0000000706800000, 0x0000000706800000, 0x0000000706900000|  0%| F|  |TAMS 0x0000000706800000, 0x0000000706800000| Untracked 
|  75|0x0000000706900000, 0x0000000706900000, 0x0000000706a00000|  0%| F|  |TAMS 0x0000000706900000, 0x0000000706900000| Untracked 
|  76|0x0000000706a00000, 0x0000000706a00000, 0x0000000706b00000|  0%| F|  |TAMS 0x0000000706a00000, 0x0000000706a00000| Untracked 
|  77|0x0000000706b00000, 0x0000000706b00000, 0x0000000706c00000|  0%| F|  |TAMS 0x0000000706b00000, 0x0000000706b00000| Untracked 
|  78|0x0000000706c00000, 0x0000000706c00000, 0x0000000706d00000|  0%| F|  |TAMS 0x0000000706c00000, 0x0000000706c00000| Untracked 
|  79|0x0000000706d00000, 0x0000000706d00000, 0x0000000706e00000|  0%| F|  |TAMS 0x0000000706d00000, 0x0000000706d00000| Untracked 
|  80|0x0000000706e00000, 0x0000000706e00000, 0x0000000706f00000|  0%| F|  |TAMS 0x0000000706e00000, 0x0000000706e00000| Untracked 
|  81|0x0000000706f00000, 0x0000000706f00000, 0x0000000707000000|  0%| F|  |TAMS 0x0000000706f00000, 0x0000000706f00000| Untracked 
|  82|0x0000000707000000, 0x0000000707000000, 0x0000000707100000|  0%| F|  |TAMS 0x0000000707000000, 0x0000000707000000| Untracked 
|  83|0x0000000707100000, 0x0000000707100000, 0x0000000707200000|  0%| F|  |TAMS 0x0000000707100000, 0x0000000707100000| Untracked 
|  84|0x0000000707200000, 0x0000000707200000, 0x0000000707300000|  0%| F|  |TAMS 0x0000000707200000, 0x0000000707200000| Untracked 
|  85|0x0000000707300000, 0x0000000707300000, 0x0000000707400000|  0%| F|  |TAMS 0x0000000707300000, 0x0000000707300000| Untracked 
|  86|0x0000000707400000, 0x0000000707400000, 0x0000000707500000|  0%| F|  |TAMS 0x0000000707400000, 0x0000000707400000| Untracked 
|  87|0x0000000707500000, 0x0000000707500000, 0x0000000707600000|  0%| F|  |TAMS 0x0000000707500000, 0x0000000707500000| Untracked 
|  88|0x0000000707600000, 0x0000000707600000, 0x0000000707700000|  0%| F|  |TAMS 0x0000000707600000, 0x0000000707600000| Untracked 
|  89|0x0000000707700000, 0x0000000707700000, 0x0000000707800000|  0%| F|  |TAMS 0x0000000707700000, 0x0000000707700000| Untracked 
|  90|0x0000000707800000, 0x0000000707800000, 0x0000000707900000|  0%| F|  |TAMS 0x0000000707800000, 0x0000000707800000| Untracked 
|  91|0x0000000707900000, 0x0000000707900000, 0x0000000707a00000|  0%| F|  |TAMS 0x0000000707900000, 0x0000000707900000| Untracked 
|  92|0x0000000707a00000, 0x0000000707a00000, 0x0000000707b00000|  0%| F|  |TAMS 0x0000000707a00000, 0x0000000707a00000| Untracked 
|  93|0x0000000707b00000, 0x0000000707b00000, 0x0000000707c00000|  0%| F|  |TAMS 0x0000000707b00000, 0x0000000707b00000| Untracked 
|  94|0x0000000707c00000, 0x0000000707c00000, 0x0000000707d00000|  0%| F|  |TAMS 0x0000000707c00000, 0x0000000707c00000| Untracked 
|  95|0x0000000707d00000, 0x0000000707d00000, 0x0000000707e00000|  0%| F|  |TAMS 0x0000000707d00000, 0x0000000707d00000| Untracked 
|  96|0x0000000707e00000, 0x0000000707e00000, 0x0000000707f00000|  0%| F|  |TAMS 0x0000000707e00000, 0x0000000707e00000| Untracked 
|  97|0x0000000707f00000, 0x0000000707f00000, 0x0000000708000000|  0%| F|  |TAMS 0x0000000707f00000, 0x0000000707f00000| Untracked 
|  98|0x0000000708000000, 0x0000000708000000, 0x0000000708100000|  0%| F|  |TAMS 0x0000000708000000, 0x0000000708000000| Untracked 
|  99|0x0000000708100000, 0x0000000708100000, 0x0000000708200000|  0%| F|  |TAMS 0x0000000708100000, 0x0000000708100000| Untracked 
| 100|0x0000000708200000, 0x0000000708200000, 0x0000000708300000|  0%| F|  |TAMS 0x0000000708200000, 0x0000000708200000| Untracked 
| 101|0x0000000708300000, 0x0000000708300000, 0x0000000708400000|  0%| F|  |TAMS 0x0000000708300000, 0x0000000708300000| Untracked 
| 102|0x0000000708400000, 0x0000000708400000, 0x0000000708500000|  0%| F|  |TAMS 0x0000000708400000, 0x0000000708400000| Untracked 
| 103|0x0000000708500000, 0x0000000708500000, 0x0000000708600000|  0%| F|  |TAMS 0x0000000708500000, 0x0000000708500000| Untracked 
| 104|0x0000000708600000, 0x0000000708600000, 0x0000000708700000|  0%| F|  |TAMS 0x0000000708600000, 0x0000000708600000| Untracked 
| 105|0x0000000708700000, 0x0000000708700000, 0x0000000708800000|  0%| F|  |TAMS 0x0000000708700000, 0x0000000708700000| Untracked 
| 106|0x0000000708800000, 0x0000000708800000, 0x0000000708900000|  0%| F|  |TAMS 0x0000000708800000, 0x0000000708800000| Untracked 
| 107|0x0000000708900000, 0x0000000708900000, 0x0000000708a00000|  0%| F|  |TAMS 0x0000000708900000, 0x0000000708900000| Untracked 
| 108|0x0000000708a00000, 0x0000000708a00000, 0x0000000708b00000|  0%| F|  |TAMS 0x0000000708a00000, 0x0000000708a00000| Untracked 
| 109|0x0000000708b00000, 0x0000000708b00000, 0x0000000708c00000|  0%| F|  |TAMS 0x0000000708b00000, 0x0000000708b00000| Untracked 
| 110|0x0000000708c00000, 0x0000000708c00000, 0x0000000708d00000|  0%| F|  |TAMS 0x0000000708c00000, 0x0000000708c00000| Untracked 
| 111|0x0000000708d00000, 0x0000000708d00000, 0x0000000708e00000|  0%| F|  |TAMS 0x0000000708d00000, 0x0000000708d00000| Untracked 
| 112|0x0000000708e00000, 0x0000000708e00000, 0x0000000708f00000|  0%| F|  |TAMS 0x0000000708e00000, 0x0000000708e00000| Untracked 
| 113|0x0000000708f00000, 0x0000000708f00000, 0x0000000709000000|  0%| F|  |TAMS 0x0000000708f00000, 0x0000000708f00000| Untracked 
| 114|0x0000000709000000, 0x0000000709000000, 0x0000000709100000|  0%| F|  |TAMS 0x0000000709000000, 0x0000000709000000| Untracked 
| 115|0x0000000709100000, 0x0000000709100000, 0x0000000709200000|  0%| F|  |TAMS 0x0000000709100000, 0x0000000709100000| Untracked 
| 116|0x0000000709200000, 0x0000000709200000, 0x0000000709300000|  0%| F|  |TAMS 0x0000000709200000, 0x0000000709200000| Untracked 
| 117|0x0000000709300000, 0x0000000709300000, 0x0000000709400000|  0%| F|  |TAMS 0x0000000709300000, 0x0000000709300000| Untracked 
| 118|0x0000000709400000, 0x0000000709400000, 0x0000000709500000|  0%| F|  |TAMS 0x0000000709400000, 0x0000000709400000| Untracked 
| 119|0x0000000709500000, 0x0000000709500000, 0x0000000709600000|  0%| F|  |TAMS 0x0000000709500000, 0x0000000709500000| Untracked 
| 120|0x0000000709600000, 0x0000000709600000, 0x0000000709700000|  0%| F|  |TAMS 0x0000000709600000, 0x0000000709600000| Untracked 
| 121|0x0000000709700000, 0x0000000709700000, 0x0000000709800000|  0%| F|  |TAMS 0x0000000709700000, 0x0000000709700000| Untracked 
| 122|0x0000000709800000, 0x0000000709800000, 0x0000000709900000|  0%| F|  |TAMS 0x0000000709800000, 0x0000000709800000| Untracked 
| 123|0x0000000709900000, 0x0000000709900000, 0x0000000709a00000|  0%| F|  |TAMS 0x0000000709900000, 0x0000000709900000| Untracked 
| 124|0x0000000709a00000, 0x0000000709a00000, 0x0000000709b00000|  0%| F|  |TAMS 0x0000000709a00000, 0x0000000709a00000| Untracked 
| 125|0x0000000709b00000, 0x0000000709b00000, 0x0000000709c00000|  0%| F|  |TAMS 0x0000000709b00000, 0x0000000709b00000| Untracked 
| 126|0x0000000709c00000, 0x0000000709c00000, 0x0000000709d00000|  0%| F|  |TAMS 0x0000000709c00000, 0x0000000709c00000| Untracked 
| 127|0x0000000709d00000, 0x0000000709d00000, 0x0000000709e00000|  0%| F|  |TAMS 0x0000000709d00000, 0x0000000709d00000| Untracked 
| 128|0x0000000709e00000, 0x0000000709e00000, 0x0000000709f00000|  0%| F|  |TAMS 0x0000000709e00000, 0x0000000709e00000| Untracked 
| 129|0x0000000709f00000, 0x0000000709f00000, 0x000000070a000000|  0%| F|  |TAMS 0x0000000709f00000, 0x0000000709f00000| Untracked 
| 130|0x000000070a000000, 0x000000070a000000, 0x000000070a100000|  0%| F|  |TAMS 0x000000070a000000, 0x000000070a000000| Untracked 
| 131|0x000000070a100000, 0x000000070a100000, 0x000000070a200000|  0%| F|  |TAMS 0x000000070a100000, 0x000000070a100000| Untracked 
| 132|0x000000070a200000, 0x000000070a200000, 0x000000070a300000|  0%| F|  |TAMS 0x000000070a200000, 0x000000070a200000| Untracked 
| 133|0x000000070a300000, 0x000000070a300000, 0x000000070a400000|  0%| F|  |TAMS 0x000000070a300000, 0x000000070a300000| Untracked 
| 134|0x000000070a400000, 0x000000070a400000, 0x000000070a500000|  0%| F|  |TAMS 0x000000070a400000, 0x000000070a400000| Untracked 
| 135|0x000000070a500000, 0x000000070a500000, 0x000000070a600000|  0%| F|  |TAMS 0x000000070a500000, 0x000000070a500000| Untracked 
| 136|0x000000070a600000, 0x000000070a600000, 0x000000070a700000|  0%| F|  |TAMS 0x000000070a600000, 0x000000070a600000| Untracked 
| 137|0x000000070a700000, 0x000000070a700000, 0x000000070a800000|  0%| F|  |TAMS 0x000000070a700000, 0x000000070a700000| Untracked 
| 138|0x000000070a800000, 0x000000070a800000, 0x000000070a900000|  0%| F|  |TAMS 0x000000070a800000, 0x000000070a800000| Untracked 
| 139|0x000000070a900000, 0x000000070a900000, 0x000000070aa00000|  0%| F|  |TAMS 0x000000070a900000, 0x000000070a900000| Untracked 
| 140|0x000000070aa00000, 0x000000070aa00000, 0x000000070ab00000|  0%| F|  |TAMS 0x000000070aa00000, 0x000000070aa00000| Untracked 
| 141|0x000000070ab00000, 0x000000070ab00000, 0x000000070ac00000|  0%| F|  |TAMS 0x000000070ab00000, 0x000000070ab00000| Untracked 
| 142|0x000000070ac00000, 0x000000070ac00000, 0x000000070ad00000|  0%| F|  |TAMS 0x000000070ac00000, 0x000000070ac00000| Untracked 
| 143|0x000000070ad00000, 0x000000070ad00000, 0x000000070ae00000|  0%| F|  |TAMS 0x000000070ad00000, 0x000000070ad00000| Untracked 
| 144|0x000000070ae00000, 0x000000070ae00000, 0x000000070af00000|  0%| F|  |TAMS 0x000000070ae00000, 0x000000070ae00000| Untracked 
| 145|0x000000070af00000, 0x000000070af00000, 0x000000070b000000|  0%| F|  |TAMS 0x000000070af00000, 0x000000070af00000| Untracked 
| 146|0x000000070b000000, 0x000000070b000000, 0x000000070b100000|  0%| F|  |TAMS 0x000000070b000000, 0x000000070b000000| Untracked 
| 147|0x000000070b100000, 0x000000070b100000, 0x000000070b200000|  0%| F|  |TAMS 0x000000070b100000, 0x000000070b100000| Untracked 
| 148|0x000000070b200000, 0x000000070b200000, 0x000000070b300000|  0%| F|  |TAMS 0x000000070b200000, 0x000000070b200000| Untracked 
| 149|0x000000070b300000, 0x000000070b300000, 0x000000070b400000|  0%| F|  |TAMS 0x000000070b300000, 0x000000070b300000| Untracked 
| 150|0x000000070b400000, 0x000000070b400000, 0x000000070b500000|  0%| F|  |TAMS 0x000000070b400000, 0x000000070b400000| Untracked 
| 151|0x000000070b500000, 0x000000070b500000, 0x000000070b600000|  0%| F|  |TAMS 0x000000070b500000, 0x000000070b500000| Untracked 
| 152|0x000000070b600000, 0x000000070b600000, 0x000000070b700000|  0%| F|  |TAMS 0x000000070b600000, 0x000000070b600000| Untracked 
| 153|0x000000070b700000, 0x000000070b700000, 0x000000070b800000|  0%| F|  |TAMS 0x000000070b700000, 0x000000070b700000| Untracked 
| 154|0x000000070b800000, 0x000000070b800000, 0x000000070b900000|  0%| F|  |TAMS 0x000000070b800000, 0x000000070b800000| Untracked 
| 155|0x000000070b900000, 0x000000070b900000, 0x000000070ba00000|  0%| F|  |TAMS 0x000000070b900000, 0x000000070b900000| Untracked 
| 156|0x000000070ba00000, 0x000000070ba00000, 0x000000070bb00000|  0%| F|  |TAMS 0x000000070ba00000, 0x000000070ba00000| Untracked 
| 157|0x000000070bb00000, 0x000000070bb00000, 0x000000070bc00000|  0%| F|  |TAMS 0x000000070bb00000, 0x000000070bb00000| Untracked 
| 158|0x000000070bc00000, 0x000000070bc00000, 0x000000070bd00000|  0%| F|  |TAMS 0x000000070bc00000, 0x000000070bc00000| Untracked 
| 159|0x000000070bd00000, 0x000000070bd00000, 0x000000070be00000|  0%| F|  |TAMS 0x000000070bd00000, 0x000000070bd00000| Untracked 
| 160|0x000000070be00000, 0x000000070be00000, 0x000000070bf00000|  0%| F|  |TAMS 0x000000070be00000, 0x000000070be00000| Untracked 
| 161|0x000000070bf00000, 0x000000070bf00000, 0x000000070c000000|  0%| F|  |TAMS 0x000000070bf00000, 0x000000070bf00000| Untracked 
| 162|0x000000070c000000, 0x000000070c000000, 0x000000070c100000|  0%| F|  |TAMS 0x000000070c000000, 0x000000070c000000| Untracked 
| 163|0x000000070c100000, 0x000000070c100000, 0x000000070c200000|  0%| F|  |TAMS 0x000000070c100000, 0x000000070c100000| Untracked 
| 164|0x000000070c200000, 0x000000070c200000, 0x000000070c300000|  0%| F|  |TAMS 0x000000070c200000, 0x000000070c200000| Untracked 
| 165|0x000000070c300000, 0x000000070c300000, 0x000000070c400000|  0%| F|  |TAMS 0x000000070c300000, 0x000000070c300000| Untracked 
| 166|0x000000070c400000, 0x000000070c400000, 0x000000070c500000|  0%| F|  |TAMS 0x000000070c400000, 0x000000070c400000| Untracked 
| 167|0x000000070c500000, 0x000000070c500000, 0x000000070c600000|  0%| F|  |TAMS 0x000000070c500000, 0x000000070c500000| Untracked 
| 168|0x000000070c600000, 0x000000070c600000, 0x000000070c700000|  0%| F|  |TAMS 0x000000070c600000, 0x000000070c600000| Untracked 
| 169|0x000000070c700000, 0x000000070c700000, 0x000000070c800000|  0%| F|  |TAMS 0x000000070c700000, 0x000000070c700000| Untracked 
| 170|0x000000070c800000, 0x000000070c800000, 0x000000070c900000|  0%| F|  |TAMS 0x000000070c800000, 0x000000070c800000| Untracked 
| 171|0x000000070c900000, 0x000000070c900000, 0x000000070ca00000|  0%| F|  |TAMS 0x000000070c900000, 0x000000070c900000| Untracked 
| 172|0x000000070ca00000, 0x000000070ca00000, 0x000000070cb00000|  0%| F|  |TAMS 0x000000070ca00000, 0x000000070ca00000| Untracked 
| 173|0x000000070cb00000, 0x000000070cb00000, 0x000000070cc00000|  0%| F|  |TAMS 0x000000070cb00000, 0x000000070cb00000| Untracked 
| 174|0x000000070cc00000, 0x000000070cc00000, 0x000000070cd00000|  0%| F|  |TAMS 0x000000070cc00000, 0x000000070cc00000| Untracked 
| 175|0x000000070cd00000, 0x000000070cd00000, 0x000000070ce00000|  0%| F|  |TAMS 0x000000070cd00000, 0x000000070cd00000| Untracked 
| 176|0x000000070ce00000, 0x000000070ce00000, 0x000000070cf00000|  0%| F|  |TAMS 0x000000070ce00000, 0x000000070ce00000| Untracked 
| 177|0x000000070cf00000, 0x000000070cf00000, 0x000000070d000000|  0%| F|  |TAMS 0x000000070cf00000, 0x000000070cf00000| Untracked 
| 178|0x000000070d000000, 0x000000070d000000, 0x000000070d100000|  0%| F|  |TAMS 0x000000070d000000, 0x000000070d000000| Untracked 
| 179|0x000000070d100000, 0x000000070d100000, 0x000000070d200000|  0%| F|  |TAMS 0x000000070d100000, 0x000000070d100000| Untracked 
| 180|0x000000070d200000, 0x000000070d200000, 0x000000070d300000|  0%| F|  |TAMS 0x000000070d200000, 0x000000070d200000| Untracked 
| 181|0x000000070d300000, 0x000000070d300000, 0x000000070d400000|  0%| F|  |TAMS 0x000000070d300000, 0x000000070d300000| Untracked 
| 182|0x000000070d400000, 0x000000070d400000, 0x000000070d500000|  0%| F|  |TAMS 0x000000070d400000, 0x000000070d400000| Untracked 
| 183|0x000000070d500000, 0x000000070d500000, 0x000000070d600000|  0%| F|  |TAMS 0x000000070d500000, 0x000000070d500000| Untracked 
| 184|0x000000070d600000, 0x000000070d600000, 0x000000070d700000|  0%| F|  |TAMS 0x000000070d600000, 0x000000070d600000| Untracked 
| 185|0x000000070d700000, 0x000000070d700000, 0x000000070d800000|  0%| F|  |TAMS 0x000000070d700000, 0x000000070d700000| Untracked 
| 186|0x000000070d800000, 0x000000070d800000, 0x000000070d900000|  0%| F|  |TAMS 0x000000070d800000, 0x000000070d800000| Untracked 
| 187|0x000000070d900000, 0x000000070d900000, 0x000000070da00000|  0%| F|  |TAMS 0x000000070d900000, 0x000000070d900000| Untracked 
| 188|0x000000070da00000, 0x000000070da00000, 0x000000070db00000|  0%| F|  |TAMS 0x000000070da00000, 0x000000070da00000| Untracked 
| 189|0x000000070db00000, 0x000000070db00000, 0x000000070dc00000|  0%| F|  |TAMS 0x000000070db00000, 0x000000070db00000| Untracked 
| 190|0x000000070dc00000, 0x000000070dc00000, 0x000000070dd00000|  0%| F|  |TAMS 0x000000070dc00000, 0x000000070dc00000| Untracked 
| 191|0x000000070dd00000, 0x000000070dd00000, 0x000000070de00000|  0%| F|  |TAMS 0x000000070dd00000, 0x000000070dd00000| Untracked 
| 192|0x000000070de00000, 0x000000070de00000, 0x000000070df00000|  0%| F|  |TAMS 0x000000070de00000, 0x000000070de00000| Untracked 
| 193|0x000000070df00000, 0x000000070df00000, 0x000000070e000000|  0%| F|  |TAMS 0x000000070df00000, 0x000000070df00000| Untracked 
| 194|0x000000070e000000, 0x000000070e000000, 0x000000070e100000|  0%| F|  |TAMS 0x000000070e000000, 0x000000070e000000| Untracked 
| 195|0x000000070e100000, 0x000000070e100000, 0x000000070e200000|  0%| F|  |TAMS 0x000000070e100000, 0x000000070e100000| Untracked 
| 196|0x000000070e200000, 0x000000070e200000, 0x000000070e300000|  0%| F|  |TAMS 0x000000070e200000, 0x000000070e200000| Untracked 
| 197|0x000000070e300000, 0x000000070e300000, 0x000000070e400000|  0%| F|  |TAMS 0x000000070e300000, 0x000000070e300000| Untracked 
| 198|0x000000070e400000, 0x000000070e400000, 0x000000070e500000|  0%| F|  |TAMS 0x000000070e400000, 0x000000070e400000| Untracked 
| 199|0x000000070e500000, 0x000000070e500000, 0x000000070e600000|  0%| F|  |TAMS 0x000000070e500000, 0x000000070e500000| Untracked 
| 200|0x000000070e600000, 0x000000070e600000, 0x000000070e700000|  0%| F|  |TAMS 0x000000070e600000, 0x000000070e600000| Untracked 
| 201|0x000000070e700000, 0x000000070e700000, 0x000000070e800000|  0%| F|  |TAMS 0x000000070e700000, 0x000000070e700000| Untracked 
| 202|0x000000070e800000, 0x000000070e800000, 0x000000070e900000|  0%| F|  |TAMS 0x000000070e800000, 0x000000070e800000| Untracked 
| 203|0x000000070e900000, 0x000000070e900000, 0x000000070ea00000|  0%| F|  |TAMS 0x000000070e900000, 0x000000070e900000| Untracked 
| 204|0x000000070ea00000, 0x000000070ea00000, 0x000000070eb00000|  0%| F|  |TAMS 0x000000070ea00000, 0x000000070ea00000| Untracked 
| 205|0x000000070eb00000, 0x000000070eb00000, 0x000000070ec00000|  0%| F|  |TAMS 0x000000070eb00000, 0x000000070eb00000| Untracked 
| 206|0x000000070ec00000, 0x000000070ec00000, 0x000000070ed00000|  0%| F|  |TAMS 0x000000070ec00000, 0x000000070ec00000| Untracked 
| 207|0x000000070ed00000, 0x000000070ed00000, 0x000000070ee00000|  0%| F|  |TAMS 0x000000070ed00000, 0x000000070ed00000| Untracked 
| 208|0x000000070ee00000, 0x000000070ee00000, 0x000000070ef00000|  0%| F|  |TAMS 0x000000070ee00000, 0x000000070ee00000| Untracked 
| 209|0x000000070ef00000, 0x000000070ef00000, 0x000000070f000000|  0%| F|  |TAMS 0x000000070ef00000, 0x000000070ef00000| Untracked 
| 210|0x000000070f000000, 0x000000070f000000, 0x000000070f100000|  0%| F|  |TAMS 0x000000070f000000, 0x000000070f000000| Untracked 
| 211|0x000000070f100000, 0x000000070f100000, 0x000000070f200000|  0%| F|  |TAMS 0x000000070f100000, 0x000000070f100000| Untracked 
| 212|0x000000070f200000, 0x000000070f200000, 0x000000070f300000|  0%| F|  |TAMS 0x000000070f200000, 0x000000070f200000| Untracked 
| 213|0x000000070f300000, 0x000000070f300000, 0x000000070f400000|  0%| F|  |TAMS 0x000000070f300000, 0x000000070f300000| Untracked 
| 214|0x000000070f400000, 0x000000070f400000, 0x000000070f500000|  0%| F|  |TAMS 0x000000070f400000, 0x000000070f400000| Untracked 
| 215|0x000000070f500000, 0x000000070f500000, 0x000000070f600000|  0%| F|  |TAMS 0x000000070f500000, 0x000000070f500000| Untracked 
| 216|0x000000070f600000, 0x000000070f600000, 0x000000070f700000|  0%| F|  |TAMS 0x000000070f600000, 0x000000070f600000| Untracked 
| 217|0x000000070f700000, 0x000000070f700000, 0x000000070f800000|  0%| F|  |TAMS 0x000000070f700000, 0x000000070f700000| Untracked 
| 218|0x000000070f800000, 0x000000070f800000, 0x000000070f900000|  0%| F|  |TAMS 0x000000070f800000, 0x000000070f800000| Untracked 
| 219|0x000000070f900000, 0x000000070f900000, 0x000000070fa00000|  0%| F|  |TAMS 0x000000070f900000, 0x000000070f900000| Untracked 
| 220|0x000000070fa00000, 0x000000070fa00000, 0x000000070fb00000|  0%| F|  |TAMS 0x000000070fa00000, 0x000000070fa00000| Untracked 
| 221|0x000000070fb00000, 0x000000070fb00000, 0x000000070fc00000|  0%| F|  |TAMS 0x000000070fb00000, 0x000000070fb00000| Untracked 
| 222|0x000000070fc00000, 0x000000070fc00000, 0x000000070fd00000|  0%| F|  |TAMS 0x000000070fc00000, 0x000000070fc00000| Untracked 
| 223|0x000000070fd00000, 0x000000070fd00000, 0x000000070fe00000|  0%| F|  |TAMS 0x000000070fd00000, 0x000000070fd00000| Untracked 
| 224|0x000000070fe00000, 0x000000070fe00000, 0x000000070ff00000|  0%| F|  |TAMS 0x000000070fe00000, 0x000000070fe00000| Untracked 
| 225|0x000000070ff00000, 0x000000070ff00000, 0x0000000710000000|  0%| F|  |TAMS 0x000000070ff00000, 0x000000070ff00000| Untracked 
| 226|0x0000000710000000, 0x0000000710000000, 0x0000000710100000|  0%| F|  |TAMS 0x0000000710000000, 0x0000000710000000| Untracked 
| 227|0x0000000710100000, 0x0000000710100000, 0x0000000710200000|  0%| F|  |TAMS 0x0000000710100000, 0x0000000710100000| Untracked 
| 228|0x0000000710200000, 0x0000000710200000, 0x0000000710300000|  0%| F|  |TAMS 0x0000000710200000, 0x0000000710200000| Untracked 
| 229|0x0000000710300000, 0x0000000710300000, 0x0000000710400000|  0%| F|  |TAMS 0x0000000710300000, 0x0000000710300000| Untracked 
| 230|0x0000000710400000, 0x0000000710400000, 0x0000000710500000|  0%| F|  |TAMS 0x0000000710400000, 0x0000000710400000| Untracked 
| 231|0x0000000710500000, 0x0000000710500000, 0x0000000710600000|  0%| F|  |TAMS 0x0000000710500000, 0x0000000710500000| Untracked 
| 232|0x0000000710600000, 0x0000000710600000, 0x0000000710700000|  0%| F|  |TAMS 0x0000000710600000, 0x0000000710600000| Untracked 
| 233|0x0000000710700000, 0x0000000710739ae8, 0x0000000710800000| 22%| E|  |TAMS 0x0000000710700000, 0x0000000710700000| Complete 
| 234|0x0000000710800000, 0x0000000710900000, 0x0000000710900000|100%| E|CS|TAMS 0x0000000710800000, 0x0000000710800000| Complete 
| 235|0x0000000710900000, 0x0000000710a00000, 0x0000000710a00000|100%| E|CS|TAMS 0x0000000710900000, 0x0000000710900000| Complete 
| 236|0x0000000710a00000, 0x0000000710b00000, 0x0000000710b00000|100%| E|CS|TAMS 0x0000000710a00000, 0x0000000710a00000| Complete 
| 237|0x0000000710b00000, 0x0000000710c00000, 0x0000000710c00000|100%| E|CS|TAMS 0x0000000710b00000, 0x0000000710b00000| Complete 
| 238|0x0000000710c00000, 0x0000000710d00000, 0x0000000710d00000|100%| E|CS|TAMS 0x0000000710c00000, 0x0000000710c00000| Complete 
| 239|0x0000000710d00000, 0x0000000710e00000, 0x0000000710e00000|100%| E|CS|TAMS 0x0000000710d00000, 0x0000000710d00000| Complete 
| 240|0x0000000710e00000, 0x0000000710f00000, 0x0000000710f00000|100%| E|CS|TAMS 0x0000000710e00000, 0x0000000710e00000| Complete 
| 241|0x0000000710f00000, 0x0000000711000000, 0x0000000711000000|100%| E|CS|TAMS 0x0000000710f00000, 0x0000000710f00000| Complete 
| 242|0x0000000711000000, 0x0000000711100000, 0x0000000711100000|100%| E|CS|TAMS 0x0000000711000000, 0x0000000711000000| Complete 
| 243|0x0000000711100000, 0x0000000711200000, 0x0000000711200000|100%| E|CS|TAMS 0x0000000711100000, 0x0000000711100000| Complete 
| 244|0x0000000711200000, 0x0000000711300000, 0x0000000711300000|100%| E|CS|TAMS 0x0000000711200000, 0x0000000711200000| Complete 
| 245|0x0000000711300000, 0x0000000711400000, 0x0000000711400000|100%| S|CS|TAMS 0x0000000711300000, 0x0000000711300000| Complete 
| 246|0x0000000711400000, 0x0000000711500000, 0x0000000711500000|100%| S|CS|TAMS 0x0000000711400000, 0x0000000711400000| Complete 
| 247|0x0000000711500000, 0x0000000711600000, 0x0000000711600000|100%| E|CS|TAMS 0x0000000711500000, 0x0000000711500000| Complete 
| 248|0x0000000711600000, 0x0000000711700000, 0x0000000711700000|100%| E|CS|TAMS 0x0000000711600000, 0x0000000711600000| Complete 
| 249|0x0000000711700000, 0x0000000711800000, 0x0000000711800000|100%| E|CS|TAMS 0x0000000711700000, 0x0000000711700000| Complete 
| 250|0x0000000711800000, 0x0000000711900000, 0x0000000711900000|100%| E|CS|TAMS 0x0000000711800000, 0x0000000711800000| Complete 
| 251|0x0000000711900000, 0x0000000711a00000, 0x0000000711a00000|100%| E|CS|TAMS 0x0000000711900000, 0x0000000711900000| Complete 
| 252|0x0000000711a00000, 0x0000000711b00000, 0x0000000711b00000|100%| E|CS|TAMS 0x0000000711a00000, 0x0000000711a00000| Complete 
| 253|0x0000000711b00000, 0x0000000711c00000, 0x0000000711c00000|100%| E|CS|TAMS 0x0000000711b00000, 0x0000000711b00000| Complete 
| 254|0x0000000711c00000, 0x0000000711d00000, 0x0000000711d00000|100%| E|CS|TAMS 0x0000000711c00000, 0x0000000711c00000| Complete 
| 255|0x0000000711d00000, 0x0000000711e00000, 0x0000000711e00000|100%| E|CS|TAMS 0x0000000711d00000, 0x0000000711d00000| Complete 

Card table byte_map: [0x00000257f0a20000,0x00000257f1220000] _byte_map_base: 0x00000257ed211000

Marking Bits (Prev, Next): (CMBitMap*) 0x00000257d8f5cca0, (CMBitMap*) 0x00000257d8f5cc68
 Prev Bits: [0x00000257f59b0000, 0x00000257f9938000)
 Next Bits: [0x00000257f1a20000, 0x00000257f59a8000)

Polling page: 0x00000257d86d0000

Metaspace:

Usage:
  Non-class:     52.82 MB capacity,    52.04 MB ( 99%) used,   616.84 KB (  1%) free+waste,   177.19 KB ( <1%) overhead. 
      Class:      7.15 MB capacity,     6.58 MB ( 92%) used,   495.23 KB (  7%) free+waste,    83.81 KB (  1%) overhead. 
       Both:     59.96 MB capacity,    58.62 MB ( 98%) used,     1.09 MB (  2%) free+waste,   261.00 KB ( <1%) overhead. 

Virtual space:
  Non-class space:       54.00 MB reserved,      52.92 MB ( 98%) committed 
      Class space:        1.00 GB reserved,       7.25 MB ( <1%) committed 
             Both:        1.05 GB reserved,      60.17 MB (  6%) committed 

Chunk freelists:
   Non-Class:  5.50 KB
       Class:  1.38 KB
        Both:  6.88 KB

CodeHeap 'non-profiled nmethods': size=120064Kb used=4771Kb max_used=4806Kb free=115292Kb
 bounds [0x00000257e8ce0000, 0x00000257e91a0000, 0x00000257f0220000]
CodeHeap 'profiled nmethods': size=120000Kb used=21357Kb max_used=21419Kb free=98642Kb
 bounds [0x00000257e17b0000, 0x00000257e2cd0000, 0x00000257e8ce0000]
CodeHeap 'non-nmethods': size=5696Kb used=1455Kb max_used=1491Kb free=4240Kb
 bounds [0x00000257e1220000, 0x00000257e1490000, 0x00000257e17b0000]
 total_blobs=11346 nmethods=7411 adapters=836
 compilation: enabled
              stopped_count=0, restarted_count=0
 full_count=0

Compilation events (10 events):
Event: 24.557 Thread 0x00000257fbe6a000 nmethod 8173 0x00000257e17e2a10 code [0x00000257e17e2bc0, 0x00000257e17e2d18]
Event: 24.827 Thread 0x00000257fc75a800 8174       4       sun.java2d.StateTrackableDelegate$1::isCurrent (17 bytes)
Event: 24.828 Thread 0x00000257fc75a800 nmethod 8174 0x00000257e8d0fd90 code [0x00000257e8d0ff20, 0x00000257e8d0ffb8]
Event: 25.286 Thread 0x00000257fbe6a000 8175       3       java.lang.Long::compare (22 bytes)
Event: 25.286 Thread 0x00000257fbe6a000 nmethod 8175 0x00000257e180af90 code [0x00000257e180b140, 0x00000257e180b358]
Event: 25.305 Thread 0x00000257fc75a800 8176 % !   4       fl::g @ 72 (431 bytes)
Event: 25.328 Thread 0x00000257fc75a800 nmethod 8176% 0x00000257e8e68490 code [0x00000257e8e686a0, 0x00000257e8e696f8]
Event: 26.047 Thread 0x00000257fbe6a000 8177   !   3       fp::n (7421 bytes)
Event: 26.073 Thread 0x00000257fbe6a000 nmethod 8177 0x00000257e2ca3c90 code [0x00000257e2ca6760, 0x00000257e2cc1030]
Event: 26.086 Thread 0x00000257fc75a800 8178   !   4       fp::n (7421 bytes)

GC Heap History (10 events):
Event: 4.817 GC heap before
{Heap before GC invocations=4 (full 0):
 garbage-first heap   total 262144K, used 48382K [0x0000000701e00000, 0x0000000800000000)
  region size 1024K, 46 young (47104K), 3 survivors (3072K)
 Metaspace       used 35365K, capacity 35746K, committed 35888K, reserved 1081344K
  class space    used 3962K, capacity 4131K, committed 4224K, reserved 1048576K
}
Event: 4.824 GC heap after
{Heap after GC invocations=5 (full 0):
 garbage-first heap   total 262144K, used 10222K [0x0000000701e00000, 0x0000000800000000)
  region size 1024K, 6 young (6144K), 6 survivors (6144K)
 Metaspace       used 35365K, capacity 35746K, committed 35888K, reserved 1081344K
  class space    used 3962K, capacity 4131K, committed 4224K, reserved 1048576K
}
Event: 7.277 GC heap before
{Heap before GC invocations=6 (full 0):
 garbage-first heap   total 262144K, used 109550K [0x0000000701e00000, 0x0000000800000000)
  region size 1024K, 98 young (100352K), 6 survivors (6144K)
 Metaspace       used 53689K, capacity 54808K, committed 55088K, reserved 1097728K
  class space    used 6213K, capacity 6712K, committed 6784K, reserved 1048576K
}
Event: 7.290 GC heap after
{Heap after GC invocations=7 (full 0):
 garbage-first heap   total 262144K, used 27088K [0x0000000701e00000, 0x0000000800000000)
  region size 1024K, 13 young (13312K), 13 survivors (13312K)
 Metaspace       used 53689K, capacity 54808K, committed 55088K, reserved 1097728K
  class space    used 6213K, capacity 6712K, committed 6784K, reserved 1048576K
}
Event: 8.318 GC heap before
{Heap before GC invocations=7 (full 0):
 garbage-first heap   total 262144K, used 84432K [0x0000000701e00000, 0x0000000800000000)
  region size 1024K, 69 young (70656K), 13 survivors (13312K)
 Metaspace       used 56662K, capacity 58013K, committed 58288K, reserved 1099776K
  class space    used 6490K, capacity 7074K, committed 7168K, reserved 1048576K
}
Event: 8.330 GC heap after
{Heap after GC invocations=8 (full 0):
 garbage-first heap   total 262144K, used 35743K [0x0000000701e00000, 0x0000000800000000)
  region size 1024K, 9 young (9216K), 9 survivors (9216K)
 Metaspace       used 56662K, capacity 58013K, committed 58288K, reserved 1099776K
  class space    used 6490K, capacity 7074K, committed 7168K, reserved 1048576K
}
Event: 9.435 GC heap before
{Heap before GC invocations=8 (full 0):
 garbage-first heap   total 262144K, used 122783K [0x0000000701e00000, 0x0000000800000000)
  region size 1024K, 93 young (95232K), 9 survivors (9216K)
 Metaspace       used 58525K, capacity 59877K, committed 60208K, reserved 1101824K
  class space    used 6639K, capacity 7201K, committed 7296K, reserved 1048576K
}
Event: 9.443 GC heap after
{Heap after GC invocations=9 (full 0):
 garbage-first heap   total 262144K, used 46080K [0x0000000701e00000, 0x0000000800000000)
  region size 1024K, 9 young (9216K), 9 survivors (9216K)
 Metaspace       used 58525K, capacity 59877K, committed 60208K, reserved 1101824K
  class space    used 6639K, capacity 7201K, committed 7296K, reserved 1048576K
}
Event: 9.543 GC heap before
{Heap before GC invocations=9 (full 0):
 garbage-first heap   total 262144K, used 55296K [0x0000000701e00000, 0x0000000800000000)
  region size 1024K, 18 young (18432K), 9 survivors (9216K)
 Metaspace       used 58821K, capacity 60107K, committed 60208K, reserved 1101824K
  class space    used 6658K, capacity 7234K, committed 7296K, reserved 1048576K
}
Event: 9.552 GC heap after
{Heap after GC invocations=10 (full 0):
 garbage-first heap   total 262144K, used 49566K [0x0000000701e00000, 0x0000000800000000)
  region size 1024K, 2 young (2048K), 2 survivors (2048K)
 Metaspace       used 58821K, capacity 60107K, committed 60208K, reserved 1101824K
  class space    used 6658K, capacity 7234K, committed 7296K, reserved 1048576K
}

Deoptimization events (10 events):
Event: 20.186 Thread 0x00000257fe7cd000 Uncommon trap: reason=unstable_if action=reinterpret pc=0x00000257e91490f4 method=fl.g(Llk;I)V @ 77 c2
Event: 22.205 Thread 0x00000257fe7cd000 Uncommon trap: reason=unstable_if action=reinterpret pc=0x00000257e914d554 method=fp.n(Lka;Lka;Lka;ZB)V @ 5086 c2
Event: 22.227 Thread 0x00000257fe7cd000 Uncommon trap: reason=unreached action=reinterpret pc=0x00000257e9134e8c method=fp.n(Lka;Lka;Lka;ZB)V @ 4959 c2
Event: 22.266 Thread 0x00000257fe7cd000 Uncommon trap: reason=unstable_if action=reinterpret pc=0x00000257e913b9ec method=fp.n(Lka;Lka;Lka;ZB)V @ 4953 c2
Event: 22.365 Thread 0x00000257fe7cd000 Uncommon trap: reason=unstable_if action=reinterpret pc=0x00000257e9170b94 method=fp.n(Lka;Lka;Lka;ZB)V @ 4953 c2
Event: 23.488 Thread 0x00000257fe7cd000 Uncommon trap: reason=unstable_if action=reinterpret pc=0x00000257e9182bb8 method=fp.n(Lka;Lka;Lka;ZB)V @ 5931 c2
Event: 23.506 Thread 0x00000257fe7cd000 Uncommon trap: reason=unstable_if action=reinterpret pc=0x00000257e917c8b8 method=fp.n(Lka;Lka;Lka;ZB)V @ 5931 c2
Event: 23.528 Thread 0x00000257fe7cd000 Uncommon trap: reason=unstable_if action=reinterpret pc=0x00000257e91769b0 method=fp.n(Lka;Lka;Lka;ZB)V @ 5931 c2
Event: 26.047 Thread 0x00000257fe7cd000 Uncommon trap: reason=unstable_if action=reinterpret pc=0x00000257e91956c0 method=fp.n(Lka;Lka;Lka;ZB)V @ 5989 c2
Event: 26.071 Thread 0x00000257fe7cd000 Uncommon trap: reason=unstable_if action=reinterpret pc=0x00000257e8e273b4 method=fp.n(Lka;Lka;Lka;ZB)V @ 5989 c2

Classes redefined (0 events):
No events

Internal exceptions (10 events):
Event: 7.375 Thread 0x00000257fe7d0800 Exception <a 'java/lang/NoSuchMethodError'{0x0000000711909700}: java.lang.invoke.Invokers$Holder.linkToTargetMethod(Ljava/lang/Object;IILjava/lang/Object;Ljava/lang/Object;)Ljava/lang/Object;> (0x0000000711909700) thrown at [t:/workspace/open/src/hotspot/
Event: 7.553 Thread 0x00000257fe7d0800 Exception <a 'java/lang/NoSuchMethodError'{0x000000071100e368}: java.lang.invoke.DirectMethodHandle$Holder.invokeSpecial(Ljava/lang/Object;Ljava/lang/Object;Ljava/lang/Object;Ljava/lang/Object;)I> (0x000000071100e368) thrown at [t:/workspace/open/src/hots
Event: 7.907 Thread 0x00000257fe7d0800 Implicit null exception at 0x00000257e8f7fe51 to 0x00000257e8f801a4
Event: 7.978 Thread 0x00000257fe7d0800 Implicit null exception at 0x00000257e8f36e2c to 0x00000257e8f37aee
Event: 8.790 Thread 0x00000257d8efb800 Exception <a 'java/lang/NoSuchMethodError'{0x00000007105543d8}: java.lang.invoke.DirectMethodHandle$Holder.invokeStaticInit(Ljava/lang/Object;Ljava/lang/Object;Ljava/lang/Object;)Ljava/lang/Object;> (0x00000007105543d8) thrown at [t:/workspace/open/src/ho
Event: 8.790 Thread 0x00000257d8efb800 Exception <a 'java/lang/NoSuchMethodError'{0x000000071055cf68}: java.lang.invoke.DirectMethodHandle$Holder.invokeStatic(Ljava/lang/Object;Ljava/lang/Object;Ljava/lang/Object;Ljava/lang/Object;Ljava/lang/Object;Ljava/lang/Object;)V> (0x000000071055cf68) th
Event: 8.800 Thread 0x0000025780ba4000 Implicit null exception at 0x00000257e8f8c760 to 0x00000257e8f8ce8e
Event: 9.793 Thread 0x00000257fe7d0800 Implicit null exception at 0x00000257e8fb790c to 0x00000257e8fb79d2
Event: 9.793 Thread 0x00000257fe7d0800 Implicit null exception at 0x00000257e8fb85f0 to 0x00000257e8fb869a
Event: 16.472 Thread 0x00000257fe7d0800 Implicit null exception at 0x00000257e8f622cb to 0x00000257e8f624fa

Events (10 events):
Event: 25.306 Thread 0x00000257fe7cd000 DEOPT PACKING pc=0x00000257e2860441 sp=0x000000c51b9bea80
Event: 25.306 Thread 0x00000257fe7cd000 DEOPT UNPACKING pc=0x00000257e1248fce sp=0x000000c51b9bdff0 mode 0
Event: 26.047 Thread 0x00000257fe7cd000 Uncommon trap: trap_request=0xffffff4d fr.pc=0x00000257e91956c0 relative=0x0000000000003800
Event: 26.047 Thread 0x00000257fe7cd000 DEOPT PACKING pc=0x00000257e91956c0 sp=0x000000c51b9bebd0
Event: 26.047 Thread 0x00000257fe7cd000 DEOPT UNPACKING pc=0x00000257e12491af sp=0x000000c51b9beb48 mode 2
Event: 26.071 Thread 0x00000257fe7cd000 Uncommon trap: trap_request=0xffffff4d fr.pc=0x00000257e8e273b4 relative=0x0000000000002fb4
Event: 26.071 Thread 0x00000257fe7cd000 DEOPT PACKING pc=0x00000257e8e273b4 sp=0x000000c51b9bebf0
Event: 26.071 Thread 0x00000257fe7cd000 DEOPT UNPACKING pc=0x00000257e12491af sp=0x000000c51b9beb48 mode 2
Event: 26.086 Thread 0x00000257fe7cd000 DEOPT PACKING pc=0x00000257e2cbe3e3 sp=0x000000c51b9be660
Event: 26.086 Thread 0x00000257fe7cd000 DEOPT UNPACKING pc=0x00000257e1248fce sp=0x000000c51b9be038 mode 0


Dynamic libraries:
0x00007ff7f0a30000 - 0x00007ff7f0a77000 	C:\Program Files\Java\jdk-11\bin\java.exe
0x00007ff9c74d0000 - 0x00007ff9c76b1000 	C:\WINDOWS\SYSTEM32\ntdll.dll
0x00007ff9c7330000 - 0x00007ff9c73e2000 	C:\WINDOWS\System32\KERNEL32.DLL
0x00007ff9c3ee0000 - 0x00007ff9c4153000 	C:\WINDOWS\System32\KERNELBASE.dll
0x00007ff9c5400000 - 0x00007ff9c54a1000 	C:\WINDOWS\System32\ADVAPI32.dll
0x00007ff9c5560000 - 0x00007ff9c55fe000 	C:\WINDOWS\System32\msvcrt.dll
0x00007ff9c5c50000 - 0x00007ff9c5cab000 	C:\WINDOWS\System32\sechost.dll
0x00007ff9c5b20000 - 0x00007ff9c5c44000 	C:\WINDOWS\System32\RPCRT4.dll
0x00007ff9c5ce0000 - 0x00007ff9c5e70000 	C:\WINDOWS\System32\USER32.dll
0x00007ff9c41b0000 - 0x00007ff9c41d0000 	C:\WINDOWS\System32\win32u.dll
0x00007ff9c4db0000 - 0x00007ff9c4dd8000 	C:\WINDOWS\System32\GDI32.dll
0x00007ff9c3900000 - 0x00007ff9c3a92000 	C:\WINDOWS\System32\gdi32full.dll
0x00007ff9c3aa0000 - 0x00007ff9c3b3f000 	C:\WINDOWS\System32\msvcp_win.dll
0x00007ff9c3de0000 - 0x00007ff9c3eda000 	C:\WINDOWS\System32\ucrtbase.dll
0x00007ff9a9020000 - 0x00007ff9a9289000 	C:\WINDOWS\WinSxS\amd64_microsoft.windows.common-controls_6595b64144ccf1df_6.0.17134.286_none_fb43982d306480cc\COMCTL32.dll
0x00007ff9c5660000 - 0x00007ff9c5983000 	C:\WINDOWS\System32\combase.dll
0x00007ff9c41d0000 - 0x00007ff9c424a000 	C:\WINDOWS\System32\bcryptPrimitives.dll
0x00007ff9bf7f0000 - 0x00007ff9bf7fa000 	C:\WINDOWS\SYSTEM32\VERSION.dll
0x00007ff9c5cb0000 - 0x00007ff9c5cdd000 	C:\WINDOWS\System32\IMM32.DLL
0x00007ff9c1a70000 - 0x00007ff9c1a86000 	C:\Program Files\Java\jdk-11\bin\vcruntime140.dll
0x00007ff9c19c0000 - 0x00007ff9c1a6a000 	C:\Program Files\Java\jdk-11\bin\msvcp140.dll
0x00007ff99a560000 - 0x00007ff99b0a2000 	C:\Program Files\Java\jdk-11\bin\server\jvm.dll
0x00007ff9c5550000 - 0x00007ff9c5558000 	C:\WINDOWS\System32\PSAPI.DLL
0x00007ff9bb910000 - 0x00007ff9bb919000 	C:\WINDOWS\SYSTEM32\WSOCK32.dll
0x00007ff9c51b0000 - 0x00007ff9c521c000 	C:\WINDOWS\System32\WS2_32.dll
0x00007ff9bbe90000 - 0x00007ff9bbeb3000 	C:\WINDOWS\SYSTEM32\WINMM.dll
0x00007ff9bbe60000 - 0x00007ff9bbe8a000 	C:\WINDOWS\SYSTEM32\WINMMBASE.dll
0x00007ff9c4160000 - 0x00007ff9c41a9000 	C:\WINDOWS\System32\cfgmgr32.dll
0x00007ff9c37e0000 - 0x00007ff9c37f1000 	C:\WINDOWS\System32\kernel.appcore.dll
0x00007ff9c1990000 - 0x00007ff9c19a1000 	C:\Program Files\Java\jdk-11\bin\verify.dll
0x00007ff9a2760000 - 0x00007ff9a2929000 	C:\WINDOWS\SYSTEM32\DBGHELP.DLL
0x00007ff9a5b10000 - 0x00007ff9a5b39000 	C:\WINDOWS\SYSTEM32\dbgcore.DLL
0x00007ff9c1960000 - 0x00007ff9c1989000 	C:\Program Files\Java\jdk-11\bin\java.dll
0x00007ff9bfeb0000 - 0x00007ff9bfedf000 	C:\Program Files\Java\jdk-11\bin\instrument.dll
0x00007ff9bfee0000 - 0x00007ff9bfef6000 	C:\Program Files\Java\jdk-11\bin\zip.dll
0x00007ff9c1950000 - 0x00007ff9c195a000 	C:\Program Files\Java\jdk-11\bin\jimage.dll
0x00007ff9c5e70000 - 0x00007ff9c72b0000 	C:\WINDOWS\System32\SHELL32.dll
0x00007ff9c73f0000 - 0x00007ff9c7499000 	C:\WINDOWS\System32\shcore.dll
0x00007ff9c4250000 - 0x00007ff9c495d000 	C:\WINDOWS\System32\windows.storage.dll
0x00007ff9c5310000 - 0x00007ff9c5361000 	C:\WINDOWS\System32\shlwapi.dll
0x00007ff9c3870000 - 0x00007ff9c388f000 	C:\WINDOWS\System32\profapi.dll
0x00007ff9c3820000 - 0x00007ff9c386c000 	C:\WINDOWS\System32\powrprof.dll
0x00007ff9c3890000 - 0x00007ff9c389a000 	C:\WINDOWS\System32\FLTLIB.DLL
0x00007ff9bbe40000 - 0x00007ff9bbe59000 	C:\Program Files\Java\jdk-11\bin\net.dll
0x00007ff9bd5d0000 - 0x00007ff9bd6ac000 	C:\WINDOWS\SYSTEM32\WINHTTP.dll
0x00007ff9c3060000 - 0x00007ff9c30c6000 	C:\WINDOWS\system32\mswsock.dll
0x00007ff9bbe20000 - 0x00007ff9bbe33000 	C:\Program Files\Java\jdk-11\bin\nio.dll
0x00007ff9bbe00000 - 0x00007ff9bbe1a000 	C:\Program Files\JetBrains\IntelliJ IDEA Community Edition 2018.2\bin\breakgen64.dll
0x00007ff9bbdc0000 - 0x00007ff9bbde7000 	C:\Program Files\Java\jdk-11\bin\sunec.dll
0x00007ff9c3210000 - 0x00007ff9c3227000 	C:\WINDOWS\SYSTEM32\CRYPTSP.dll
0x00007ff9c2c40000 - 0x00007ff9c2c73000 	C:\WINDOWS\system32\rsaenh.dll
0x00007ff9c3340000 - 0x00007ff9c3365000 	C:\WINDOWS\SYSTEM32\bcrypt.dll
0x00007ff9c36e0000 - 0x00007ff9c3708000 	C:\WINDOWS\SYSTEM32\USERENV.dll
0x00007ff9c3230000 - 0x00007ff9c323b000 	C:\WINDOWS\SYSTEM32\CRYPTBASE.dll
0x00007ff9c2de0000 - 0x00007ff9c2e18000 	C:\WINDOWS\SYSTEM32\IPHLPAPI.DLL
0x00007ff9c5370000 - 0x00007ff9c5378000 	C:\WINDOWS\System32\NSI.dll
0x00007ff9bf760000 - 0x00007ff9bf776000 	C:\WINDOWS\SYSTEM32\dhcpcsvc6.DLL
0x00007ff9bf6e0000 - 0x00007ff9bf6fa000 	C:\WINDOWS\SYSTEM32\dhcpcsvc.DLL
0x00007ff9c2e20000 - 0x00007ff9c2ede000 	C:\WINDOWS\SYSTEM32\DNSAPI.dll
0x00007ff9bef70000 - 0x00007ff9bef7a000 	C:\Windows\System32\rasadhlp.dll
0x00007ff9bd710000 - 0x00007ff9bd782000 	C:\WINDOWS\System32\fwpuclnt.dll
0x00007ff9bbdb0000 - 0x00007ff9bbdbd000 	C:\Program Files\Java\jdk-11\bin\sunmscapi.dll
0x00007ff9c3b40000 - 0x00007ff9c3d22000 	C:\WINDOWS\System32\CRYPT32.dll
0x00007ff9c3800000 - 0x00007ff9c3812000 	C:\WINDOWS\System32\MSASN1.dll
0x00007ff9c3310000 - 0x00007ff9c3336000 	C:\WINDOWS\SYSTEM32\ncrypt.dll
0x00007ff9c32d0000 - 0x00007ff9c3306000 	C:\WINDOWS\SYSTEM32\NTASN1.dll
0x00007ff987bb0000 - 0x00007ff987d4f000 	C:\Program Files\Java\jdk-11\bin\awt.dll
0x00007ff9c4de0000 - 0x00007ff9c4ea2000 	C:\WINDOWS\System32\OLEAUT32.dll
0x00007ff9c0be0000 - 0x00007ff9c11a7000 	C:\WINDOWS\SYSTEM32\d2d1.dll
0x00007ff9c1aa0000 - 0x00007ff9c1b2b000 	C:\WINDOWS\SYSTEM32\apphelp.dll
0x00007ff9c1c20000 - 0x00007ff9c1cb8000 	C:\WINDOWS\system32\uxtheme.dll
0x00007ff9c59a0000 - 0x00007ff9c5b15000 	C:\WINDOWS\System32\MSCTF.dll
0x00007ff990160000 - 0x00007ff990177000 	C:\Program Files (x86)\LG Electronics\OnScreen Control\bin\ScreenSplitterHook642.dll
0x00007ff9c1eb0000 - 0x00007ff9c1ed9000 	C:\WINDOWS\system32\dwmapi.dll
0x00007ff9c4eb0000 - 0x00007ff9c5001000 	C:\WINDOWS\System32\ole32.dll
0x00007ff99bcc0000 - 0x00007ff99bd3f000 	C:\Program Files\Java\jdk-11\bin\mlib_image.dll
0x00007ff99a4e0000 - 0x00007ff99a560000 	C:\Program Files\Java\jdk-11\bin\freetype.dll
0x00007ff99a470000 - 0x00007ff99a4df000 	C:\Program Files\Java\jdk-11\bin\fontmanager.dll
0x00007ff98dd30000 - 0x00007ff98de50000 	C:\WINDOWS\system32\opengl32.dll
0x00007ff98dcc0000 - 0x00007ff98dcec000 	C:\WINDOWS\SYSTEM32\GLU32.dll
0x00007ff9bb0b0000 - 0x00007ff9bb247000 	C:\WINDOWS\system32\d3d9.dll
0x00007ff9a5a00000 - 0x00007ff9a5aeb000 	C:\WINDOWS\System32\DriverStore\FileRepository\nv_dispi.inf_amd64_040c7acb04cee565\nvldumdx.dll
0x00007ff9c38a0000 - 0x00007ff9c38f7000 	C:\WINDOWS\System32\WINTRUST.DLL
0x00007ff9c5380000 - 0x00007ff9c539d000 	C:\WINDOWS\System32\imagehlp.dll
0x00007ff961b10000 - 0x00007ff962d48000 	C:\WINDOWS\System32\DriverStore\FileRepository\nv_dispi.inf_amd64_040c7acb04cee565\nvd3dumx.dll
0x00007ff9a3610000 - 0x00007ff9a36d2000 	C:\Program Files (x86)\NVIDIA Corporation\3D Vision\nvSCPAPI64.dll
0x00007ff9c4960000 - 0x00007ff9c4dab000 	C:\WINDOWS\System32\SETUPAPI.dll
0x00007ff996fc0000 - 0x00007ff997249000 	C:\WINDOWS\system32\nvspcap64.dll
0x00007ff9c29e0000 - 0x00007ff9c2a11000 	C:\WINDOWS\SYSTEM32\ntmarta.dll
0x00007ff9c2520000 - 0x00007ff9c2542000 	C:\WINDOWS\SYSTEM32\gpapi.dll
0x00007ff9bf250000 - 0x00007ff9bf27e000 	C:\WINDOWS\SYSTEM32\cryptnet.dll
0x00007ff9c54b0000 - 0x00007ff9c5550000 	C:\WINDOWS\System32\clbcatq.dll
0x00007ff9a6b20000 - 0x00007ff9a6cce000 	C:\WINDOWS\SYSTEM32\WindowsCodecs.dll
0x00007ff98b2b0000 - 0x00007ff98b308000 	C:\WINDOWS\system32\dataexchange.dll
0x00007ff9c11b0000 - 0x00007ff9c134c000 	C:\WINDOWS\system32\dcomp.dll
0x00007ff9c08d0000 - 0x00007ff9c0bdb000 	C:\WINDOWS\system32\d3d11.dll
0x00007ff9c25a0000 - 0x00007ff9c265b000 	C:\WINDOWS\system32\dxgi.dll
0x00007ff9c1f40000 - 0x00007ff9c20f8000 	C:\WINDOWS\system32\twinapi.appcore.dll
0x00007ff9c1ee0000 - 0x00007ff9c1f01000 	C:\WINDOWS\system32\RMCLIENT.dll
0x00007ff99df80000 - 0x00007ff99e028000 	C:\WINDOWS\SYSTEM32\mscms.dll
0x00007ff99df70000 - 0x00007ff99df80000 	C:\WINDOWS\SYSTEM32\ColorAdapterClient.dll
0x00007ff972e90000 - 0x00007ff972ed3000 	C:\WINDOWS\SYSTEM32\icm32.dll
0x00007ff999290000 - 0x00007ff9992d2000 	C:\Users\Admin\AppData\Local\Temp\jna-63116079\jna6456019490253229501.dll
0x00007ff98fea0000 - 0x00007ff98ff3b000 	C:\Users\Admin\AppData\Local\Temp\jna-63116079\jna18290524437204246666.dll
0x00007ff9bbd80000 - 0x00007ff9bbdad000 	C:\Program Files\Java\jdk-11\bin\javajpeg.dll
0x00007ff992e90000 - 0x00007ff992ecf000 	C:\Program Files\Java\jdk-11\bin\lcms.dll
0x00007ff9bdae0000 - 0x00007ff9bdae9000 	C:\Program Files\Java\jdk-11\bin\management.dll
0x00007ff9bbdf0000 - 0x00007ff9bbdfc000 	C:\Program Files\Java\jdk-11\bin\management_ext.dll
0x00007ff9bbb80000 - 0x00007ff9bbb92000 	C:\Program Files\Java\jdk-11\bin\jsound.dll
0x00007ff98ecc0000 - 0x00007ff98ed4f000 	C:\WINDOWS\SYSTEM32\DSOUND.dll
0x00007ff9bd870000 - 0x00007ff9bd8e6000 	C:\WINDOWS\System32\MMDevApi.dll
0x00007ff9bed40000 - 0x00007ff9beef4000 	C:\WINDOWS\System32\PROPSYS.dll
0x00007ff9c35f0000 - 0x00007ff9c3617000 	C:\WINDOWS\System32\DEVOBJ.dll
0x00007ff989660000 - 0x00007ff9896a4000 	C:\WINDOWS\SYSTEM32\wdmaud.drv
0x00007ff991650000 - 0x00007ff991659000 	C:\WINDOWS\SYSTEM32\ksuser.dll
0x00007ff9bb7e0000 - 0x00007ff9bb7ea000 	C:\WINDOWS\SYSTEM32\AVRT.dll
0x00007ff9a25b0000 - 0x00007ff9a26dc000 	C:\WINDOWS\SYSTEM32\AUDIOSES.DLL
0x00007ff9bf860000 - 0x00007ff9bf9ad000 	C:\WINDOWS\SYSTEM32\wintypes.dll
0x00007ff9915b0000 - 0x00007ff9915bd000 	C:\WINDOWS\SYSTEM32\msacm32.drv
0x00007ff9903a0000 - 0x00007ff9903bc000 	C:\WINDOWS\SYSTEM32\MSACM32.dll
0x00007ff990000000 - 0x00007ff99000a000 	C:\WINDOWS\SYSTEM32\midimap.dll
0x00007ff991490000 - 0x00007ff9915a4000 	C:\Windows\System32\Windows.UI.dll
0x00007ff991a70000 - 0x00007ff991ae9000 	C:\Windows\System32\InputHost.dll
0x00007ff992430000 - 0x00007ff9924c7000 	C:\Windows\System32\TextInputFramework.dll
0x00007ff9c16e0000 - 0x00007ff9c17ba000 	C:\Windows\System32\CoreMessaging.dll
0x00007ff9a5e90000 - 0x00007ff9a61ae000 	C:\Windows\System32\CoreUIComponents.dll

dbghelp: loaded successfully - version: 4.0.5 - missing functions: none
symbol engine: initialized successfully - sym options: 0x614 - pdb path: .;C:\Program Files\Java\jdk-11\bin;C:\WINDOWS\SYSTEM32;C:\WINDOWS\WinSxS\amd64_microsoft.windows.common-controls_6595b64144ccf1df_6.0.17134.286_none_fb43982d306480cc;C:\Program Files\Java\jdk-11\bin\server;C:\Program Files\JetBrains\IntelliJ IDEA Community Edition 2018.2\bin;C:\Program Files (x86)\LG Electronics\OnScreen Control\bin;C:\WINDOWS\System32\DriverStore\FileRepository\nv_dispi.inf_amd64_040c7acb04cee565;C:\Program Files (x86)\NVIDIA Corporation\3D Vision;C:\Users\Admin\AppData\Local\Temp\jna-63116079

VM Arguments:
jvm_args: -ea -DskipTests -javaagent:C:\Program Files\JetBrains\IntelliJ IDEA Community Edition 2018.2\lib\idea_rt.jar=50953:C:\Program Files\JetBrains\IntelliJ IDEA Community Edition 2018.2\bin -Dfile.encoding=UTF-8 
java_command: net.runelite.client.RuneLite --debug --developer-mode
java_class_path (initial): C:\Users\Admin\runelite\runelite-client\target\classes;C:\Users\Admin\.m2\repository\org\slf4j\slf4j-api\1.7.25\slf4j-api-1.7.25.jar;C:\Users\Admin\.m2\repository\ch\qos\logback\logback-classic\1.2.3\logback-classic-1.2.3.jar;C:\Users\Admin\.m2\repository\ch\qos\logback\logback-core\1.2.3\logback-core-1.2.3.jar;C:\Users\Admin\.m2\repository\net\sf\jopt-simple\jopt-simple\5.0.1\jopt-simple-5.0.1.jar;C:\Users\Admin\.m2\repository\com\google\guava\guava\23.2-jre\guava-23.2-jre.jar;C:\Users\Admin\.m2\repository\com\google\code\findbugs\jsr305\1.3.9\jsr305-1.3.9.jar;C:\Users\Admin\.m2\repository\com\google\errorprone\error_prone_annotations\2.0.18\error_prone_annotations-2.0.18.jar;C:\Users\Admin\.m2\repository\com\google\j2objc\j2objc-annotations\1.1\j2objc-annotations-1.1.jar;C:\Users\Admin\.m2\repository\org\codehaus\mojo\animal-sniffer-annotations\1.14\animal-sniffer-annotations-1.14.jar;C:\Users\Admin\.m2\repository\com\google\inject\guice\4.1.0\guice-4.1.0-no_aop.jar;C:\Users\Admin\.m2\repository\javax\inject\javax.inject\1\javax.inject-1.jar;C:\Users\Admin\.m2\repository\aopalliance\aopalliance\1.0\aopalliance-1.0.jar;C:\Users\Admin\.m2\repository\com\google\code\gson\gson\2.8.5\gson-2.8.5.jar;C:\Users\Admin\.m2\repository\net\runelite\pushingpixels\substance\8.0.02\substance-8.0.02.jar;C:\Users\Admin\.m2\repository\net\runelite\pushingpixels\trident\1.5.00\trident-1.5.00.jar;C:\Users\Admin\.m2\repository\org\apache\commons\commons-text\1.2\commons-text-1.2.jar;C:\Users\Admin\.m2\repository\org\apache\commons\commons-lang3\3.7\commons-lang3-3.7.jar;C:\Users\Admin\runelite\runelite-api\target\classes;C:\Users\Admin\runelite\runescape-api\target\classes;C:\Users\Admin\.m2\repository\net\runelite\injected-client\1.4.21-SNAPSHOT\injected-client-1.4.21-20181004.130945-5.jar;C:\Users\Admin\runelite\http-api\target\classes;C:\Users\Admin\.m2\repository\com\squareup\okhttp3\okhttp\3.7.0\okhttp-3.7.0.jar;C:\Users\Admin\.m2\repository\com\square
Launcher Type: SUN_STANDARD

[Global flags]
     intx CICompilerCount                          = 3                                         {product} {ergonomic}
     uint ConcGCThreads                            = 1                                         {product} {ergonomic}
     uint G1ConcRefinementThreads                  = 4                                         {product} {ergonomic}
   size_t G1HeapRegionSize                         = 1048576                                   {product} {ergonomic}
    uintx GCDrainStackTargetSize                   = 64                                        {product} {ergonomic}
   size_t InitialHeapSize                          = 268435456                                 {product} {ergonomic}
   size_t MarkStackSize                            = 4194304                                   {product} {ergonomic}
   size_t MaxHeapSize                              = 4263510016                                {product} {ergonomic}
   size_t MaxNewSize                               = 2557476864                                {product} {ergonomic}
   size_t MinHeapDeltaBytes                        = 1048576                                   {product} {ergonomic}
    uintx NonNMethodCodeHeapSize                   = 5830092                                {pd product} {ergonomic}
    uintx NonProfiledCodeHeapSize                  = 122914074                              {pd product} {ergonomic}
    uintx ProfiledCodeHeapSize                     = 122914074                              {pd product} {ergonomic}
    uintx ReservedCodeCacheSize                    = 251658240                              {pd product} {ergonomic}
     bool SegmentedCodeCache                       = true                                      {product} {ergonomic}
     bool UseCompressedClassPointers               = true                                 {lp64_product} {ergonomic}
     bool UseCompressedOops                        = true                                 {lp64_product} {ergonomic}
     bool UseG1GC                                  = true                                      {product} {ergonomic}
     bool UseLargePagesIndividualAllocation        = false                                  {pd product} {ergonomic}

Logging:
Log output configuration:
 #0: stdout all=warning uptime,level,tags
 #1: stderr all=off uptime,level,tags

Environment Variables:
JAVA_HOME=C:\Program Files\Java\jre1.8.0_181
PATH=C:\ProgramData\Oracle\Java\javapath;C:\Program Files (x86)\NVIDIA Corporation\PhysX\Common;C:\WINDOWS\system32;C:\WINDOWS;C:\WINDOWS\System32\Wbem;C:\WINDOWS\System32\WindowsPowerShell\v1.0\;C:\Program Files\Git\cmd;C:\Program Files\Microsoft SQL Server\Client SDK\ODBC\110\Tools\Binn\;C:\Program Files (x86)\Microsoft SQL Server\120\Tools\Binn\;C:\Program Files\Microsoft SQL Server\120\Tools\Binn\;C:\Program Files\Microsoft SQL Server\120\DTS\Binn\;C:\Program Files (x86)\Windows Kits\8.1\Windows Performance Toolkit\;C:\Users\Admin\AppData\Local\Microsoft\WindowsApps;C:\adb;C:\Program Files\doxygen\bin;C:\WINDOWS\system32;C:\WINDOWS;C:\WINDOWS\System32\Wbem;C:\WINDOWS\System32\WindowsPowerShell\v1.0\;C:\WINDOWS\System32\OpenSSH\;C:\Gradle\gradle-4.10\bin;C:\Users\Admin\AppData\Local\Microsoft\WindowsApps;C:\Users\Admin\AppData\Local\atom\bin;%USERPROFILE%\AppData\Local\Microsoft\WindowsApps;C:\Users\Admin\AppData\Local\Programs\MiKTeX 2.9\miktex\bin\x64\
USERNAME=Admin
OS=Windows_NT
PROCESSOR_IDENTIFIER=Intel64 Family 6 Model 60 Stepping 3, GenuineIntel



---------------  S Y S T E M  ---------------

OS: Windows 10 , 64 bit Build 17134 (10.0.17134.1)

CPU:total 4 (initial active 4) (4 cores per cpu, 1 threads per core) family 6 model 60 stepping 3, cmov, cx8, fxsr, mmx, sse, sse2, sse3, ssse3, sse4.1, sse4.2, popcnt, avx, avx2, aes, clmul, erms, lzcnt, tsc, tscinvbit, bmi1, bmi2, fma

Memory: 4k page, system-wide physical 16259M (8936M free)
TotalPageFile size 24963M (AvailPageFile size 14048M)
current process WorkingSet (physical memory assigned to process): 370M, peak: 389M
current process commit charge ("private bytes"): 521M, peak: 542M

vm_info: Java HotSpot(TM) 64-Bit Server VM (11+28) for windows-amd64 JRE (11+28), built on Aug 23 2018 03:03:59 by "mach5one" with MS VC++ 15.5 (VS2017)

END.
