#
# A fatal error has been detected by the Java Runtime Environment:
#
#  EXCEPTION_ILLEGAL_INSTRUCTION (0xc000001d) at pc=0x0000022d90205c9b, pid=696, tid=1176
#
# JRE version: Java(TM) SE Runtime Environment (11.0+28) (build 11+28)
# Java VM: Java HotSpot(TM) 64-Bit Server VM (11+28, mixed mode, tiered, compressed oops, g1 gc, windows-amd64)
# Problematic frame:
# J 8075% c2 fp.n(Lka;Lka;Lka;ZB)V (7421 bytes) @ 0x0000022d90205c9b [0x0000022d90203a40+0x000000000000225b]
#
# No core dump will be written. Minidumps are not enabled by default on client versions of Windows
#
# If you would like to submit a bug report, please visit:
#   http://bugreport.java.com/bugreport/crash.jsp
#

---------------  S U M M A R Y ------------

Command Line: -ea -DskipTests -Dsun.java2d.uiScale=1.5 -javaagent:C:\Program Files\JetBrains\IntelliJ IDEA Community Edition 2018.2\lib\idea_rt.jar=51052:C:\Program Files\JetBrains\IntelliJ IDEA Community Edition 2018.2\bin -Dfile.encoding=UTF-8 net.runelite.client.RuneLite --debug --developer-mode

Host: Intel(R) Core(TM) i5-4690K CPU @ 3.50GHz, 4 cores, 15G,  Windows 10 , 64 bit Build 17134 (10.0.17134.1)
Time: Mon Oct  8 21:24:39 2018 AUS Eastern Daylight Time elapsed time: 24 seconds (0d 0h 0m 24s)

---------------  T H R E A D  ---------------

Current thread (0x0000022da347a000):  JavaThread "Thread-2" daemon [_thread_in_Java, id=1176, stack(0x000000b3657c0000,0x000000b3658c0000)]

Stack: [0x000000b3657c0000,0x000000b3658c0000],  sp=0x000000b3658bf0f0,  free space=1020k
Native frames: (J=compiled Java code, j=interpreted, Vv=VM code, C=native code)
C  0x0000022d90205c9b


siginfo: EXCEPTION_ILLEGAL_INSTRUCTION (0xc000001d)


Register to memory mapping:

RIP=0x0000022d90205c9b is at entry_point+8795 in (nmethod*)0x0000022d90203710
RAX=0x0 is NULL
RBX=0x00000000000000fe is an unknown value
RCX=0x0000000000000080 is an unknown value
RDX=0x0 is NULL
RSP=0x000000b3658bf0f0 is pointing into the stack for thread: 0x0000022da347a000
RBP=0x0000000000000001 is an unknown value
RSI=0x0000000000000100 is an unknown value
RDI=0x00000000000000fe is an unknown value
R8 =0x0000000000000001 is an unknown value
R9 =0x0 is NULL
R10=0xffffffffffffff81 is an unknown value
R11=0x000000070e222330 is an oop
[I 
{0x000000070e222330} - klass: {type array int}
 - length: 32768
R12=0x0 is NULL
R13=0x00000000000000fb is an unknown value
R14=0x0000000000007e00 is an unknown value
R15=0x0000022da347a000 is a thread


Registers:
RAX=0x0000000000000000, RBX=0x00000000000000fe, RCX=0x0000000000000080, RDX=0x0000000000000000
RSP=0x000000b3658bf0f0, RBP=0x0000000000000001, RSI=0x0000000000000100, RDI=0x00000000000000fe
R8 =0x0000000000000001, R9 =0x0000000000000000, R10=0xffffffffffffff81, R11=0x000000070e222330
R12=0x0000000000000000, R13=0x00000000000000fb, R14=0x0000000000007e00, R15=0x0000022da347a000
RIP=0x0000022d90205c9b, EFLAGS=0x0000000000010286

Top of Stack: (sp=0x000000b3658bf0f0)
0x000000b3658bf0f0:   000000b3658bf580 0000022d00000000
0x000000b3658bf100:   0000000000000000 0000000000000000
0x000000b3658bf110:   0000800000008000 000000070e2f0c58
0x000000b3658bf120:   000000070e203ee8 00000100ffffffbf
0x000000b3658bf130:   0000008000000001 0000000000008000
0x000000b3658bf140:   0000008100000001 0000000000008000
0x000000b3658bf150:   0000000000000001 000000fdffffff81
0x000000b3658bf160:   0000000000000001 00000007ffffffbf
0x000000b3658bf170:   0000022d00000000 000000070df69ee8
0x000000b3658bf180:   000000b3658bf580 0000022d89c50894
0x000000b3658bf190:   0000000700000000 0000022d9010873b
0x000000b3658bf1a0:   0000022da347a000 00007ff99ab9ad0c
0x000000b3658bf1b0:   0000022dad7a6660 0000000000000000
0x000000b3658bf1c0:   000000070e20f478 0000022de749c822
0x000000b3658bf1d0:   0000000710d9eaa0 000001f7000002fd
0x000000b3658bf1e0:   0000000000000002 0000000000000000 

Instructions: (pc=0x0000022d90205c9b)
0x0000022d90205c7b:   44 24 30 44 89 54 24 38 44 89 54 24 3c c5 f8 77
0x0000022d90205c8b:   e8 70 34 07 f8 0f 0b 44 8b 54 24 3c eb be 0f 0b
0x0000022d90205c9b:   0f 0b ba e4 ff ff ff 4c 8b 54 24 28 4c 89 54 24
0x0000022d90205cab:   20 4c 8b 54 24 30 4c 89 54 24 28 44 8b 54 24 38 




---------------  P R O C E S S  ---------------

Threads class SMR info:
_java_thread_list=0x0000022db129e300, length=46, elements={
0x0000022dff937000, 0x0000022dff938000, 0x0000022dffa47800, 0x0000022dffa48800,
0x0000022dffa49800, 0x0000022dffa53000, 0x0000022dffa01000, 0x0000022dff9e0800,
0x0000022da1a04800, 0x0000022da1a4d800, 0x0000022da287f800, 0x0000022da2890000,
0x0000022da287d000, 0x0000022da288c000, 0x0000022da288d000, 0x0000022da2ee6800,
0x0000022da2a1c000, 0x0000022da29fc800, 0x0000022da347d000, 0x0000022da3478800,
0x0000022da3479000, 0x0000022da347c800, 0x0000022da347a800, 0x0000022da347b800,
0x0000022da347f000, 0x0000022da347a000, 0x0000022da6d75000, 0x0000022da6d71800,
0x0000022da6d76000, 0x0000022da6d77800, 0x0000022da6d74000, 0x0000022da6d78800,
0x0000022da6d72800, 0x0000022da6d79000, 0x0000022da6d76800, 0x0000022da6d73800,
0x0000022da6d7a800, 0x0000022da6d7f000, 0x0000022da6d7e000, 0x0000022da6d7c800,
0x0000022da6d7a000, 0x0000022da6d7d000, 0x0000022da6d7f800, 0x0000022da6d80800,
0x0000022da69c7800, 0x0000022da69c8800
}

Java Threads: ( => current thread )
  0x0000022dff937000 JavaThread "Reference Handler" daemon [_thread_blocked, id=13136, stack(0x000000b363400000,0x000000b363500000)]
  0x0000022dff938000 JavaThread "Finalizer" daemon [_thread_blocked, id=2228, stack(0x000000b363500000,0x000000b363600000)]
  0x0000022dffa47800 JavaThread "Signal Dispatcher" daemon [_thread_blocked, id=7180, stack(0x000000b363700000,0x000000b363800000)]
  0x0000022dffa48800 JavaThread "Attach Listener" daemon [_thread_blocked, id=10084, stack(0x000000b363800000,0x000000b363900000)]
  0x0000022dffa49800 JavaThread "C2 CompilerThread0" daemon [_thread_in_native, id=12932, stack(0x000000b363900000,0x000000b363a00000)]
  0x0000022dffa53000 JavaThread "C1 CompilerThread0" daemon [_thread_blocked, id=4012, stack(0x000000b363a00000,0x000000b363b00000)]
  0x0000022dffa01000 JavaThread "Sweeper thread" daemon [_thread_blocked, id=14416, stack(0x000000b363b00000,0x000000b363c00000)]
  0x0000022dff9e0800 JavaThread "Common-Cleaner" daemon [_thread_blocked, id=18656, stack(0x000000b363c00000,0x000000b363d00000)]
  0x0000022da1a04800 JavaThread "Monitor Ctrl-Break" daemon [_thread_in_native, id=13388, stack(0x000000b363d00000,0x000000b363e00000)]
  0x0000022da1a4d800 JavaThread "Service Thread" daemon [_thread_blocked, id=692, stack(0x000000b363e00000,0x000000b363f00000)]
  0x0000022da287f800 JavaThread "OkHttp ConnectionPool" daemon [_thread_blocked, id=13960, stack(0x000000b364400000,0x000000b364500000)]
  0x0000022da2890000 JavaThread "Okio Watchdog" daemon [_thread_blocked, id=2560, stack(0x000000b364500000,0x000000b364600000)]
  0x0000022da287d000 JavaThread "OkHttp api.runelite.net" [_thread_in_native, id=14584, stack(0x000000b364600000,0x000000b364700000)]
  0x0000022da288c000 JavaThread "OkHttp Http2Connection" daemon [_thread_blocked, id=5364, stack(0x000000b364700000,0x000000b364800000)]
  0x0000022da288d000 JavaThread "OkHttp Http2Connection" daemon [_thread_blocked, id=1680, stack(0x000000b364800000,0x000000b364900000)]
  0x0000022da2ee6800 JavaThread "pool-3-thread-1" [_thread_blocked, id=9916, stack(0x000000b364900000,0x000000b364a00000)]
  0x0000022da2a1c000 JavaThread "Java2D Disposer" daemon [_thread_blocked, id=3892, stack(0x000000b364a00000,0x000000b364b00000)]
  0x0000022da29fc800 JavaThread "AWT-Windows" daemon [_thread_in_native, id=3800, stack(0x000000b364c00000,0x000000b364d00000)]
  0x0000022da347d000 JavaThread "pool-2-thread-1" [_thread_blocked, id=10592, stack(0x000000b364d00000,0x000000b364e00000)]
  0x0000022da3478800 JavaThread "OkHttp https://api.runelite.net/..." [_thread_in_native, id=8568, stack(0x000000b364e00000,0x000000b364f00000)]
  0x0000022da3479000 JavaThread "OkHttp ConnectionPool" daemon [_thread_blocked, id=788, stack(0x000000b364b00000,0x000000b364c00000)]
  0x0000022da347c800 JavaThread "OkHttp WebSocket https://api.runelite.net/..." [_thread_blocked, id=16124, stack(0x000000b365000000,0x000000b365100000)]
  0x0000022da347a800 JavaThread "AWT-Shutdown" [_thread_blocked, id=9936, stack(0x000000b364f00000,0x000000b365000000)]
  0x0000022da347b800 JavaThread "AWT-EventQueue-0" [_thread_blocked, id=10532, stack(0x000000b365100000,0x000000b365200000)]
  0x0000022da347f000 JavaThread "Thread-1" daemon [_thread_blocked, id=7560, stack(0x000000b3656c0000,0x000000b3657c0000)]
=>0x0000022da347a000 JavaThread "Thread-2" daemon [_thread_in_Java, id=1176, stack(0x000000b3657c0000,0x000000b3658c0000)]
  0x0000022da6d75000 JavaThread "Thread-3" daemon [_thread_blocked, id=14768, stack(0x000000b3658c0000,0x000000b3659c0000)]
  0x0000022da6d71800 JavaThread "Substance heap status" daemon [_thread_blocked, id=7424, stack(0x000000b3659c0000,0x000000b365ac0000)]
  0x0000022da6d76000 JavaThread "OkHttp Dispatcher" [_thread_blocked, id=3412, stack(0x000000b365ac0000,0x000000b365bc0000)]
  0x0000022da6d77800 JavaThread "OkHttp Dispatcher" [_thread_blocked, id=5160, stack(0x000000b365bc0000,0x000000b365cc0000)]
  0x0000022da6d74000 JavaThread "Trident callback thread" daemon [_thread_blocked, id=6336, stack(0x000000b365fc0000,0x000000b3660c0000)]
  0x0000022da6d78800 JavaThread "Trident pulse source thread" daemon [_thread_blocked, id=12988, stack(0x000000b3660c0000,0x000000b3661c0000)]
  0x0000022da6d72800 JavaThread "D3D Screen Updater" daemon [_thread_blocked, id=5416, stack(0x000000b3661c0000,0x000000b3662c0000)]
  0x0000022da6d79000 JavaThread "TimerQueue" daemon [_thread_blocked, id=6584, stack(0x000000b366410000,0x000000b366510000)]
  0x0000022da6d76800 JavaThread "Thread-7" daemon [_thread_in_native, id=5324, stack(0x000000b366510000,0x000000b366610000)]
  0x0000022da6d73800 JavaThread "Thread-8" daemon [_thread_blocked, id=5788, stack(0x000000b366610000,0x000000b366710000)]
  0x0000022da6d7a800 JavaThread "OkHttp Dispatcher" [_thread_blocked, id=17096, stack(0x000000b366820000,0x000000b366920000)]
  0x0000022da6d7f000 JavaThread "OkHttp Dispatcher" [_thread_blocked, id=12156, stack(0x000000b366920000,0x000000b366a20000)]
  0x0000022da6d7e000 JavaThread "OkHttp Dispatcher" [_thread_blocked, id=8792, stack(0x000000b366a20000,0x000000b366b20000)]
  0x0000022da6d7c800 JavaThread "OkHttp pbs.twimg.com" [_thread_in_native, id=12496, stack(0x000000b366b20000,0x000000b366c20000)]
  0x0000022da6d7a000 JavaThread "OkHttp Dispatcher" [_thread_blocked, id=13560, stack(0x000000b366c20000,0x000000b366d20000)]
  0x0000022da6d7d000 JavaThread "DestroyJavaVM" [_thread_blocked, id=4680, stack(0x000000b362d00000,0x000000b362e00000)]
  0x0000022da6d7f800 JavaThread "Thread-14" daemon [_thread_blocked, id=17384, stack(0x000000b366d20000,0x000000b366e20000)]
  0x0000022da6d80800 JavaThread "Java Sound Event Dispatcher" daemon [_thread_blocked, id=19428, stack(0x000000b367020000,0x000000b367120000)]
  0x0000022da69c7800 JavaThread "pool-4-thread-1" [_thread_blocked, id=17552, stack(0x000000b367320000,0x000000b367420000)]
  0x0000022da69c8800 JavaThread "Thread-15" daemon [_thread_blocked, id=12908, stack(0x000000b367520000,0x000000b367620000)]

Other Threads:
  0x0000022dff932800 VMThread "VM Thread" [stack: 0x000000b363300000,0x000000b363400000] [id=10600]
  0x0000022da1a50800 WatcherThread [stack: 0x000000b363f00000,0x000000b364000000] [id=14224]
  0x0000022dfbbde800 GCTaskThread "GC Thread#0" [stack: 0x000000b362e00000,0x000000b362f00000] [id=2468]
  0x0000022da1fff800 GCTaskThread "GC Thread#1" [stack: 0x000000b364000000,0x000000b364100000] [id=3196]
  0x0000022da1ff8000 GCTaskThread "GC Thread#2" [stack: 0x000000b364100000,0x000000b364200000] [id=5408]
  0x0000022da1fe2800 GCTaskThread "GC Thread#3" [stack: 0x000000b364200000,0x000000b364300000] [id=15100]
  0x0000022dfbc3d000 ConcurrentGCThread "G1 Main Marker" [stack: 0x000000b362f00000,0x000000b363000000] [id=9656]
  0x0000022dfbc3e800 ConcurrentGCThread "G1 Conc#0" [stack: 0x000000b363000000,0x000000b363100000] [id=224]
  0x0000022dff813800 ConcurrentGCThread "G1 Refine#0" [stack: 0x000000b363100000,0x000000b363200000] [id=12444]
  0x0000022da5872800 ConcurrentGCThread "G1 Refine#1" [stack: 0x000000b366720000,0x000000b366820000] [id=1652]
  0x0000022dff814800 ConcurrentGCThread "G1 Young RemSet Sampling" [stack: 0x000000b363200000,0x000000b363300000] [id=3036]

Threads with active compile tasks:
C2 CompilerThread08076 % !   4       fp::n @ 4651 (7421 bytes)

VM state:not at safepoint (normal execution)

VM Mutex/Monitor currently owned by a thread: None

Heap address: 0x0000000701e00000, size: 4066 MB, Compressed Oops mode: Zero based, Oop shift amount: 3
Narrow klass base: 0x0000000800000000, Narrow klass shift: 0
Compressed class space size: 1073741824 Address: 0x0000000800000000

Heap:
 garbage-first heap   total 262144K, used 72120K [0x0000000701e00000, 0x0000000800000000)
  region size 1024K, 23 young (23552K), 6 survivors (6144K)
 Metaspace       used 59802K, capacity 61171K, committed 61312K, reserved 1103872K
  class space    used 6698K, capacity 7282K, committed 7296K, reserved 1048576K
Heap Regions: E=young(eden), S=young(survivor), O=old, HS=humongous(starts), HC=humongous(continues), CS=collection set, F=free, A=archive, TAMS=top-at-mark-start (previous, next)
|   0|0x0000000701e00000, 0x0000000701f00000, 0x0000000701f00000|100%| O|  |TAMS 0x0000000701f00000, 0x0000000701e00000| Untracked 
|   1|0x0000000701f00000, 0x0000000702000000, 0x0000000702000000|100%| O|  |TAMS 0x0000000702000000, 0x0000000701f00000| Untracked 
|   2|0x0000000702000000, 0x0000000702100000, 0x0000000702100000|100%| O|  |TAMS 0x0000000702100000, 0x0000000702000000| Untracked 
|   3|0x0000000702100000, 0x0000000702200000, 0x0000000702200000|100%| O|  |TAMS 0x0000000702200000, 0x0000000702100000| Untracked 
|   4|0x0000000702200000, 0x0000000702300000, 0x0000000702300000|100%| O|  |TAMS 0x0000000702300000, 0x0000000702200000| Untracked 
|   5|0x0000000702300000, 0x0000000702400000, 0x0000000702400000|100%| O|  |TAMS 0x0000000702400000, 0x0000000702300000| Untracked 
|   6|0x0000000702400000, 0x0000000702500000, 0x0000000702500000|100%| O|  |TAMS 0x0000000702500000, 0x0000000702400000| Untracked 
|   7|0x0000000702500000, 0x0000000702600000, 0x0000000702600000|100%| O|  |TAMS 0x0000000702600000, 0x0000000702500000| Untracked 
|   8|0x0000000702600000, 0x0000000702700000, 0x0000000702700000|100%|HS|  |TAMS 0x0000000702700000, 0x0000000702600000| Complete 
|   9|0x0000000702700000, 0x0000000702800000, 0x0000000702800000|100%|HC|  |TAMS 0x0000000702800000, 0x0000000702700000| Complete 
|  10|0x0000000702800000, 0x0000000702900000, 0x0000000702900000|100%|HS|  |TAMS 0x0000000702900000, 0x0000000702800000| Complete 
|  11|0x0000000702900000, 0x0000000702a00000, 0x0000000702a00000|100%|HC|  |TAMS 0x0000000702a00000, 0x0000000702900000| Complete 
|  12|0x0000000702a00000, 0x0000000702b00000, 0x0000000702b00000|100%| O|  |TAMS 0x0000000702b00000, 0x0000000702a00000| Untracked 
|  13|0x0000000702b00000, 0x0000000702c00000, 0x0000000702c00000|100%| O|  |TAMS 0x0000000702c00000, 0x0000000702b00000| Untracked 
|  14|0x0000000702c00000, 0x0000000702d00000, 0x0000000702d00000|100%| O|  |TAMS 0x0000000702d00000, 0x0000000702c00000| Untracked 
|  15|0x0000000702d00000, 0x0000000702e00000, 0x0000000702e00000|100%| O|  |TAMS 0x0000000702e00000, 0x0000000702d00000| Untracked 
|  16|0x0000000702e00000, 0x0000000702f00000, 0x0000000702f00000|100%| O|  |TAMS 0x0000000702f00000, 0x0000000702e00000| Untracked 
|  17|0x0000000702f00000, 0x0000000703000000, 0x0000000703000000|100%| O|  |TAMS 0x0000000703000000, 0x0000000702f00000| Untracked 
|  18|0x0000000703000000, 0x0000000703100000, 0x0000000703100000|100%| O|  |TAMS 0x0000000703100000, 0x0000000703000000| Untracked 
|  19|0x0000000703100000, 0x0000000703200000, 0x0000000703200000|100%| O|  |TAMS 0x0000000703200000, 0x0000000703100000| Untracked 
|  20|0x0000000703200000, 0x0000000703300000, 0x0000000703300000|100%| O|  |TAMS 0x0000000703300000, 0x0000000703200000| Untracked 
|  21|0x0000000703300000, 0x0000000703400000, 0x0000000703400000|100%| O|  |TAMS 0x0000000703400000, 0x0000000703300000| Untracked 
|  22|0x0000000703400000, 0x0000000703500000, 0x0000000703500000|100%| O|  |TAMS 0x0000000703500000, 0x0000000703400000| Untracked 
|  23|0x0000000703500000, 0x0000000703600000, 0x0000000703600000|100%| O|  |TAMS 0x0000000703600000, 0x0000000703500000| Untracked 
|  24|0x0000000703600000, 0x0000000703700000, 0x0000000703700000|100%| O|  |TAMS 0x0000000703700000, 0x0000000703600000| Untracked 
|  25|0x0000000703700000, 0x0000000703800000, 0x0000000703800000|100%| O|  |TAMS 0x0000000703800000, 0x0000000703700000| Untracked 
|  26|0x0000000703800000, 0x0000000703900000, 0x0000000703900000|100%| O|  |TAMS 0x0000000703900000, 0x0000000703800000| Untracked 
|  27|0x0000000703900000, 0x0000000703a00000, 0x0000000703a00000|100%| O|  |TAMS 0x0000000703a00000, 0x0000000703900000| Untracked 
|  28|0x0000000703a00000, 0x0000000703b00000, 0x0000000703b00000|100%| O|  |TAMS 0x0000000703b00000, 0x0000000703a00000| Untracked 
|  29|0x0000000703b00000, 0x0000000703c00000, 0x0000000703c00000|100%| O|  |TAMS 0x0000000703c00000, 0x0000000703b00000| Untracked 
|  30|0x0000000703c00000, 0x0000000703d00000, 0x0000000703d00000|100%| O|  |TAMS 0x0000000703d00000, 0x0000000703c00000| Untracked 
|  31|0x0000000703d00000, 0x0000000703e00000, 0x0000000703e00000|100%| O|  |TAMS 0x0000000703e00000, 0x0000000703d00000| Untracked 
|  32|0x0000000703e00000, 0x0000000703f00000, 0x0000000703f00000|100%| O|  |TAMS 0x0000000703f00000, 0x0000000703e00000| Untracked 
|  33|0x0000000703f00000, 0x0000000704000000, 0x0000000704000000|100%| O|  |TAMS 0x0000000704000000, 0x0000000703f00000| Untracked 
|  34|0x0000000704000000, 0x0000000704100000, 0x0000000704100000|100%| O|  |TAMS 0x0000000704100000, 0x0000000704000000| Untracked 
|  35|0x0000000704100000, 0x0000000704200000, 0x0000000704200000|100%| O|  |TAMS 0x0000000704200000, 0x0000000704100000| Untracked 
|  36|0x0000000704200000, 0x0000000704300000, 0x0000000704300000|100%| O|  |TAMS 0x0000000704300000, 0x0000000704200000| Untracked 
|  37|0x0000000704300000, 0x0000000704400000, 0x0000000704400000|100%| O|  |TAMS 0x0000000704400000, 0x0000000704300000| Untracked 
|  38|0x0000000704400000, 0x0000000704500000, 0x0000000704500000|100%| O|  |TAMS 0x0000000704500000, 0x0000000704400000| Untracked 
|  39|0x0000000704500000, 0x0000000704600000, 0x0000000704600000|100%|HS|  |TAMS 0x0000000704500000, 0x0000000704500000| Complete 
|  40|0x0000000704600000, 0x0000000704700000, 0x0000000704700000|100%|HS|  |TAMS 0x0000000704600000, 0x0000000704600000| Complete 
|  41|0x0000000704700000, 0x0000000704800000, 0x0000000704800000|100%|HS|  |TAMS 0x0000000704800000, 0x0000000704700000| Complete 
|  42|0x0000000704800000, 0x0000000704900000, 0x0000000704900000|100%|HS|  |TAMS 0x0000000704900000, 0x0000000704800000| Complete 
|  43|0x0000000704900000, 0x0000000704a00000, 0x0000000704a00000|100%| O|  |TAMS 0x0000000704a00000, 0x0000000704900000| Untracked 
|  44|0x0000000704a00000, 0x0000000704b00000, 0x0000000704b00000|100%| O|  |TAMS 0x0000000704b00000, 0x0000000704a00000| Untracked 
|  45|0x0000000704b00000, 0x0000000704c00000, 0x0000000704c00000|100%| O|  |TAMS 0x0000000704c00000, 0x0000000704b00000| Untracked 
|  46|0x0000000704c00000, 0x0000000704d00000, 0x0000000704d00000|100%| O|  |TAMS 0x0000000704d00000, 0x0000000704c00000| Untracked 
|  47|0x0000000704d00000, 0x0000000704e00000, 0x0000000704e00000|100%| O|  |TAMS 0x0000000704e00000, 0x0000000704d00000| Untracked 
|  48|0x0000000704e00000, 0x0000000704e80000, 0x0000000704f00000| 50%| O|  |TAMS 0x0000000704e80000, 0x0000000704e00000| Untracked 
|  49|0x0000000704f00000, 0x0000000704f00000, 0x0000000705000000|  0%| F|  |TAMS 0x0000000704f00000, 0x0000000704f00000| Untracked 
|  50|0x0000000705000000, 0x0000000705000000, 0x0000000705100000|  0%| F|  |TAMS 0x0000000705000000, 0x0000000705000000| Untracked 
|  51|0x0000000705100000, 0x0000000705100000, 0x0000000705200000|  0%| F|  |TAMS 0x0000000705100000, 0x0000000705100000| Untracked 
|  52|0x0000000705200000, 0x0000000705200000, 0x0000000705300000|  0%| F|  |TAMS 0x0000000705200000, 0x0000000705200000| Untracked 
|  53|0x0000000705300000, 0x0000000705300000, 0x0000000705400000|  0%| F|  |TAMS 0x0000000705300000, 0x0000000705300000| Untracked 
|  54|0x0000000705400000, 0x0000000705400000, 0x0000000705500000|  0%| F|  |TAMS 0x0000000705400000, 0x0000000705400000| Untracked 
|  55|0x0000000705500000, 0x0000000705500000, 0x0000000705600000|  0%| F|  |TAMS 0x0000000705500000, 0x0000000705500000| Untracked 
|  56|0x0000000705600000, 0x0000000705600000, 0x0000000705700000|  0%| F|  |TAMS 0x0000000705600000, 0x0000000705600000| Untracked 
|  57|0x0000000705700000, 0x0000000705700000, 0x0000000705800000|  0%| F|  |TAMS 0x0000000705700000, 0x0000000705700000| Untracked 
|  58|0x0000000705800000, 0x0000000705800000, 0x0000000705900000|  0%| F|  |TAMS 0x0000000705800000, 0x0000000705800000| Untracked 
|  59|0x0000000705900000, 0x0000000705900000, 0x0000000705a00000|  0%| F|  |TAMS 0x0000000705900000, 0x0000000705900000| Untracked 
|  60|0x0000000705a00000, 0x0000000705a00000, 0x0000000705b00000|  0%| F|  |TAMS 0x0000000705a00000, 0x0000000705a00000| Untracked 
|  61|0x0000000705b00000, 0x0000000705b00000, 0x0000000705c00000|  0%| F|  |TAMS 0x0000000705b00000, 0x0000000705b00000| Untracked 
|  62|0x0000000705c00000, 0x0000000705c00000, 0x0000000705d00000|  0%| F|  |TAMS 0x0000000705c00000, 0x0000000705c00000| Untracked 
|  63|0x0000000705d00000, 0x0000000705d00000, 0x0000000705e00000|  0%| F|  |TAMS 0x0000000705d00000, 0x0000000705d00000| Untracked 
|  64|0x0000000705e00000, 0x0000000705e00000, 0x0000000705f00000|  0%| F|  |TAMS 0x0000000705e00000, 0x0000000705e00000| Untracked 
|  65|0x0000000705f00000, 0x0000000705f00000, 0x0000000706000000|  0%| F|  |TAMS 0x0000000705f00000, 0x0000000705f00000| Untracked 
|  66|0x0000000706000000, 0x0000000706000000, 0x0000000706100000|  0%| F|  |TAMS 0x0000000706000000, 0x0000000706000000| Untracked 
|  67|0x0000000706100000, 0x0000000706100000, 0x0000000706200000|  0%| F|  |TAMS 0x0000000706100000, 0x0000000706100000| Untracked 
|  68|0x0000000706200000, 0x0000000706200000, 0x0000000706300000|  0%| F|  |TAMS 0x0000000706200000, 0x0000000706200000| Untracked 
|  69|0x0000000706300000, 0x0000000706300000, 0x0000000706400000|  0%| F|  |TAMS 0x0000000706300000, 0x0000000706300000| Untracked 
|  70|0x0000000706400000, 0x0000000706400000, 0x0000000706500000|  0%| F|  |TAMS 0x0000000706400000, 0x0000000706400000| Untracked 
|  71|0x0000000706500000, 0x0000000706500000, 0x0000000706600000|  0%| F|  |TAMS 0x0000000706500000, 0x0000000706500000| Untracked 
|  72|0x0000000706600000, 0x0000000706600000, 0x0000000706700000|  0%| F|  |TAMS 0x0000000706600000, 0x0000000706600000| Untracked 
|  73|0x0000000706700000, 0x0000000706700000, 0x0000000706800000|  0%| F|  |TAMS 0x0000000706700000, 0x0000000706700000| Untracked 
|  74|0x0000000706800000, 0x0000000706800000, 0x0000000706900000|  0%| F|  |TAMS 0x0000000706800000, 0x0000000706800000| Untracked 
|  75|0x0000000706900000, 0x0000000706900000, 0x0000000706a00000|  0%| F|  |TAMS 0x0000000706900000, 0x0000000706900000| Untracked 
|  76|0x0000000706a00000, 0x0000000706a00000, 0x0000000706b00000|  0%| F|  |TAMS 0x0000000706a00000, 0x0000000706a00000| Untracked 
|  77|0x0000000706b00000, 0x0000000706b00000, 0x0000000706c00000|  0%| F|  |TAMS 0x0000000706b00000, 0x0000000706b00000| Untracked 
|  78|0x0000000706c00000, 0x0000000706c00000, 0x0000000706d00000|  0%| F|  |TAMS 0x0000000706c00000, 0x0000000706c00000| Untracked 
|  79|0x0000000706d00000, 0x0000000706d00000, 0x0000000706e00000|  0%| F|  |TAMS 0x0000000706d00000, 0x0000000706d00000| Untracked 
|  80|0x0000000706e00000, 0x0000000706e00000, 0x0000000706f00000|  0%| F|  |TAMS 0x0000000706e00000, 0x0000000706e00000| Untracked 
|  81|0x0000000706f00000, 0x0000000706f00000, 0x0000000707000000|  0%| F|  |TAMS 0x0000000706f00000, 0x0000000706f00000| Untracked 
|  82|0x0000000707000000, 0x0000000707000000, 0x0000000707100000|  0%| F|  |TAMS 0x0000000707000000, 0x0000000707000000| Untracked 
|  83|0x0000000707100000, 0x0000000707100000, 0x0000000707200000|  0%| F|  |TAMS 0x0000000707100000, 0x0000000707100000| Untracked 
|  84|0x0000000707200000, 0x0000000707200000, 0x0000000707300000|  0%| F|  |TAMS 0x0000000707200000, 0x0000000707200000| Untracked 
|  85|0x0000000707300000, 0x0000000707300000, 0x0000000707400000|  0%| F|  |TAMS 0x0000000707300000, 0x0000000707300000| Untracked 
|  86|0x0000000707400000, 0x0000000707400000, 0x0000000707500000|  0%| F|  |TAMS 0x0000000707400000, 0x0000000707400000| Untracked 
|  87|0x0000000707500000, 0x0000000707500000, 0x0000000707600000|  0%| F|  |TAMS 0x0000000707500000, 0x0000000707500000| Untracked 
|  88|0x0000000707600000, 0x0000000707600000, 0x0000000707700000|  0%| F|  |TAMS 0x0000000707600000, 0x0000000707600000| Untracked 
|  89|0x0000000707700000, 0x0000000707700000, 0x0000000707800000|  0%| F|  |TAMS 0x0000000707700000, 0x0000000707700000| Untracked 
|  90|0x0000000707800000, 0x0000000707800000, 0x0000000707900000|  0%| F|  |TAMS 0x0000000707800000, 0x0000000707800000| Untracked 
|  91|0x0000000707900000, 0x0000000707900000, 0x0000000707a00000|  0%| F|  |TAMS 0x0000000707900000, 0x0000000707900000| Untracked 
|  92|0x0000000707a00000, 0x0000000707a00000, 0x0000000707b00000|  0%| F|  |TAMS 0x0000000707a00000, 0x0000000707a00000| Untracked 
|  93|0x0000000707b00000, 0x0000000707b00000, 0x0000000707c00000|  0%| F|  |TAMS 0x0000000707b00000, 0x0000000707b00000| Untracked 
|  94|0x0000000707c00000, 0x0000000707c00000, 0x0000000707d00000|  0%| F|  |TAMS 0x0000000707c00000, 0x0000000707c00000| Untracked 
|  95|0x0000000707d00000, 0x0000000707d00000, 0x0000000707e00000|  0%| F|  |TAMS 0x0000000707d00000, 0x0000000707d00000| Untracked 
|  96|0x0000000707e00000, 0x0000000707e00000, 0x0000000707f00000|  0%| F|  |TAMS 0x0000000707e00000, 0x0000000707e00000| Untracked 
|  97|0x0000000707f00000, 0x0000000707f00000, 0x0000000708000000|  0%| F|  |TAMS 0x0000000707f00000, 0x0000000707f00000| Untracked 
|  98|0x0000000708000000, 0x0000000708000000, 0x0000000708100000|  0%| F|  |TAMS 0x0000000708000000, 0x0000000708000000| Untracked 
|  99|0x0000000708100000, 0x0000000708100000, 0x0000000708200000|  0%| F|  |TAMS 0x0000000708100000, 0x0000000708100000| Untracked 
| 100|0x0000000708200000, 0x0000000708200000, 0x0000000708300000|  0%| F|  |TAMS 0x0000000708200000, 0x0000000708200000| Untracked 
| 101|0x0000000708300000, 0x0000000708300000, 0x0000000708400000|  0%| F|  |TAMS 0x0000000708300000, 0x0000000708300000| Untracked 
| 102|0x0000000708400000, 0x0000000708400000, 0x0000000708500000|  0%| F|  |TAMS 0x0000000708400000, 0x0000000708400000| Untracked 
| 103|0x0000000708500000, 0x0000000708500000, 0x0000000708600000|  0%| F|  |TAMS 0x0000000708500000, 0x0000000708500000| Untracked 
| 104|0x0000000708600000, 0x0000000708600000, 0x0000000708700000|  0%| F|  |TAMS 0x0000000708600000, 0x0000000708600000| Untracked 
| 105|0x0000000708700000, 0x0000000708700000, 0x0000000708800000|  0%| F|  |TAMS 0x0000000708700000, 0x0000000708700000| Untracked 
| 106|0x0000000708800000, 0x0000000708800000, 0x0000000708900000|  0%| F|  |TAMS 0x0000000708800000, 0x0000000708800000| Untracked 
| 107|0x0000000708900000, 0x0000000708900000, 0x0000000708a00000|  0%| F|  |TAMS 0x0000000708900000, 0x0000000708900000| Untracked 
| 108|0x0000000708a00000, 0x0000000708a00000, 0x0000000708b00000|  0%| F|  |TAMS 0x0000000708a00000, 0x0000000708a00000| Untracked 
| 109|0x0000000708b00000, 0x0000000708b00000, 0x0000000708c00000|  0%| F|  |TAMS 0x0000000708b00000, 0x0000000708b00000| Untracked 
| 110|0x0000000708c00000, 0x0000000708c00000, 0x0000000708d00000|  0%| F|  |TAMS 0x0000000708c00000, 0x0000000708c00000| Untracked 
| 111|0x0000000708d00000, 0x0000000708d00000, 0x0000000708e00000|  0%| F|  |TAMS 0x0000000708d00000, 0x0000000708d00000| Untracked 
| 112|0x0000000708e00000, 0x0000000708e00000, 0x0000000708f00000|  0%| F|  |TAMS 0x0000000708e00000, 0x0000000708e00000| Untracked 
| 113|0x0000000708f00000, 0x0000000708f00000, 0x0000000709000000|  0%| F|  |TAMS 0x0000000708f00000, 0x0000000708f00000| Untracked 
| 114|0x0000000709000000, 0x0000000709000000, 0x0000000709100000|  0%| F|  |TAMS 0x0000000709000000, 0x0000000709000000| Untracked 
| 115|0x0000000709100000, 0x0000000709100000, 0x0000000709200000|  0%| F|  |TAMS 0x0000000709100000, 0x0000000709100000| Untracked 
| 116|0x0000000709200000, 0x0000000709200000, 0x0000000709300000|  0%| F|  |TAMS 0x0000000709200000, 0x0000000709200000| Untracked 
| 117|0x0000000709300000, 0x0000000709300000, 0x0000000709400000|  0%| F|  |TAMS 0x0000000709300000, 0x0000000709300000| Untracked 
| 118|0x0000000709400000, 0x0000000709400000, 0x0000000709500000|  0%| F|  |TAMS 0x0000000709400000, 0x0000000709400000| Untracked 
| 119|0x0000000709500000, 0x0000000709500000, 0x0000000709600000|  0%| F|  |TAMS 0x0000000709500000, 0x0000000709500000| Untracked 
| 120|0x0000000709600000, 0x0000000709600000, 0x0000000709700000|  0%| F|  |TAMS 0x0000000709600000, 0x0000000709600000| Untracked 
| 121|0x0000000709700000, 0x0000000709700000, 0x0000000709800000|  0%| F|  |TAMS 0x0000000709700000, 0x0000000709700000| Untracked 
| 122|0x0000000709800000, 0x0000000709800000, 0x0000000709900000|  0%| F|  |TAMS 0x0000000709800000, 0x0000000709800000| Untracked 
| 123|0x0000000709900000, 0x0000000709900000, 0x0000000709a00000|  0%| F|  |TAMS 0x0000000709900000, 0x0000000709900000| Untracked 
| 124|0x0000000709a00000, 0x0000000709a00000, 0x0000000709b00000|  0%| F|  |TAMS 0x0000000709a00000, 0x0000000709a00000| Untracked 
| 125|0x0000000709b00000, 0x0000000709b00000, 0x0000000709c00000|  0%| F|  |TAMS 0x0000000709b00000, 0x0000000709b00000| Untracked 
| 126|0x0000000709c00000, 0x0000000709c00000, 0x0000000709d00000|  0%| F|  |TAMS 0x0000000709c00000, 0x0000000709c00000| Untracked 
| 127|0x0000000709d00000, 0x0000000709d00000, 0x0000000709e00000|  0%| F|  |TAMS 0x0000000709d00000, 0x0000000709d00000| Untracked 
| 128|0x0000000709e00000, 0x0000000709e00000, 0x0000000709f00000|  0%| F|  |TAMS 0x0000000709e00000, 0x0000000709e00000| Untracked 
| 129|0x0000000709f00000, 0x0000000709f00000, 0x000000070a000000|  0%| F|  |TAMS 0x0000000709f00000, 0x0000000709f00000| Untracked 
| 130|0x000000070a000000, 0x000000070a000000, 0x000000070a100000|  0%| F|  |TAMS 0x000000070a000000, 0x000000070a000000| Untracked 
| 131|0x000000070a100000, 0x000000070a100000, 0x000000070a200000|  0%| F|  |TAMS 0x000000070a100000, 0x000000070a100000| Untracked 
| 132|0x000000070a200000, 0x000000070a200000, 0x000000070a300000|  0%| F|  |TAMS 0x000000070a200000, 0x000000070a200000| Untracked 
| 133|0x000000070a300000, 0x000000070a300000, 0x000000070a400000|  0%| F|  |TAMS 0x000000070a300000, 0x000000070a300000| Untracked 
| 134|0x000000070a400000, 0x000000070a400000, 0x000000070a500000|  0%| F|  |TAMS 0x000000070a400000, 0x000000070a400000| Untracked 
| 135|0x000000070a500000, 0x000000070a500000, 0x000000070a600000|  0%| F|  |TAMS 0x000000070a500000, 0x000000070a500000| Untracked 
| 136|0x000000070a600000, 0x000000070a600000, 0x000000070a700000|  0%| F|  |TAMS 0x000000070a600000, 0x000000070a600000| Untracked 
| 137|0x000000070a700000, 0x000000070a700000, 0x000000070a800000|  0%| F|  |TAMS 0x000000070a700000, 0x000000070a700000| Untracked 
| 138|0x000000070a800000, 0x000000070a800000, 0x000000070a900000|  0%| F|  |TAMS 0x000000070a800000, 0x000000070a800000| Untracked 
| 139|0x000000070a900000, 0x000000070a900000, 0x000000070aa00000|  0%| F|  |TAMS 0x000000070a900000, 0x000000070a900000| Untracked 
| 140|0x000000070aa00000, 0x000000070aa00000, 0x000000070ab00000|  0%| F|  |TAMS 0x000000070aa00000, 0x000000070aa00000| Untracked 
| 141|0x000000070ab00000, 0x000000070ab00000, 0x000000070ac00000|  0%| F|  |TAMS 0x000000070ab00000, 0x000000070ab00000| Untracked 
| 142|0x000000070ac00000, 0x000000070ac00000, 0x000000070ad00000|  0%| F|  |TAMS 0x000000070ac00000, 0x000000070ac00000| Untracked 
| 143|0x000000070ad00000, 0x000000070ad00000, 0x000000070ae00000|  0%| F|  |TAMS 0x000000070ad00000, 0x000000070ad00000| Untracked 
| 144|0x000000070ae00000, 0x000000070ae00000, 0x000000070af00000|  0%| F|  |TAMS 0x000000070ae00000, 0x000000070ae00000| Untracked 
| 145|0x000000070af00000, 0x000000070af00000, 0x000000070b000000|  0%| F|  |TAMS 0x000000070af00000, 0x000000070af00000| Untracked 
| 146|0x000000070b000000, 0x000000070b000000, 0x000000070b100000|  0%| F|  |TAMS 0x000000070b000000, 0x000000070b000000| Untracked 
| 147|0x000000070b100000, 0x000000070b100000, 0x000000070b200000|  0%| F|  |TAMS 0x000000070b100000, 0x000000070b100000| Untracked 
| 148|0x000000070b200000, 0x000000070b200000, 0x000000070b300000|  0%| F|  |TAMS 0x000000070b200000, 0x000000070b200000| Untracked 
| 149|0x000000070b300000, 0x000000070b300000, 0x000000070b400000|  0%| F|  |TAMS 0x000000070b300000, 0x000000070b300000| Untracked 
| 150|0x000000070b400000, 0x000000070b400000, 0x000000070b500000|  0%| F|  |TAMS 0x000000070b400000, 0x000000070b400000| Untracked 
| 151|0x000000070b500000, 0x000000070b500000, 0x000000070b600000|  0%| F|  |TAMS 0x000000070b500000, 0x000000070b500000| Untracked 
| 152|0x000000070b600000, 0x000000070b600000, 0x000000070b700000|  0%| F|  |TAMS 0x000000070b600000, 0x000000070b600000| Untracked 
| 153|0x000000070b700000, 0x000000070b700000, 0x000000070b800000|  0%| F|  |TAMS 0x000000070b700000, 0x000000070b700000| Untracked 
| 154|0x000000070b800000, 0x000000070b800000, 0x000000070b900000|  0%| F|  |TAMS 0x000000070b800000, 0x000000070b800000| Untracked 
| 155|0x000000070b900000, 0x000000070b900000, 0x000000070ba00000|  0%| F|  |TAMS 0x000000070b900000, 0x000000070b900000| Untracked 
| 156|0x000000070ba00000, 0x000000070ba00000, 0x000000070bb00000|  0%| F|  |TAMS 0x000000070ba00000, 0x000000070ba00000| Untracked 
| 157|0x000000070bb00000, 0x000000070bb00000, 0x000000070bc00000|  0%| F|  |TAMS 0x000000070bb00000, 0x000000070bb00000| Untracked 
| 158|0x000000070bc00000, 0x000000070bc00000, 0x000000070bd00000|  0%| F|  |TAMS 0x000000070bc00000, 0x000000070bc00000| Untracked 
| 159|0x000000070bd00000, 0x000000070bd00000, 0x000000070be00000|  0%| F|  |TAMS 0x000000070bd00000, 0x000000070bd00000| Untracked 
| 160|0x000000070be00000, 0x000000070be00000, 0x000000070bf00000|  0%| F|  |TAMS 0x000000070be00000, 0x000000070be00000| Untracked 
| 161|0x000000070bf00000, 0x000000070bf00000, 0x000000070c000000|  0%| F|  |TAMS 0x000000070bf00000, 0x000000070bf00000| Untracked 
| 162|0x000000070c000000, 0x000000070c000000, 0x000000070c100000|  0%| F|  |TAMS 0x000000070c000000, 0x000000070c000000| Untracked 
| 163|0x000000070c100000, 0x000000070c100000, 0x000000070c200000|  0%| F|  |TAMS 0x000000070c100000, 0x000000070c100000| Untracked 
| 164|0x000000070c200000, 0x000000070c200000, 0x000000070c300000|  0%| F|  |TAMS 0x000000070c200000, 0x000000070c200000| Untracked 
| 165|0x000000070c300000, 0x000000070c300000, 0x000000070c400000|  0%| F|  |TAMS 0x000000070c300000, 0x000000070c300000| Untracked 
| 166|0x000000070c400000, 0x000000070c400000, 0x000000070c500000|  0%| F|  |TAMS 0x000000070c400000, 0x000000070c400000| Untracked 
| 167|0x000000070c500000, 0x000000070c500000, 0x000000070c600000|  0%| F|  |TAMS 0x000000070c500000, 0x000000070c500000| Untracked 
| 168|0x000000070c600000, 0x000000070c600000, 0x000000070c700000|  0%| F|  |TAMS 0x000000070c600000, 0x000000070c600000| Untracked 
| 169|0x000000070c700000, 0x000000070c700000, 0x000000070c800000|  0%| F|  |TAMS 0x000000070c700000, 0x000000070c700000| Untracked 
| 170|0x000000070c800000, 0x000000070c800000, 0x000000070c900000|  0%| F|  |TAMS 0x000000070c800000, 0x000000070c800000| Untracked 
| 171|0x000000070c900000, 0x000000070c900000, 0x000000070ca00000|  0%| F|  |TAMS 0x000000070c900000, 0x000000070c900000| Untracked 
| 172|0x000000070ca00000, 0x000000070ca00000, 0x000000070cb00000|  0%| F|  |TAMS 0x000000070ca00000, 0x000000070ca00000| Untracked 
| 173|0x000000070cb00000, 0x000000070cb00000, 0x000000070cc00000|  0%| F|  |TAMS 0x000000070cb00000, 0x000000070cb00000| Untracked 
| 174|0x000000070cc00000, 0x000000070cc00000, 0x000000070cd00000|  0%| F|  |TAMS 0x000000070cc00000, 0x000000070cc00000| Untracked 
| 175|0x000000070cd00000, 0x000000070cd00000, 0x000000070ce00000|  0%| F|  |TAMS 0x000000070cd00000, 0x000000070cd00000| Untracked 
| 176|0x000000070ce00000, 0x000000070ce00000, 0x000000070cf00000|  0%| F|  |TAMS 0x000000070ce00000, 0x000000070ce00000| Untracked 
| 177|0x000000070cf00000, 0x000000070cf00000, 0x000000070d000000|  0%| F|  |TAMS 0x000000070cf00000, 0x000000070cf00000| Untracked 
| 178|0x000000070d000000, 0x000000070d000000, 0x000000070d100000|  0%| F|  |TAMS 0x000000070d000000, 0x000000070d000000| Untracked 
| 179|0x000000070d100000, 0x000000070d100000, 0x000000070d200000|  0%| F|  |TAMS 0x000000070d100000, 0x000000070d100000| Untracked 
| 180|0x000000070d200000, 0x000000070d200000, 0x000000070d300000|  0%| F|  |TAMS 0x000000070d200000, 0x000000070d200000| Untracked 
| 181|0x000000070d300000, 0x000000070d300000, 0x000000070d400000|  0%| F|  |TAMS 0x000000070d300000, 0x000000070d300000| Untracked 
| 182|0x000000070d400000, 0x000000070d400000, 0x000000070d500000|  0%| F|  |TAMS 0x000000070d400000, 0x000000070d400000| Untracked 
| 183|0x000000070d500000, 0x000000070d500000, 0x000000070d600000|  0%| F|  |TAMS 0x000000070d500000, 0x000000070d500000| Untracked 
| 184|0x000000070d600000, 0x000000070d600000, 0x000000070d700000|  0%| F|  |TAMS 0x000000070d600000, 0x000000070d600000| Untracked 
| 185|0x000000070d700000, 0x000000070d700000, 0x000000070d800000|  0%| F|  |TAMS 0x000000070d700000, 0x000000070d700000| Untracked 
| 186|0x000000070d800000, 0x000000070d800000, 0x000000070d900000|  0%| F|  |TAMS 0x000000070d800000, 0x000000070d800000| Untracked 
| 187|0x000000070d900000, 0x000000070d900000, 0x000000070da00000|  0%| F|  |TAMS 0x000000070d900000, 0x000000070d900000| Untracked 
| 188|0x000000070da00000, 0x000000070da00000, 0x000000070db00000|  0%| F|  |TAMS 0x000000070da00000, 0x000000070da00000| Untracked 
| 189|0x000000070db00000, 0x000000070db00000, 0x000000070dc00000|  0%| F|  |TAMS 0x000000070db00000, 0x000000070db00000| Untracked 
| 190|0x000000070dc00000, 0x000000070dc00000, 0x000000070dd00000|  0%| F|  |TAMS 0x000000070dc00000, 0x000000070dc00000| Untracked 
| 191|0x000000070dd00000, 0x000000070ddee010, 0x000000070de00000| 92%| S|CS|TAMS 0x000000070dd00000, 0x000000070dd00000| Complete 
| 192|0x000000070de00000, 0x000000070df00000, 0x000000070df00000|100%| S|CS|TAMS 0x000000070de00000, 0x000000070de00000| Complete 
| 193|0x000000070df00000, 0x000000070e000000, 0x000000070e000000|100%| S|CS|TAMS 0x000000070df00000, 0x000000070df00000| Complete 
| 194|0x000000070e000000, 0x000000070e100000, 0x000000070e100000|100%| S|CS|TAMS 0x000000070e000000, 0x000000070e000000| Complete 
| 195|0x000000070e100000, 0x000000070e200000, 0x000000070e200000|100%| S|CS|TAMS 0x000000070e100000, 0x000000070e100000| Complete 
| 196|0x000000070e200000, 0x000000070e300000, 0x000000070e300000|100%| S|CS|TAMS 0x000000070e200000, 0x000000070e200000| Complete 
| 197|0x000000070e300000, 0x000000070e300000, 0x000000070e400000|  0%| F|  |TAMS 0x000000070e300000, 0x000000070e300000| Untracked 
| 198|0x000000070e400000, 0x000000070e400000, 0x000000070e500000|  0%| F|  |TAMS 0x000000070e400000, 0x000000070e400000| Untracked 
| 199|0x000000070e500000, 0x000000070e500000, 0x000000070e600000|  0%| F|  |TAMS 0x000000070e500000, 0x000000070e500000| Untracked 
| 200|0x000000070e600000, 0x000000070e600000, 0x000000070e700000|  0%| F|  |TAMS 0x000000070e600000, 0x000000070e600000| Untracked 
| 201|0x000000070e700000, 0x000000070e700000, 0x000000070e800000|  0%| F|  |TAMS 0x000000070e700000, 0x000000070e700000| Untracked 
| 202|0x000000070e800000, 0x000000070e800000, 0x000000070e900000|  0%| F|  |TAMS 0x000000070e800000, 0x000000070e800000| Untracked 
| 203|0x000000070e900000, 0x000000070e900000, 0x000000070ea00000|  0%| F|  |TAMS 0x000000070e900000, 0x000000070e900000| Untracked 
| 204|0x000000070ea00000, 0x000000070ea00000, 0x000000070eb00000|  0%| F|  |TAMS 0x000000070ea00000, 0x000000070ea00000| Untracked 
| 205|0x000000070eb00000, 0x000000070eb00000, 0x000000070ec00000|  0%| F|  |TAMS 0x000000070eb00000, 0x000000070eb00000| Untracked 
| 206|0x000000070ec00000, 0x000000070ec00000, 0x000000070ed00000|  0%| F|  |TAMS 0x000000070ec00000, 0x000000070ec00000| Untracked 
| 207|0x000000070ed00000, 0x000000070ed00000, 0x000000070ee00000|  0%| F|  |TAMS 0x000000070ed00000, 0x000000070ed00000| Untracked 
| 208|0x000000070ee00000, 0x000000070ee00000, 0x000000070ef00000|  0%| F|  |TAMS 0x000000070ee00000, 0x000000070ee00000| Untracked 
| 209|0x000000070ef00000, 0x000000070ef00000, 0x000000070f000000|  0%| F|  |TAMS 0x000000070ef00000, 0x000000070ef00000| Untracked 
| 210|0x000000070f000000, 0x000000070f000000, 0x000000070f100000|  0%| F|  |TAMS 0x000000070f000000, 0x000000070f000000| Untracked 
| 211|0x000000070f100000, 0x000000070f100000, 0x000000070f200000|  0%| F|  |TAMS 0x000000070f100000, 0x000000070f100000| Untracked 
| 212|0x000000070f200000, 0x000000070f200000, 0x000000070f300000|  0%| F|  |TAMS 0x000000070f200000, 0x000000070f200000| Untracked 
| 213|0x000000070f300000, 0x000000070f300000, 0x000000070f400000|  0%| F|  |TAMS 0x000000070f300000, 0x000000070f300000| Untracked 
| 214|0x000000070f400000, 0x000000070f400000, 0x000000070f500000|  0%| F|  |TAMS 0x000000070f400000, 0x000000070f400000| Untracked 
| 215|0x000000070f500000, 0x000000070f500000, 0x000000070f600000|  0%| F|  |TAMS 0x000000070f500000, 0x000000070f500000| Untracked 
| 216|0x000000070f600000, 0x000000070f600000, 0x000000070f700000|  0%| F|  |TAMS 0x000000070f600000, 0x000000070f600000| Untracked 
| 217|0x000000070f700000, 0x000000070f700000, 0x000000070f800000|  0%| F|  |TAMS 0x000000070f700000, 0x000000070f700000| Untracked 
| 218|0x000000070f800000, 0x000000070f800000, 0x000000070f900000|  0%| F|  |TAMS 0x000000070f800000, 0x000000070f800000| Untracked 
| 219|0x000000070f900000, 0x000000070f900000, 0x000000070fa00000|  0%| F|  |TAMS 0x000000070f900000, 0x000000070f900000| Untracked 
| 220|0x000000070fa00000, 0x000000070fa00000, 0x000000070fb00000|  0%| F|  |TAMS 0x000000070fa00000, 0x000000070fa00000| Untracked 
| 221|0x000000070fb00000, 0x000000070fb00000, 0x000000070fc00000|  0%| F|  |TAMS 0x000000070fb00000, 0x000000070fb00000| Untracked 
| 222|0x000000070fc00000, 0x000000070fc00000, 0x000000070fd00000|  0%| F|  |TAMS 0x000000070fc00000, 0x000000070fc00000| Untracked 
| 223|0x000000070fd00000, 0x000000070fd00000, 0x000000070fe00000|  0%| F|  |TAMS 0x000000070fd00000, 0x000000070fd00000| Untracked 
| 224|0x000000070fe00000, 0x000000070fe00000, 0x000000070ff00000|  0%| F|  |TAMS 0x000000070fe00000, 0x000000070fe00000| Untracked 
| 225|0x000000070ff00000, 0x000000070ff00000, 0x0000000710000000|  0%| F|  |TAMS 0x000000070ff00000, 0x000000070ff00000| Untracked 
| 226|0x0000000710000000, 0x0000000710000000, 0x0000000710100000|  0%| F|  |TAMS 0x0000000710000000, 0x0000000710000000| Untracked 
| 227|0x0000000710100000, 0x0000000710100000, 0x0000000710200000|  0%| F|  |TAMS 0x0000000710100000, 0x0000000710100000| Untracked 
| 228|0x0000000710200000, 0x0000000710200000, 0x0000000710300000|  0%| F|  |TAMS 0x0000000710200000, 0x0000000710200000| Untracked 
| 229|0x0000000710300000, 0x0000000710300000, 0x0000000710400000|  0%| F|  |TAMS 0x0000000710300000, 0x0000000710300000| Untracked 
| 230|0x0000000710400000, 0x0000000710400000, 0x0000000710500000|  0%| F|  |TAMS 0x0000000710400000, 0x0000000710400000| Untracked 
| 231|0x0000000710500000, 0x0000000710500000, 0x0000000710600000|  0%| F|  |TAMS 0x0000000710500000, 0x0000000710500000| Untracked 
| 232|0x0000000710600000, 0x0000000710600000, 0x0000000710700000|  0%| F|  |TAMS 0x0000000710600000, 0x0000000710600000| Untracked 
| 233|0x0000000710700000, 0x0000000710700000, 0x0000000710800000|  0%| F|  |TAMS 0x0000000710700000, 0x0000000710700000| Untracked 
| 234|0x0000000710800000, 0x0000000710800000, 0x0000000710900000|  0%| F|  |TAMS 0x0000000710800000, 0x0000000710800000| Untracked 
| 235|0x0000000710900000, 0x0000000710900000, 0x0000000710a00000|  0%| F|  |TAMS 0x0000000710900000, 0x0000000710900000| Untracked 
| 236|0x0000000710a00000, 0x0000000710a00000, 0x0000000710b00000|  0%| F|  |TAMS 0x0000000710a00000, 0x0000000710a00000| Untracked 
| 237|0x0000000710b00000, 0x0000000710b00000, 0x0000000710c00000|  0%| F|  |TAMS 0x0000000710b00000, 0x0000000710b00000| Untracked 
| 238|0x0000000710c00000, 0x0000000710c00000, 0x0000000710d00000|  0%| F|  |TAMS 0x0000000710c00000, 0x0000000710c00000| Untracked 
| 239|0x0000000710d00000, 0x0000000710dd9490, 0x0000000710e00000| 84%| E|  |TAMS 0x0000000710d00000, 0x0000000710d00000| Complete 
| 240|0x0000000710e00000, 0x0000000710f00000, 0x0000000710f00000|100%| E|CS|TAMS 0x0000000710e00000, 0x0000000710e00000| Complete 
| 241|0x0000000710f00000, 0x0000000711000000, 0x0000000711000000|100%| E|CS|TAMS 0x0000000710f00000, 0x0000000710f00000| Complete 
| 242|0x0000000711000000, 0x0000000711100000, 0x0000000711100000|100%| E|CS|TAMS 0x0000000711000000, 0x0000000711000000| Complete 
| 243|0x0000000711100000, 0x0000000711200000, 0x0000000711200000|100%| E|CS|TAMS 0x0000000711100000, 0x0000000711100000| Complete 
| 244|0x0000000711200000, 0x0000000711300000, 0x0000000711300000|100%| E|CS|TAMS 0x0000000711200000, 0x0000000711200000| Complete 
| 245|0x0000000711300000, 0x0000000711400000, 0x0000000711400000|100%| E|CS|TAMS 0x0000000711300000, 0x0000000711300000| Complete 
| 246|0x0000000711400000, 0x0000000711500000, 0x0000000711500000|100%| E|CS|TAMS 0x0000000711400000, 0x0000000711400000| Complete 
| 247|0x0000000711500000, 0x0000000711600000, 0x0000000711600000|100%| E|CS|TAMS 0x0000000711500000, 0x0000000711500000| Complete 
| 248|0x0000000711600000, 0x0000000711700000, 0x0000000711700000|100%| E|CS|TAMS 0x0000000711600000, 0x0000000711600000| Complete 
| 249|0x0000000711700000, 0x0000000711800000, 0x0000000711800000|100%| E|CS|TAMS 0x0000000711700000, 0x0000000711700000| Complete 
| 250|0x0000000711800000, 0x0000000711900000, 0x0000000711900000|100%| E|CS|TAMS 0x0000000711800000, 0x0000000711800000| Complete 
| 251|0x0000000711900000, 0x0000000711a00000, 0x0000000711a00000|100%| E|CS|TAMS 0x0000000711900000, 0x0000000711900000| Complete 
| 252|0x0000000711a00000, 0x0000000711b00000, 0x0000000711b00000|100%| E|CS|TAMS 0x0000000711a00000, 0x0000000711a00000| Complete 
| 253|0x0000000711b00000, 0x0000000711c00000, 0x0000000711c00000|100%| E|CS|TAMS 0x0000000711b00000, 0x0000000711b00000| Complete 
| 254|0x0000000711c00000, 0x0000000711d00000, 0x0000000711d00000|100%| E|CS|TAMS 0x0000000711c00000, 0x0000000711c00000| Complete 
| 255|0x0000000711d00000, 0x0000000711e00000, 0x0000000711e00000|100%| E|CS|TAMS 0x0000000711d00000, 0x0000000711d00000| Complete 

Card table byte_map: [0x0000022dfe290000,0x0000022dfea90000] _byte_map_base: 0x0000022dfaa81000

Marking Bits (Prev, Next): (CMBitMap*) 0x0000022dfbc2b780, (CMBitMap*) 0x0000022dfbc2b748
 Prev Bits: [0x0000022d9b1e0000, 0x0000022d9f168000)
 Next Bits: [0x0000022d97250000, 0x0000022d9b1d8000)

Polling page: 0x0000022dfb9b0000

Metaspace:

Usage:
  Non-class:     52.63 MB capacity,    51.86 MB ( 99%) used,   608.45 KB (  1%) free+waste,   176.63 KB ( <1%) overhead. 
      Class:      7.11 MB capacity,     6.54 MB ( 92%) used,   499.71 KB (  7%) free+waste,    83.50 KB (  1%) overhead. 
       Both:     59.74 MB capacity,    58.40 MB ( 98%) used,     1.08 MB (  2%) free+waste,   260.13 KB ( <1%) overhead. 

Virtual space:
  Non-class space:       54.00 MB reserved,      52.75 MB ( 98%) committed 
      Class space:        1.00 GB reserved,       7.13 MB ( <1%) committed 
             Both:        1.05 GB reserved,      59.88 MB (  6%) committed 

Chunk freelists:
   Non-Class:  7.88 KB
       Class:  1.75 KB
        Both:  9.63 KB

CodeHeap 'non-profiled nmethods': size=120064Kb used=5084Kb max_used=5084Kb free=114979Kb
 bounds [0x0000022d8fd10000, 0x0000022d90210000, 0x0000022d97250000]
CodeHeap 'profiled nmethods': size=120000Kb used=22282Kb max_used=22282Kb free=97717Kb
 bounds [0x0000022d887e0000, 0x0000022d89db0000, 0x0000022d8fd10000]
CodeHeap 'non-nmethods': size=5696Kb used=1459Kb max_used=1517Kb free=4236Kb
 bounds [0x0000022d88250000, 0x0000022d884c0000, 0x0000022d887e0000]
 total_blobs=11200 nmethods=7773 adapters=836
 compilation: enabled
              stopped_count=0, restarted_count=0
 full_count=0

Compilation events (10 events):
Event: 24.430 Thread 0x0000022dffa53000 nmethod 8071 0x0000022d89d79c10 code [0x0000022d89d79de0, 0x0000022d89d7a1f8]
Event: 24.430 Thread 0x0000022dffa53000 8072   !   3       java.time.Duration::between (99 bytes)
Event: 24.430 Thread 0x0000022dffa53000 nmethod 8072 0x0000022d89d7a390 code [0x0000022d89d7a600, 0x0000022d89d7b210]
Event: 24.430 Thread 0x0000022dffa53000 8073       3       java.time.Instant::until (182 bytes)
Event: 24.431 Thread 0x0000022dffa53000 nmethod 8073 0x0000022d89d7b690 code [0x0000022d89d7ba20, 0x0000022d89d7ce70]
Event: 24.711 Thread 0x0000022dffa53000 8074 % !   3       fp::n @ 1798 (7421 bytes)
Event: 24.755 Thread 0x0000022dffa53000 nmethod 8074% 0x0000022d89d7d510 code [0x0000022d89d80000, 0x0000022d89d9aaf0]
Event: 24.755 Thread 0x0000022dffa49800 8075 % !   4       fp::n @ 567 (7421 bytes)
Event: 24.822 Thread 0x0000022dffa49800 nmethod 8075% 0x0000022d90203710 code [0x0000022d90203a40, 0x0000022d90206580]
Event: 24.829 Thread 0x0000022dffa49800 8076 % !   4       fp::n @ 4651 (7421 bytes)

GC Heap History (10 events):
Event: 1.642 GC heap before
{Heap before GC invocations=2 (full 0):
 garbage-first heap   total 262144K, used 13764K [0x0000000701e00000, 0x0000000800000000)
  region size 1024K, 12 young (12288K), 2 survivors (2048K)
 Metaspace       used 20923K, capacity 21236K, committed 21296K, reserved 1069056K
  class space    used 2308K, capacity 2432K, committed 2432K, reserved 1048576K
}
Event: 1.645 GC heap after
{Heap after GC invocations=3 (full 0):
 garbage-first heap   total 262144K, used 5313K [0x0000000701e00000, 0x0000000800000000)
  region size 1024K, 3 young (3072K), 3 survivors (3072K)
 Metaspace       used 20923K, capacity 21236K, committed 21296K, reserved 1069056K
  class space    used 2308K, capacity 2432K, committed 2432K, reserved 1048576K
}
Event: 5.352 GC heap before
{Heap before GC invocations=4 (full 0):
 garbage-first heap   total 262144K, used 48321K [0x0000000701e00000, 0x0000000800000000)
  region size 1024K, 46 young (47104K), 3 survivors (3072K)
 Metaspace       used 35429K, capacity 35819K, committed 35968K, reserved 1081344K
  class space    used 3960K, capacity 4129K, committed 4224K, reserved 1048576K
}
Event: 5.358 GC heap after
{Heap after GC invocations=5 (full 0):
 garbage-first heap   total 262144K, used 10274K [0x0000000701e00000, 0x0000000800000000)
  region size 1024K, 6 young (6144K), 6 survivors (6144K)
 Metaspace       used 35429K, capacity 35819K, committed 35968K, reserved 1081344K
  class space    used 3960K, capacity 4129K, committed 4224K, reserved 1048576K
}
Event: 10.890 GC heap before
{Heap before GC invocations=6 (full 0):
 garbage-first heap   total 262144K, used 162850K [0x0000000701e00000, 0x0000000800000000)
  region size 1024K, 150 young (153600K), 6 survivors (6144K)
 Metaspace       used 56541K, capacity 57799K, committed 57984K, reserved 1099776K
  class space    used 6487K, capacity 7040K, committed 7040K, reserved 1048576K
}
Event: 10.911 GC heap after
{Heap after GC invocations=7 (full 0):
 garbage-first heap   total 262144K, used 34938K [0x0000000701e00000, 0x0000000800000000)
  region size 1024K, 19 young (19456K), 19 survivors (19456K)
 Metaspace       used 56541K, capacity 57799K, committed 57984K, reserved 1099776K
  class space    used 6487K, capacity 7040K, committed 7040K, reserved 1048576K
}
Event: 11.837 GC heap before
{Heap before GC invocations=7 (full 0):
 garbage-first heap   total 262144K, used 85114K [0x0000000701e00000, 0x0000000800000000)
  region size 1024K, 69 young (70656K), 19 survivors (19456K)
 Metaspace       used 57878K, capacity 59217K, committed 59520K, reserved 1101824K
  class space    used 6584K, capacity 7170K, committed 7296K, reserved 1048576K
}
Event: 11.854 GC heap after
{Heap after GC invocations=8 (full 0):
 garbage-first heap   total 262144K, used 48522K [0x0000000701e00000, 0x0000000800000000)
  region size 1024K, 9 young (9216K), 9 survivors (9216K)
 Metaspace       used 57878K, capacity 59217K, committed 59520K, reserved 1101824K
  class space    used 6584K, capacity 7170K, committed 7296K, reserved 1048576K
}
Event: 12.392 GC heap before
{Heap before GC invocations=8 (full 0):
 garbage-first heap   total 262144K, used 101770K [0x0000000701e00000, 0x0000000800000000)
  region size 1024K, 59 young (60416K), 9 survivors (9216K)
 Metaspace       used 58858K, capacity 60189K, committed 60288K, reserved 1101824K
  class space    used 6666K, capacity 7238K, committed 7296K, reserved 1048576K
}
Event: 12.398 GC heap after
{Heap after GC invocations=9 (full 0):
 garbage-first heap   total 262144K, used 53688K [0x0000000701e00000, 0x0000000800000000)
  region size 1024K, 6 young (6144K), 6 survivors (6144K)
 Metaspace       used 58858K, capacity 60189K, committed 60288K, reserved 1101824K
  class space    used 6666K, capacity 7238K, committed 7296K, reserved 1048576K
}

Deoptimization events (10 events):
Event: 21.764 Thread 0x0000022da347b800 Uncommon trap: reason=unstable_if action=reinterpret pc=0x0000022d8ffb1884 method=java.awt.Component.getBackground()Ljava/awt/Color; @ 17 c2
Event: 23.090 Thread 0x0000022da347a000 Uncommon trap: reason=unstable_if action=reinterpret pc=0x0000022d901c0d74 method=fl.g(Llk;I)V @ 77 c2
Event: 23.430 Thread 0x0000022da347a000 Uncommon trap: reason=unstable_if action=reinterpret pc=0x0000022d901c7db8 method=fp.n(Lka;Lka;Lka;ZB)V @ 4607 c2
Event: 23.431 Thread 0x0000022da347a000 Uncommon trap: reason=unstable_if action=reinterpret pc=0x0000022d901c300c method=fp.n(Lka;Lka;Lka;ZB)V @ 6104 c2
Event: 23.450 Thread 0x0000022da347a000 Uncommon trap: reason=unreached action=reinterpret pc=0x0000022d901afb04 method=fp.n(Lka;Lka;Lka;ZB)V @ 4998 c2
Event: 23.591 Thread 0x0000022da347a000 Uncommon trap: reason=unstable_if action=reinterpret pc=0x0000022d901f3b7c method=fp.n(Lka;Lka;Lka;ZB)V @ 4992 c2
Event: 23.830 Thread 0x0000022da347a000 Uncommon trap: reason=unstable_if action=reinterpret pc=0x0000022d8ff337f4 method=java.util.concurrent.locks.ReentrantLock$Sync.nonfairTryAcquire(I)Z @ 19 c2
Event: 23.830 Thread 0x0000022da347a000 Uncommon trap: reason=unstable_if action=reinterpret pc=0x0000022d8ff31a90 method=java.util.concurrent.locks.ReentrantLock$Sync.nonfairTryAcquire(I)Z @ 19 c2
Event: 24.711 Thread 0x0000022da347a000 Uncommon trap: reason=unstable_if action=reinterpret pc=0x0000022d901f9cb0 method=fp.n(Lka;Lka;Lka;ZB)V @ 6167 c2
Event: 24.730 Thread 0x0000022da347a000 Uncommon trap: reason=unstable_if action=reinterpret pc=0x0000022d90200398 method=fp.n(Lka;Lka;Lka;ZB)V @ 6167 c2

Classes redefined (0 events):
No events

Internal exceptions (10 events):
Event: 9.798 Thread 0x0000022da347b800 Exception <a 'java/lang/NoSuchMethodError'{0x000000070b76aba8}: java.lang.invoke.DirectMethodHandle$Holder.invokeStatic(Ljava/lang/Object;JJ)J> (0x000000070b76aba8) thrown at [t:/workspace/open/src/hotspot/share/interpreter/linkResolver.cpp, line 772]
Event: 9.799 Thread 0x0000022da347b800 Exception <a 'java/lang/NoSuchMethodError'{0x000000070b7700a0}: java.lang.invoke.DirectMethodHandle$Holder.invokeVirtual(Ljava/lang/Object;Ljava/lang/Object;)I> (0x000000070b7700a0) thrown at [t:/workspace/open/src/hotspot/share/interpreter/linkResolver.c
Event: 9.818 Thread 0x0000022da347b800 Exception <a 'java/lang/NoSuchMethodError'{0x000000070b6262b8}: java.lang.invoke.DirectMethodHandle$Holder.invokeStatic(Ljava/lang/Object;Ljava/lang/Object;IILjava/lang/Object;)Ljava/lang/Object;> (0x000000070b6262b8) thrown at [t:/workspace/open/src/hots
Event: 9.819 Thread 0x0000022da347b800 Exception <a 'java/lang/NoSuchMethodError'{0x000000070b629bf0}: java.lang.invoke.DirectMethodHandle$Holder.invokeSpecial(Ljava/lang/Object;Ljava/lang/Object;Ljava/lang/Object;IILjava/lang/Object;)Ljava/lang/Object;> (0x000000070b629bf0) thrown at [t:/work
Event: 9.819 Thread 0x0000022da347b800 Exception <a 'java/lang/NoSuchMethodError'{0x000000070b62cf38}: java.lang.invoke.Invokers$Holder.linkToTargetMethod(Ljava/lang/Object;IILjava/lang/Object;Ljava/lang/Object;)Ljava/lang/Object;> (0x000000070b62cf38) thrown at [t:/workspace/open/src/hotspot/
Event: 10.036 Thread 0x0000022da347b800 Exception <a 'java/lang/NoSuchMethodError'{0x000000070ae6a148}: java.lang.invoke.DirectMethodHandle$Holder.invokeSpecial(Ljava/lang/Object;Ljava/lang/Object;Ljava/lang/Object;Ljava/lang/Object;)I> (0x000000070ae6a148) thrown at [t:/workspace/open/src/hots
Event: 11.506 Thread 0x0000022dfbbc8800 Exception <a 'java/lang/NoSuchMethodError'{0x00000007100f86d0}: java.lang.invoke.DirectMethodHandle$Holder.invokeStaticInit(Ljava/lang/Object;Ljava/lang/Object;Ljava/lang/Object;)Ljava/lang/Object;> (0x00000007100f86d0) thrown at [t:/workspace/open/src/ho
Event: 11.506 Thread 0x0000022dfbbc8800 Exception <a 'java/lang/NoSuchMethodError'{0x000000070ff81d58}: java.lang.invoke.DirectMethodHandle$Holder.invokeStatic(Ljava/lang/Object;Ljava/lang/Object;Ljava/lang/Object;Ljava/lang/Object;Ljava/lang/Object;Ljava/lang/Object;)V> (0x000000070ff81d58) th
Event: 11.510 Thread 0x0000022da6d7d000 Implicit null exception at 0x0000022d9002d6f0 to 0x0000022d9002e29a
Event: 21.762 Thread 0x0000022da347b800 Implicit null exception at 0x0000022d8fffdc4b to 0x0000022d8fffde7a

Events (10 events):
Event: 24.712 Thread 0x0000022da347a000 DEOPT UNPACKING pc=0x0000022d88278fce sp=0x000000b3658be568 mode 0
Event: 24.730 Thread 0x0000022da347a000 Uncommon trap: trap_request=0xffffff4d fr.pc=0x0000022d90200398 relative=0x0000000000002e38
Event: 24.730 Thread 0x0000022da347a000 DEOPT PACKING pc=0x0000022d90200398 sp=0x000000b3658bf100
Event: 24.730 Thread 0x0000022da347a000 DEOPT UNPACKING pc=0x0000022d882791af sp=0x000000b3658bf068 mode 2
Event: 24.732 Thread 0x0000022da347a000 DEOPT PACKING pc=0x0000022d89af1015 sp=0x000000b3658beb20
Event: 24.732 Thread 0x0000022da347a000 DEOPT UNPACKING pc=0x0000022d88278fce sp=0x000000b3658be568 mode 0
Event: 24.763 Thread 0x0000022da347a000 DEOPT PACKING pc=0x0000022d89af1015 sp=0x000000b3658beb20
Event: 24.763 Thread 0x0000022da347a000 DEOPT UNPACKING pc=0x0000022d88278fce sp=0x000000b3658be568 mode 0
Event: 24.814 Thread 0x0000022da347a000 DEOPT PACKING pc=0x0000022d89af1015 sp=0x000000b3658beb20
Event: 24.814 Thread 0x0000022da347a000 DEOPT UNPACKING pc=0x0000022d88278fce sp=0x000000b3658be568 mode 0


Dynamic libraries:
0x00007ff7f0a30000 - 0x00007ff7f0a77000 	C:\Program Files\Java\jdk-11\bin\java.exe
0x00007ff9c74d0000 - 0x00007ff9c76b1000 	C:\WINDOWS\SYSTEM32\ntdll.dll
0x00007ff9c7330000 - 0x00007ff9c73e2000 	C:\WINDOWS\System32\KERNEL32.DLL
0x00007ff9c3ee0000 - 0x00007ff9c4153000 	C:\WINDOWS\System32\KERNELBASE.dll
0x00007ff9c5400000 - 0x00007ff9c54a1000 	C:\WINDOWS\System32\ADVAPI32.dll
0x00007ff9c5560000 - 0x00007ff9c55fe000 	C:\WINDOWS\System32\msvcrt.dll
0x00007ff9c5c50000 - 0x00007ff9c5cab000 	C:\WINDOWS\System32\sechost.dll
0x00007ff9c5b20000 - 0x00007ff9c5c44000 	C:\WINDOWS\System32\RPCRT4.dll
0x00007ff9c5ce0000 - 0x00007ff9c5e70000 	C:\WINDOWS\System32\USER32.dll
0x00007ff9c41b0000 - 0x00007ff9c41d0000 	C:\WINDOWS\System32\win32u.dll
0x00007ff9c4db0000 - 0x00007ff9c4dd8000 	C:\WINDOWS\System32\GDI32.dll
0x00007ff9c3900000 - 0x00007ff9c3a92000 	C:\WINDOWS\System32\gdi32full.dll
0x00007ff9c3aa0000 - 0x00007ff9c3b3f000 	C:\WINDOWS\System32\msvcp_win.dll
0x00007ff9c3de0000 - 0x00007ff9c3eda000 	C:\WINDOWS\System32\ucrtbase.dll
0x00007ff9a9020000 - 0x00007ff9a9289000 	C:\WINDOWS\WinSxS\amd64_microsoft.windows.common-controls_6595b64144ccf1df_6.0.17134.286_none_fb43982d306480cc\COMCTL32.dll
0x00007ff9c5660000 - 0x00007ff9c5983000 	C:\WINDOWS\System32\combase.dll
0x00007ff9bf7f0000 - 0x00007ff9bf7fa000 	C:\WINDOWS\SYSTEM32\VERSION.dll
0x00007ff9c41d0000 - 0x00007ff9c424a000 	C:\WINDOWS\System32\bcryptPrimitives.dll
0x00007ff9c5cb0000 - 0x00007ff9c5cdd000 	C:\WINDOWS\System32\IMM32.DLL
0x00007ff9c1a70000 - 0x00007ff9c1a86000 	C:\Program Files\Java\jdk-11\bin\vcruntime140.dll
0x00007ff9c19c0000 - 0x00007ff9c1a6a000 	C:\Program Files\Java\jdk-11\bin\msvcp140.dll
0x00007ff99a560000 - 0x00007ff99b0a2000 	C:\Program Files\Java\jdk-11\bin\server\jvm.dll
0x00007ff9c5550000 - 0x00007ff9c5558000 	C:\WINDOWS\System32\PSAPI.DLL
0x00007ff9bb910000 - 0x00007ff9bb919000 	C:\WINDOWS\SYSTEM32\WSOCK32.dll
0x00007ff9c51b0000 - 0x00007ff9c521c000 	C:\WINDOWS\System32\WS2_32.dll
0x00007ff9bbe90000 - 0x00007ff9bbeb3000 	C:\WINDOWS\SYSTEM32\WINMM.dll
0x00007ff9bbe60000 - 0x00007ff9bbe8a000 	C:\WINDOWS\SYSTEM32\WINMMBASE.dll
0x00007ff9c4160000 - 0x00007ff9c41a9000 	C:\WINDOWS\System32\cfgmgr32.dll
0x00007ff9c37e0000 - 0x00007ff9c37f1000 	C:\WINDOWS\System32\kernel.appcore.dll
0x00007ff9c1990000 - 0x00007ff9c19a1000 	C:\Program Files\Java\jdk-11\bin\verify.dll
0x00007ff9a2760000 - 0x00007ff9a2929000 	C:\WINDOWS\SYSTEM32\DBGHELP.DLL
0x00007ff9a5b10000 - 0x00007ff9a5b39000 	C:\WINDOWS\SYSTEM32\dbgcore.DLL
0x00007ff9c1960000 - 0x00007ff9c1989000 	C:\Program Files\Java\jdk-11\bin\java.dll
0x00007ff9bbe30000 - 0x00007ff9bbe5f000 	C:\Program Files\Java\jdk-11\bin\instrument.dll
0x00007ff9bfee0000 - 0x00007ff9bfef6000 	C:\Program Files\Java\jdk-11\bin\zip.dll
0x00007ff9c1950000 - 0x00007ff9c195a000 	C:\Program Files\Java\jdk-11\bin\jimage.dll
0x00007ff9c5e70000 - 0x00007ff9c72b0000 	C:\WINDOWS\System32\SHELL32.dll
0x00007ff9c73f0000 - 0x00007ff9c7499000 	C:\WINDOWS\System32\shcore.dll
0x00007ff9c4250000 - 0x00007ff9c495d000 	C:\WINDOWS\System32\windows.storage.dll
0x00007ff9c5310000 - 0x00007ff9c5361000 	C:\WINDOWS\System32\shlwapi.dll
0x00007ff9c3870000 - 0x00007ff9c388f000 	C:\WINDOWS\System32\profapi.dll
0x00007ff9c3820000 - 0x00007ff9c386c000 	C:\WINDOWS\System32\powrprof.dll
0x00007ff9c3890000 - 0x00007ff9c389a000 	C:\WINDOWS\System32\FLTLIB.DLL
0x00007ff9bbe10000 - 0x00007ff9bbe29000 	C:\Program Files\Java\jdk-11\bin\net.dll
0x00007ff9bd5d0000 - 0x00007ff9bd6ac000 	C:\WINDOWS\SYSTEM32\WINHTTP.dll
0x00007ff9c3060000 - 0x00007ff9c30c6000 	C:\WINDOWS\system32\mswsock.dll
0x00007ff9bbdf0000 - 0x00007ff9bbe03000 	C:\Program Files\Java\jdk-11\bin\nio.dll
0x00007ff9bbdd0000 - 0x00007ff9bbdea000 	C:\Program Files\JetBrains\IntelliJ IDEA Community Edition 2018.2\bin\breakgen64.dll
0x00007ff9bbd90000 - 0x00007ff9bbdb7000 	C:\Program Files\Java\jdk-11\bin\sunec.dll
0x00007ff9c3210000 - 0x00007ff9c3227000 	C:\WINDOWS\SYSTEM32\CRYPTSP.dll
0x00007ff9c2c40000 - 0x00007ff9c2c73000 	C:\WINDOWS\system32\rsaenh.dll
0x00007ff9c3340000 - 0x00007ff9c3365000 	C:\WINDOWS\SYSTEM32\bcrypt.dll
0x00007ff9c36e0000 - 0x00007ff9c3708000 	C:\WINDOWS\SYSTEM32\USERENV.dll
0x00007ff9c3230000 - 0x00007ff9c323b000 	C:\WINDOWS\SYSTEM32\CRYPTBASE.dll
0x00007ff9c2de0000 - 0x00007ff9c2e18000 	C:\WINDOWS\SYSTEM32\IPHLPAPI.DLL
0x00007ff9c5370000 - 0x00007ff9c5378000 	C:\WINDOWS\System32\NSI.dll
0x00007ff9bf760000 - 0x00007ff9bf776000 	C:\WINDOWS\SYSTEM32\dhcpcsvc6.DLL
0x00007ff9bf6e0000 - 0x00007ff9bf6fa000 	C:\WINDOWS\SYSTEM32\dhcpcsvc.DLL
0x00007ff9c2e20000 - 0x00007ff9c2ede000 	C:\WINDOWS\SYSTEM32\DNSAPI.dll
0x00007ff9bef70000 - 0x00007ff9bef7a000 	C:\Windows\System32\rasadhlp.dll
0x00007ff9bd710000 - 0x00007ff9bd782000 	C:\WINDOWS\System32\fwpuclnt.dll
0x00007ff9bbdc0000 - 0x00007ff9bbdcd000 	C:\Program Files\Java\jdk-11\bin\sunmscapi.dll
0x00007ff9c3b40000 - 0x00007ff9c3d22000 	C:\WINDOWS\System32\CRYPT32.dll
0x00007ff9c3800000 - 0x00007ff9c3812000 	C:\WINDOWS\System32\MSASN1.dll
0x00007ff9c3310000 - 0x00007ff9c3336000 	C:\WINDOWS\SYSTEM32\ncrypt.dll
0x00007ff9c32d0000 - 0x00007ff9c3306000 	C:\WINDOWS\SYSTEM32\NTASN1.dll
0x00007ff987bb0000 - 0x00007ff987d4f000 	C:\Program Files\Java\jdk-11\bin\awt.dll
0x00007ff9c4de0000 - 0x00007ff9c4ea2000 	C:\WINDOWS\System32\OLEAUT32.dll
0x00007ff9c0be0000 - 0x00007ff9c11a7000 	C:\WINDOWS\SYSTEM32\d2d1.dll
0x00007ff9c1aa0000 - 0x00007ff9c1b2b000 	C:\WINDOWS\SYSTEM32\apphelp.dll
0x00007ff9c1c20000 - 0x00007ff9c1cb8000 	C:\WINDOWS\system32\uxtheme.dll
0x00007ff9c59a0000 - 0x00007ff9c5b15000 	C:\WINDOWS\System32\MSCTF.dll
0x00007ff990160000 - 0x00007ff990177000 	C:\Program Files (x86)\LG Electronics\OnScreen Control\bin\ScreenSplitterHook642.dll
0x00007ff9c1eb0000 - 0x00007ff9c1ed9000 	C:\WINDOWS\system32\dwmapi.dll
0x00007ff9c4eb0000 - 0x00007ff9c5001000 	C:\WINDOWS\System32\ole32.dll
0x00007ff99bcc0000 - 0x00007ff99bd3f000 	C:\Program Files\Java\jdk-11\bin\mlib_image.dll
0x00007ff99a4e0000 - 0x00007ff99a560000 	C:\Program Files\Java\jdk-11\bin\freetype.dll
0x00007ff99a470000 - 0x00007ff99a4df000 	C:\Program Files\Java\jdk-11\bin\fontmanager.dll
0x00007ff98dd30000 - 0x00007ff98de50000 	C:\WINDOWS\system32\opengl32.dll
0x00007ff98dcc0000 - 0x00007ff98dcec000 	C:\WINDOWS\SYSTEM32\GLU32.dll
0x00007ff9bb0b0000 - 0x00007ff9bb247000 	C:\WINDOWS\system32\d3d9.dll
0x00007ff9a5a00000 - 0x00007ff9a5aeb000 	C:\WINDOWS\System32\DriverStore\FileRepository\nv_dispi.inf_amd64_040c7acb04cee565\nvldumdx.dll
0x00007ff9c38a0000 - 0x00007ff9c38f7000 	C:\WINDOWS\System32\WINTRUST.DLL
0x00007ff9c5380000 - 0x00007ff9c539d000 	C:\WINDOWS\System32\imagehlp.dll
0x00007ff961b10000 - 0x00007ff962d48000 	C:\WINDOWS\System32\DriverStore\FileRepository\nv_dispi.inf_amd64_040c7acb04cee565\nvd3dumx.dll
0x00007ff9a3610000 - 0x00007ff9a36d2000 	C:\Program Files (x86)\NVIDIA Corporation\3D Vision\nvSCPAPI64.dll
0x00007ff9c4960000 - 0x00007ff9c4dab000 	C:\WINDOWS\System32\SETUPAPI.dll
0x00007ff996fc0000 - 0x00007ff997249000 	C:\WINDOWS\system32\nvspcap64.dll
0x00007ff9c29e0000 - 0x00007ff9c2a11000 	C:\WINDOWS\SYSTEM32\ntmarta.dll
0x00007ff9c2520000 - 0x00007ff9c2542000 	C:\WINDOWS\SYSTEM32\gpapi.dll
0x00007ff9bf250000 - 0x00007ff9bf27e000 	C:\WINDOWS\SYSTEM32\cryptnet.dll
0x00007ff9c54b0000 - 0x00007ff9c5550000 	C:\WINDOWS\System32\clbcatq.dll
0x00007ff9a6b20000 - 0x00007ff9a6cce000 	C:\WINDOWS\SYSTEM32\WindowsCodecs.dll
0x00007ff98b2b0000 - 0x00007ff98b308000 	C:\WINDOWS\system32\dataexchange.dll
0x00007ff9c08d0000 - 0x00007ff9c0bdb000 	C:\WINDOWS\system32\d3d11.dll
0x00007ff9c11b0000 - 0x00007ff9c134c000 	C:\WINDOWS\system32\dcomp.dll
0x00007ff9c25a0000 - 0x00007ff9c265b000 	C:\WINDOWS\system32\dxgi.dll
0x00007ff9c1f40000 - 0x00007ff9c20f8000 	C:\WINDOWS\system32\twinapi.appcore.dll
0x00007ff9c1ee0000 - 0x00007ff9c1f01000 	C:\WINDOWS\system32\RMCLIENT.dll
0x00007ff99df80000 - 0x00007ff99e028000 	C:\WINDOWS\SYSTEM32\mscms.dll
0x00007ff99df70000 - 0x00007ff99df80000 	C:\WINDOWS\SYSTEM32\ColorAdapterClient.dll
0x00007ff972e90000 - 0x00007ff972ed3000 	C:\WINDOWS\SYSTEM32\icm32.dll
0x00007ff999290000 - 0x00007ff9992d2000 	C:\Users\Admin\AppData\Local\Temp\jna-63116079\jna6211874886379014203.dll
0x00007ff98fea0000 - 0x00007ff98ff3b000 	C:\Users\Admin\AppData\Local\Temp\jna-63116079\jna4531305828289407401.dll
0x00007ff99bc90000 - 0x00007ff99bcbd000 	C:\Program Files\Java\jdk-11\bin\javajpeg.dll
0x00007ff992e90000 - 0x00007ff992ecf000 	C:\Program Files\Java\jdk-11\bin\lcms.dll
0x00007ff9bfeb0000 - 0x00007ff9bfeb9000 	C:\Program Files\Java\jdk-11\bin\management.dll
0x00007ff9bdae0000 - 0x00007ff9bdaec000 	C:\Program Files\Java\jdk-11\bin\management_ext.dll
0x00007ff9bbd70000 - 0x00007ff9bbd82000 	C:\Program Files\Java\jdk-11\bin\jsound.dll
0x00007ff98ecc0000 - 0x00007ff98ed4f000 	C:\WINDOWS\SYSTEM32\DSOUND.dll
0x00007ff9bd870000 - 0x00007ff9bd8e6000 	C:\WINDOWS\System32\MMDevApi.dll
0x00007ff9bed40000 - 0x00007ff9beef4000 	C:\WINDOWS\System32\PROPSYS.dll
0x00007ff9c35f0000 - 0x00007ff9c3617000 	C:\WINDOWS\System32\DEVOBJ.dll
0x00007ff989660000 - 0x00007ff9896a4000 	C:\WINDOWS\SYSTEM32\wdmaud.drv
0x00007ff991650000 - 0x00007ff991659000 	C:\WINDOWS\SYSTEM32\ksuser.dll
0x00007ff9bb7e0000 - 0x00007ff9bb7ea000 	C:\WINDOWS\SYSTEM32\AVRT.dll
0x00007ff9a25b0000 - 0x00007ff9a26dc000 	C:\WINDOWS\SYSTEM32\AUDIOSES.DLL
0x00007ff9bf860000 - 0x00007ff9bf9ad000 	C:\WINDOWS\SYSTEM32\wintypes.dll
0x00007ff9915b0000 - 0x00007ff9915bd000 	C:\WINDOWS\SYSTEM32\msacm32.drv
0x00007ff9903a0000 - 0x00007ff9903bc000 	C:\WINDOWS\SYSTEM32\MSACM32.dll
0x00007ff990000000 - 0x00007ff99000a000 	C:\WINDOWS\SYSTEM32\midimap.dll
0x00007ff991490000 - 0x00007ff9915a4000 	C:\Windows\System32\Windows.UI.dll
0x00007ff992430000 - 0x00007ff9924c7000 	C:\Windows\System32\TextInputFramework.dll
0x00007ff991a70000 - 0x00007ff991ae9000 	C:\Windows\System32\InputHost.dll
0x00007ff9a5e90000 - 0x00007ff9a61ae000 	C:\Windows\System32\CoreUIComponents.dll
0x00007ff9c16e0000 - 0x00007ff9c17ba000 	C:\Windows\System32\CoreMessaging.dll

dbghelp: loaded successfully - version: 4.0.5 - missing functions: none
symbol engine: initialized successfully - sym options: 0x614 - pdb path: .;C:\Program Files\Java\jdk-11\bin;C:\WINDOWS\SYSTEM32;C:\WINDOWS\WinSxS\amd64_microsoft.windows.common-controls_6595b64144ccf1df_6.0.17134.286_none_fb43982d306480cc;C:\Program Files\Java\jdk-11\bin\server;C:\Program Files\JetBrains\IntelliJ IDEA Community Edition 2018.2\bin;C:\Program Files (x86)\LG Electronics\OnScreen Control\bin;C:\WINDOWS\System32\DriverStore\FileRepository\nv_dispi.inf_amd64_040c7acb04cee565;C:\Program Files (x86)\NVIDIA Corporation\3D Vision;C:\Users\Admin\AppData\Local\Temp\jna-63116079

VM Arguments:
jvm_args: -ea -DskipTests -Dsun.java2d.uiScale=1.5 -javaagent:C:\Program Files\JetBrains\IntelliJ IDEA Community Edition 2018.2\lib\idea_rt.jar=51052:C:\Program Files\JetBrains\IntelliJ IDEA Community Edition 2018.2\bin -Dfile.encoding=UTF-8 
java_command: net.runelite.client.RuneLite --debug --developer-mode
java_class_path (initial): C:\Users\Admin\runelite\runelite-client\target\classes;C:\Users\Admin\.m2\repository\org\slf4j\slf4j-api\1.7.25\slf4j-api-1.7.25.jar;C:\Users\Admin\.m2\repository\ch\qos\logback\logback-classic\1.2.3\logback-classic-1.2.3.jar;C:\Users\Admin\.m2\repository\ch\qos\logback\logback-core\1.2.3\logback-core-1.2.3.jar;C:\Users\Admin\.m2\repository\net\sf\jopt-simple\jopt-simple\5.0.1\jopt-simple-5.0.1.jar;C:\Users\Admin\.m2\repository\com\google\guava\guava\23.2-jre\guava-23.2-jre.jar;C:\Users\Admin\.m2\repository\com\google\code\findbugs\jsr305\1.3.9\jsr305-1.3.9.jar;C:\Users\Admin\.m2\repository\com\google\errorprone\error_prone_annotations\2.0.18\error_prone_annotations-2.0.18.jar;C:\Users\Admin\.m2\repository\com\google\j2objc\j2objc-annotations\1.1\j2objc-annotations-1.1.jar;C:\Users\Admin\.m2\repository\org\codehaus\mojo\animal-sniffer-annotations\1.14\animal-sniffer-annotations-1.14.jar;C:\Users\Admin\.m2\repository\com\google\inject\guice\4.1.0\guice-4.1.0-no_aop.jar;C:\Users\Admin\.m2\repository\javax\inject\javax.inject\1\javax.inject-1.jar;C:\Users\Admin\.m2\repository\aopalliance\aopalliance\1.0\aopalliance-1.0.jar;C:\Users\Admin\.m2\repository\com\google\code\gson\gson\2.8.5\gson-2.8.5.jar;C:\Users\Admin\.m2\repository\net\runelite\pushingpixels\substance\8.0.02\substance-8.0.02.jar;C:\Users\Admin\.m2\repository\net\runelite\pushingpixels\trident\1.5.00\trident-1.5.00.jar;C:\Users\Admin\.m2\repository\org\apache\commons\commons-text\1.2\commons-text-1.2.jar;C:\Users\Admin\.m2\repository\org\apache\commons\commons-lang3\3.7\commons-lang3-3.7.jar;C:\Users\Admin\runelite\runelite-api\target\classes;C:\Users\Admin\runelite\runescape-api\target\classes;C:\Users\Admin\.m2\repository\net\runelite\injected-client\1.4.21-SNAPSHOT\injected-client-1.4.21-20181004.130945-5.jar;C:\Users\Admin\runelite\http-api\target\classes;C:\Users\Admin\.m2\repository\com\squareup\okhttp3\okhttp\3.7.0\okhttp-3.7.0.jar;C:\Users\Admin\.m2\repository\com\square
Launcher Type: SUN_STANDARD

[Global flags]
     intx CICompilerCount                          = 3                                         {product} {ergonomic}
     uint ConcGCThreads                            = 1                                         {product} {ergonomic}
     uint G1ConcRefinementThreads                  = 4                                         {product} {ergonomic}
   size_t G1HeapRegionSize                         = 1048576                                   {product} {ergonomic}
    uintx GCDrainStackTargetSize                   = 64                                        {product} {ergonomic}
   size_t InitialHeapSize                          = 268435456                                 {product} {ergonomic}
   size_t MarkStackSize                            = 4194304                                   {product} {ergonomic}
   size_t MaxHeapSize                              = 4263510016                                {product} {ergonomic}
   size_t MaxNewSize                               = 2557476864                                {product} {ergonomic}
   size_t MinHeapDeltaBytes                        = 1048576                                   {product} {ergonomic}
    uintx NonNMethodCodeHeapSize                   = 5830092                                {pd product} {ergonomic}
    uintx NonProfiledCodeHeapSize                  = 122914074                              {pd product} {ergonomic}
    uintx ProfiledCodeHeapSize                     = 122914074                              {pd product} {ergonomic}
    uintx ReservedCodeCacheSize                    = 251658240                              {pd product} {ergonomic}
     bool SegmentedCodeCache                       = true                                      {product} {ergonomic}
     bool UseCompressedClassPointers               = true                                 {lp64_product} {ergonomic}
     bool UseCompressedOops                        = true                                 {lp64_product} {ergonomic}
     bool UseG1GC                                  = true                                      {product} {ergonomic}
     bool UseLargePagesIndividualAllocation        = false                                  {pd product} {ergonomic}

Logging:
Log output configuration:
 #0: stdout all=warning uptime,level,tags
 #1: stderr all=off uptime,level,tags

Environment Variables:
JAVA_HOME=C:\Program Files\Java\jre1.8.0_181
PATH=C:\ProgramData\Oracle\Java\javapath;C:\Program Files (x86)\NVIDIA Corporation\PhysX\Common;C:\WINDOWS\system32;C:\WINDOWS;C:\WINDOWS\System32\Wbem;C:\WINDOWS\System32\WindowsPowerShell\v1.0\;C:\Program Files\Git\cmd;C:\Program Files\Microsoft SQL Server\Client SDK\ODBC\110\Tools\Binn\;C:\Program Files (x86)\Microsoft SQL Server\120\Tools\Binn\;C:\Program Files\Microsoft SQL Server\120\Tools\Binn\;C:\Program Files\Microsoft SQL Server\120\DTS\Binn\;C:\Program Files (x86)\Windows Kits\8.1\Windows Performance Toolkit\;C:\Users\Admin\AppData\Local\Microsoft\WindowsApps;C:\adb;C:\Program Files\doxygen\bin;C:\WINDOWS\system32;C:\WINDOWS;C:\WINDOWS\System32\Wbem;C:\WINDOWS\System32\WindowsPowerShell\v1.0\;C:\WINDOWS\System32\OpenSSH\;C:\Gradle\gradle-4.10\bin;C:\Users\Admin\AppData\Local\Microsoft\WindowsApps;C:\Users\Admin\AppData\Local\atom\bin;%USERPROFILE%\AppData\Local\Microsoft\WindowsApps;C:\Users\Admin\AppData\Local\Programs\MiKTeX 2.9\miktex\bin\x64\
USERNAME=Admin
OS=Windows_NT
PROCESSOR_IDENTIFIER=Intel64 Family 6 Model 60 Stepping 3, GenuineIntel



---------------  S Y S T E M  ---------------

OS: Windows 10 , 64 bit Build 17134 (10.0.17134.1)

CPU:total 4 (initial active 4) (4 cores per cpu, 1 threads per core) family 6 model 60 stepping 3, cmov, cx8, fxsr, mmx, sse, sse2, sse3, ssse3, sse4.1, sse4.2, popcnt, avx, avx2, aes, clmul, erms, lzcnt, tsc, tscinvbit, bmi1, bmi2, fma

Memory: 4k page, system-wide physical 16259M (8392M free)
TotalPageFile size 24963M (AvailPageFile size 13444M)
current process WorkingSet (physical memory assigned to process): 432M, peak: 454M
current process commit charge ("private bytes"): 530M, peak: 555M

vm_info: Java HotSpot(TM) 64-Bit Server VM (11+28) for windows-amd64 JRE (11+28), built on Aug 23 2018 03:03:59 by "mach5one" with MS VC++ 15.5 (VS2017)

END.
